#
# A fatal error has been detected by the Java Runtime Environment:
#
#  EXCEPTION_ACCESS_VIOLATION (0xc0000005) at pc=0x000000006eef010f, pid=5020, tid=7260
#
# JRE version: Java(TM) SE Runtime Environment (7.0_79-b15) (build 1.7.0_79-b15)
# Java VM: Java HotSpot(TM) 64-Bit Server VM (24.79-b02 mixed mode windows-amd64 compressed oops)
# Problematic frame:
# C  0x000000006eef010f
#
# Failed to write core dump. Minidumps are not enabled by default on client versions of Windows
#
# If you would like to submit a bug report, please visit:
#   http://bugreport.java.com/bugreport/crash.jsp
# The crash happened outside the Java Virtual Machine in native code.
# See problematic frame for where to report the bug.
#

---------------  T H R E A D  ---------------

Current thread (0x000000001107a800):  JavaThread "JavaFX Application Thread" [_thread_in_native, id=7260, stack(0x0000000011fa0000,0x00000000120a0000)]

siginfo: ExceptionCode=0xc0000005, reading address 0x000000000000000c

Registers:
RAX=0x0000000000000000, RBX=0x000000001d138de0, RCX=0x00000000164b0fc0, RDX=0x0000000000000000
RSP=0x000000001209aef0, RBP=0x00000000164b0fc0, RSI=0x0000000000000000, RDI=0x000000001d138de0
R8 =0x0000000000000028, R9 =0x0000000000000001, R10=0x0000000000000000, R11=0x00000000ffffffff
R12=0x0000000000000001, R13=0x0000000000000000, R14=0x0000000000000000, R15=0x0000000000000000
RIP=0x000000006eef010f, EFLAGS=0x0000000000010246

Top of Stack: (sp=0x000000001209aef0)
0x000000001209aef0:   0000000000000000 0000000000000000
0x000000001209af00:   000000001209aee0 0000000000000002
0x000000001209af10:   0000000000000000 ffffffffffffffff
0x000000001209af20:   0000000016459120 00007ffe03fbffa2
0x000000001209af30:   0000000016459118 000000001209af99
0x000000001209af40:   0000000000000000 0000000067bff83e
0x000000001209af50:   0000000000000002 000000001209b100
0x000000001209af60:   3ff0000000000000 000d989800000000
0x000000001209af70:   00000000002fd000 000000001209b168
0x000000001209af80:   0000000600000001 000000001107a800
0x000000001209af90:   000000001107a800 00000000000004b0
0x000000001209afa0:   00000006498285b3 00000007adc148a0
0x000000001209afb0:   0000f56d7b6d7e6a 00000000024f9a7d
0x000000001209afc0:   0000000000000000 0000000000000003
0x000000001209afd0:   00000006fed4c550 0000000000000000
0x000000001209afe0:   00000000000007d0 0000000016459101 

Instructions: (pc=0x000000006eef010f)
0x000000006eef00ef:   e3 f2 4c 0f 2c cc e9 00 fd ff ff 66 0f 1f 44 00
0x000000006eef00ff:   00 48 8b 95 28 51 00 00 f2 0f 10 8b 00 01 00 00
0x000000006eef010f:   44 8b 52 0c 44 8b 3a f3 0f 10 92 84 00 00 00 41
0x000000006eef011f:   8d 42 ff 83 f8 01 48 8b 85 30 51 00 00 41 0f 96 


Register to memory mapping:

RAX=0x0000000000000000 is an unknown value
RBX=0x000000001d138de0 is an unknown value
RCX=0x00000000164b0fc0 is an unknown value
RDX=0x0000000000000000 is an unknown value
RSP=0x000000001209aef0 is pointing into the stack for thread: 0x000000001107a800
RBP=0x00000000164b0fc0 is an unknown value
RSI=0x0000000000000000 is an unknown value
RDI=0x000000001d138de0 is an unknown value
R8 =0x0000000000000028 is an unknown value
R9 =0x0000000000000001 is an unknown value
R10=0x0000000000000000 is an unknown value
R11=0x00000000ffffffff is an unknown value
R12=0x0000000000000001 is an unknown value
R13=0x0000000000000000 is an unknown value
R14=0x0000000000000000 is an unknown value
R15=0x0000000000000000 is an unknown value


Stack: [0x0000000011fa0000,0x00000000120a0000],  sp=0x000000001209aef0,  free space=1003k
Native frames: (J=compiled Java code, j=interpreted, Vv=VM code, C=native code)
C  0x000000006eef010f

Java frames: (J=compiled Java code, j=interpreted, Vv=VM code)
j  com.xuggle.xuggler.XugglerJNI.IStreamCoder_encodeVideo(JLcom/xuggle/xuggler/IStreamCoder;JLcom/xuggle/xuggler/IPacket;JLcom/xuggle/xuggler/IVideoPicture;I)I+0
j  com.xuggle.xuggler.IStreamCoder.encodeVideo(Lcom/xuggle/xuggler/IPacket;Lcom/xuggle/xuggler/IVideoPicture;I)I+16
j  com.xuggle.mediatool.MediaWriter.flush()V+130
j  com.xuggle.mediatool.MediaWriter.close()V+1
j  lecturus.main.VideoAudioRecorder.toggleRecord()V+32
j  lecturus.main.RecordSessionController.startRecordingBtnAction(Ljavafx/event/ActionEvent;)V+4
v  ~StubRoutines::call_stub
j  sun.reflect.NativeMethodAccessorImpl.invoke0(Ljava/lang/reflect/Method;Ljava/lang/Object;[Ljava/lang/Object;)Ljava/lang/Object;+0
j  sun.reflect.NativeMethodAccessorImpl.invoke(Ljava/lang/Object;[Ljava/lang/Object;)Ljava/lang/Object;+87
j  sun.reflect.DelegatingMethodAccessorImpl.invoke(Ljava/lang/Object;[Ljava/lang/Object;)Ljava/lang/Object;+6
j  java.lang.reflect.Method.invoke(Ljava/lang/Object;[Ljava/lang/Object;)Ljava/lang/Object;+57
j  sun.reflect.misc.Trampoline.invoke(Ljava/lang/reflect/Method;Ljava/lang/Object;[Ljava/lang/Object;)Ljava/lang/Object;+7
j  sun.reflect.GeneratedMethodAccessor1.invoke(Ljava/lang/Object;[Ljava/lang/Object;)Ljava/lang/Object;+40
j  sun.reflect.DelegatingMethodAccessorImpl.invoke(Ljava/lang/Object;[Ljava/lang/Object;)Ljava/lang/Object;+6
j  java.lang.reflect.Method.invoke(Ljava/lang/Object;[Ljava/lang/Object;)Ljava/lang/Object;+57
j  sun.reflect.misc.MethodUtil.invoke(Ljava/lang/reflect/Method;Ljava/lang/Object;[Ljava/lang/Object;)Ljava/lang/Object;+20
j  javafx.fxml.FXMLLoader$ControllerMethodEventHandler.handle(Ljavafx/event/Event;)V+23
j  com.sun.javafx.event.CompositeEventHandler.dispatchBubblingEvent(Ljavafx/event/Event;)V+62
j  com.sun.javafx.event.EventHandlerManager.dispatchBubblingEvent(Ljavafx/event/EventType;Ljavafx/event/Event;)Ljavafx/event/Event;+29
j  com.sun.javafx.event.EventHandlerManager.dispatchBubblingEvent(Ljavafx/event/Event;)Ljavafx/event/Event;+8
j  com.sun.javafx.event.CompositeEventDispatcher.dispatchBubblingEvent(Ljavafx/event/Event;)Ljavafx/event/Event;+11
j  com.sun.javafx.event.BasicEventDispatcher.dispatchEvent(Ljavafx/event/Event;Ljavafx/event/EventDispatchChain;)Ljavafx/event/Event;+29
j  com.sun.javafx.event.EventDispatchChainImpl.dispatchEvent(Ljavafx/event/Event;)Ljavafx/event/Event;+69
j  com.sun.javafx.event.BasicEventDispatcher.dispatchEvent(Ljavafx/event/Event;Ljavafx/event/EventDispatchChain;)Ljavafx/event/Event;+17
j  com.sun.javafx.event.EventDispatchChainImpl.dispatchEvent(Ljavafx/event/Event;)Ljavafx/event/Event;+69
j  com.sun.javafx.event.BasicEventDispatcher.dispatchEvent(Ljavafx/event/Event;Ljavafx/event/EventDispatchChain;)Ljavafx/event/Event;+17
j  com.sun.javafx.event.EventDispatchChainImpl.dispatchEvent(Ljavafx/event/Event;)Ljavafx/event/Event;+69
j  com.sun.javafx.event.EventUtil.fireEventImpl(Ljavafx/event/EventDispatchChain;Ljavafx/event/EventTarget;Ljavafx/event/Event;)Ljavafx/event/Event;+10
j  com.sun.javafx.event.EventUtil.fireEvent(Ljavafx/event/EventTarget;Ljavafx/event/Event;)Ljavafx/event/Event;+37
j  javafx.event.Event.fireEvent(Ljavafx/event/EventTarget;Ljavafx/event/Event;)V+30
j  javafx.scene.Node.fireEvent(Ljavafx/event/Event;)V+86
j  javafx.scene.control.Button.fire()V+8
j  com.sun.javafx.scene.control.behavior.ButtonBehavior.mouseReleased(Ljavafx/scene/input/MouseEvent;)V+23
j  com.sun.javafx.scene.control.skin.SkinBase$4.handle(Ljavafx/scene/input/MouseEvent;)V+83
j  com.sun.javafx.scene.control.skin.SkinBase$4.handle(Ljavafx/event/Event;)V+5
j  com.sun.javafx.event.CompositeEventHandler.dispatchBubblingEvent(Ljavafx/event/Event;)V+42
j  com.sun.javafx.event.EventHandlerManager.dispatchBubblingEvent(Ljavafx/event/EventType;Ljavafx/event/Event;)Ljavafx/event/Event;+29
j  com.sun.javafx.event.EventHandlerManager.dispatchBubblingEvent(Ljavafx/event/Event;)Ljavafx/event/Event;+8
j  com.sun.javafx.event.CompositeEventDispatcher.dispatchBubblingEvent(Ljavafx/event/Event;)Ljavafx/event/Event;+11
j  com.sun.javafx.event.BasicEventDispatcher.dispatchEvent(Ljavafx/event/Event;Ljavafx/event/EventDispatchChain;)Ljavafx/event/Event;+29
j  com.sun.javafx.event.EventDispatchChainImpl.dispatchEvent(Ljavafx/event/Event;)Ljavafx/event/Event;+69
j  com.sun.javafx.event.BasicEventDispatcher.dispatchEvent(Ljavafx/event/Event;Ljavafx/event/EventDispatchChain;)Ljavafx/event/Event;+17
j  com.sun.javafx.event.EventDispatchChainImpl.dispatchEvent(Ljavafx/event/Event;)Ljavafx/event/Event;+69
j  com.sun.javafx.event.BasicEventDispatcher.dispatchEvent(Ljavafx/event/Event;Ljavafx/event/EventDispatchChain;)Ljavafx/event/Event;+17
j  com.sun.javafx.event.EventDispatchChainImpl.dispatchEvent(Ljavafx/event/Event;)Ljavafx/event/Event;+69
j  com.sun.javafx.event.BasicEventDispatcher.dispatchEvent(Ljavafx/event/Event;Ljavafx/event/EventDispatchChain;)Ljavafx/event/Event;+17
j  com.sun.javafx.event.EventDispatchChainImpl.dispatchEvent(Ljavafx/event/Event;)Ljavafx/event/Event;+69
j  com.sun.javafx.event.EventUtil.fireEventImpl(Ljavafx/event/EventDispatchChain;Ljavafx/event/EventTarget;Ljavafx/event/Event;)Ljavafx/event/Event;+10
j  com.sun.javafx.event.EventUtil.fireEvent(Ljavafx/event/EventTarget;Ljavafx/event/Event;)Ljavafx/event/Event;+46
j  javafx.event.Event.fireEvent(Ljavafx/event/EventTarget;Ljavafx/event/Event;)V+30
j  javafx.scene.Scene$MouseHandler.process(Ljavafx/scene/input/MouseEvent;Z)V+405
j  javafx.scene.Scene$MouseHandler.process(Ljavafx/scene/input/MouseEvent;)V+3
j  javafx.scene.Scene$MouseHandler.access$1900(Ljavafx/scene/Scene$MouseHandler;Ljavafx/scene/input/MouseEvent;)V+2
j  javafx.scene.Scene.impl_processMouseEvent(Ljavafx/scene/input/MouseEvent;)V+16
j  javafx.scene.Scene$ScenePeerListener.mouseEvent(Ljava/lang/Object;)V+11
j  com.sun.javafx.tk.quantum.GlassViewEventHandler$MouseEventNotification.run()Ljava/lang/Void;+329
j  com.sun.javafx.tk.quantum.GlassViewEventHandler$MouseEventNotification.run()Ljava/lang/Object;+1
v  ~StubRoutines::call_stub
j  java.security.AccessController.doPrivileged(Ljava/security/PrivilegedAction;Ljava/security/AccessControlContext;)Ljava/lang/Object;+0
j  com.sun.javafx.tk.quantum.GlassViewEventHandler.handleMouseEvent(Lcom/sun/glass/ui/View;JIIIIIIIIZZ)V+117
j  com.sun.glass.ui.View.handleMouseEvent(JIIIIIIIIZZ)V+38
j  com.sun.glass.ui.View.notifyMouse(IIIIIIIZZ)V+184
v  ~StubRoutines::call_stub
j  com.sun.glass.ui.win.WinApplication._runLoop([Ljava/lang/String;Lcom/sun/glass/ui/Launchable;)V+0
j  com.sun.glass.ui.win.WinApplication.access$100(Lcom/sun/glass/ui/win/WinApplication;[Ljava/lang/String;Lcom/sun/glass/ui/Launchable;)V+3
j  com.sun.glass.ui.win.WinApplication$3$1.run()V+32
j  java.lang.Thread.run()V+11
v  ~StubRoutines::call_stub

---------------  P R O C E S S  ---------------

Java Threads: ( => current thread )
  0x0000000016c55800 JavaThread "Java Sound Event Dispatcher" daemon [_thread_blocked, id=1364, stack(0x000000001a9d0000,0x000000001aad0000)]
  0x0000000016c52800 JavaThread "webcam-updater-thread-1" daemon [_thread_blocked, id=14756, stack(0x000000001a6d0000,0x000000001a7d0000)]
  0x0000000016c51000 JavaThread "frames-refresher-[0]" daemon [_thread_blocked, id=11188, stack(0x000000001a5d0000,0x000000001a6d0000)]
  0x0000000016c4f800 JavaThread "webcam-lock-[TOSHIBA Web Camera - HD 0]" daemon [_thread_blocked, id=11472, stack(0x000000001a0d0000,0x000000001a1d0000)]
  0x0000000016c52000 JavaThread "webcam-discovery-service" daemon [_thread_blocked, id=4164, stack(0x0000000019fd0000,0x000000001a0d0000)]
  0x0000000016c56800 JavaThread "atomic-processor-1" daemon [_thread_in_native, id=3364, stack(0x0000000019ed0000,0x0000000019fd0000)]
  0x0000000016c55000 JavaThread "Prism Font Disposer" daemon [_thread_blocked, id=6872, stack(0x0000000019cd0000,0x0000000019dd0000)]
  0x0000000016c53800 JavaThread "org.netbeans.modules.debugger.jpda.visual AWT Access Loop" daemon [_thread_blocked, id=12528, stack(0x0000000019bd0000,0x0000000019cd0000)]
  0x0000000016c54000 JavaThread "Swing-Shell" daemon [_thread_blocked, id=15288, stack(0x0000000018e80000,0x0000000018f80000)]
  0x000000001691d000 JavaThread "AWT-Windows" daemon [_thread_in_native, id=10268, stack(0x00000000182f0000,0x00000000183f0000)]
  0x0000000016ca0000 JavaThread "Java2D Disposer" daemon [_thread_blocked, id=11116, stack(0x00000000180f0000,0x00000000181f0000)]
  0x0000000011062000 JavaThread "Thread-3" daemon [_thread_in_native, id=11416, stack(0x0000000016740000,0x0000000016840000)]
=>0x000000001107a800 JavaThread "JavaFX Application Thread" [_thread_in_native, id=7260, stack(0x0000000011fa0000,0x00000000120a0000)]
  0x00000000110b3800 JavaThread "Thread-2" daemon [_thread_blocked, id=10700, stack(0x0000000011ea0000,0x0000000011fa0000)]
  0x0000000010fe0800 JavaThread "Disposer" daemon [_thread_blocked, id=13172, stack(0x0000000011da0000,0x0000000011ea0000)]
  0x0000000010fd2000 JavaThread "QuantumRenderer-0" daemon [_thread_blocked, id=12636, stack(0x0000000011b70000,0x0000000011c70000)]
  0x0000000010fdf800 JavaThread "JavaFX-Launcher" [_thread_blocked, id=14724, stack(0x0000000011a70000,0x0000000011b70000)]
  0x0000000010ff2800 JavaThread "traceMsgQueueThread" daemon [_thread_blocked, id=8996, stack(0x0000000011210000,0x0000000011310000)]
  0x000000000f1da800 JavaThread "Service Thread" daemon [_thread_blocked, id=13608, stack(0x0000000010c10000,0x0000000010d10000)]
  0x000000000f1d1000 JavaThread "C2 CompilerThread1" daemon [_thread_blocked, id=7888, stack(0x0000000010b10000,0x0000000010c10000)]
  0x000000000f1cc000 JavaThread "C2 CompilerThread0" daemon [_thread_blocked, id=12804, stack(0x0000000010a10000,0x0000000010b10000)]
  0x000000000f1bb800 JavaThread "JDWP Command Reader" daemon [_thread_in_native, id=10168, stack(0x0000000010910000,0x0000000010a10000)]
  0x000000000f1b8000 JavaThread "JDWP Event Helper Thread" daemon [_thread_blocked, id=11336, stack(0x0000000010810000,0x0000000010910000)]
  0x000000000f1aa800 JavaThread "JDWP Transport Listener: dt_shmem" daemon [_thread_blocked, id=13232, stack(0x0000000010710000,0x0000000010810000)]
  0x000000000f1a3800 JavaThread "Attach Listener" daemon [_thread_blocked, id=11380, stack(0x0000000010610000,0x0000000010710000)]
  0x000000000f1a0800 JavaThread "Signal Dispatcher" daemon [_thread_blocked, id=10928, stack(0x0000000010510000,0x0000000010610000)]
  0x000000000f16a000 JavaThread "Finalizer" daemon [_thread_blocked, id=12572, stack(0x0000000010410000,0x0000000010510000)]
  0x000000000f166800 JavaThread "Reference Handler" daemon [_thread_blocked, id=6600, stack(0x0000000010310000,0x0000000010410000)]
  0x00000000023e2800 JavaThread "main" [_thread_blocked, id=13704, stack(0x00000000022e0000,0x00000000023e0000)]

Other Threads:
  0x000000000f162800 VMThread [stack: 0x0000000010210000,0x0000000010310000] [id=11224]
  0x000000000f1e5800 WatcherThread [stack: 0x0000000010d10000,0x0000000010e10000] [id=4252]

VM state:not at safepoint (normal execution)

VM Mutex/Monitor currently owned by a thread: None

Heap
 PSYoungGen      total 75776K, used 53601K [0x00000007ab800000, 0x00000007b0c80000, 0x0000000800000000)
  eden space 65024K, 72% used [0x00000007ab800000,0x00000007ae5e93f8,0x00000007af780000)
  from space 10752K, 61% used [0x00000007af780000,0x00000007afdef370,0x00000007b0200000)
  to   space 10752K, 0% used [0x00000007b0200000,0x00000007b0200000,0x00000007b0c80000)
 ParOldGen       total 173056K, used 8K [0x0000000702800000, 0x000000070d100000, 0x00000007ab800000)
  object space 173056K, 0% used [0x0000000702800000,0x0000000702802000,0x000000070d100000)
 PSPermGen       total 25088K, used 24776K [0x00000006fd600000, 0x00000006fee80000, 0x0000000702800000)
  object space 25088K, 98% used [0x00000006fd600000,0x00000006fee32330,0x00000006fee80000)

Card table byte_map: [0x00000000054e0000,0x0000000005d00000] byte_map_base: 0x0000000001cf5000

Polling page: 0x0000000000450000

Code Cache  [0x00000000024e0000, 0x0000000002750000, 0x00000000054e0000)
 total_blobs=927 nmethods=207 adapters=680 free_code_cache=47809Kb largest_free_block=48899776

Compilation events (10 events):
Event: 61.613 Thread 0x000000000f1d1000  212             java.util.Arrays::binarySearch0 (95 bytes)
Event: 61.618 Thread 0x000000000f1d1000 nmethod 212 0x0000000002620c10 code [0x0000000002620d60, 0x0000000002621198]
Event: 62.151 Thread 0x000000000f1cc000  213             com.sun.javafx.geom.transform.GeneralTransform3D::get (34 bytes)
Event: 62.152 Thread 0x000000000f1d1000  214             java.lang.StrictMath::floor (12 bytes)
Event: 62.152 Thread 0x000000000f1cc000 nmethod 213 0x000000000254c990 code [0x000000000254cac0, 0x000000000254cb98]
Event: 62.152 Thread 0x000000000f1d1000 nmethod 214 0x000000000261db10 code [0x000000000261dc80, 0x000000000261dd58]
Event: 62.775 Thread 0x000000000f1cc000  215             java.lang.Math::floor (5 bytes)
Event: 62.775 Thread 0x000000000f1cc000 nmethod 215 0x000000000261d7d0 code [0x000000000261d940, 0x000000000261da18]
Event: 62.946 Thread 0x000000000f1d1000  216             java.lang.ref.Reference::<init> (25 bytes)
Event: 62.947 Thread 0x000000000f1d1000 nmethod 216 0x00000000025ac0d0 code [0x00000000025ac200, 0x00000000025ac2b8]

GC Heap History (2 events):
Event: 59.291 GC heap before
{Heap before GC invocations=1 (full 0):
 PSYoungGen      total 75776K, used 64953K [0x00000007ab800000, 0x00000007b0c80000, 0x0000000800000000)
  eden space 65024K, 99% used [0x00000007ab800000,0x00000007af76e430,0x00000007af780000)
  from space 10752K, 0% used [0x00000007b0200000,0x00000007b0200000,0x00000007b0c80000)
  to   space 10752K, 0% used [0x00000007af780000,0x00000007af780000,0x00000007b0200000)
 ParOldGen       total 173056K, used 0K [0x0000000702800000, 0x000000070d100000, 0x00000007ab800000)
  object space 173056K, 0% used [0x0000000702800000,0x0000000702800000,0x000000070d100000)
 PSPermGen       total 24064K, used 23705K [0x00000006fd600000, 0x00000006fed80000, 0x0000000702800000)
  object space 24064K, 98% used [0x00000006fd600000,0x00000006fed26418,0x00000006fed80000)
Event: 59.302 GC heap after
Heap after GC invocations=1 (full 0):
 PSYoungGen      total 75776K, used 6588K [0x00000007ab800000, 0x00000007b0c80000, 0x0000000800000000)
  eden space 65024K, 0% used [0x00000007ab800000,0x00000007ab800000,0x00000007af780000)
  from space 10752K, 61% used [0x00000007af780000,0x00000007afdef370,0x00000007b0200000)
  to   space 10752K, 0% used [0x00000007b0200000,0x00000007b0200000,0x00000007b0c80000)
 ParOldGen       total 173056K, used 8K [0x0000000702800000, 0x000000070d100000, 0x00000007ab800000)
  object space 173056K, 0% used [0x0000000702800000,0x0000000702802000,0x000000070d100000)
 PSPermGen       total 24064K, used 23705K [0x00000006fd600000, 0x00000006fed80000, 0x0000000702800000)
  object space 24064K, 98% used [0x00000006fd600000,0x00000006fed26418,0x00000006fed80000)
}

Deoptimization events (10 events):
Event: 44.341 Thread 0x000000001107a800 Uncommon trap: reason=null_check action=make_not_entrant pc=0x00000000025c83f8 method=com.sun.javafx.css.SimpleSelector.mightApply(Ljava/lang/String;Ljava/lang/String;Ljava/util/List;)Z @ 29
Event: 44.806 Thread 0x000000001107a800 Uncommon trap: reason=predicate action=maybe_recompile pc=0x00000000025d6a18 method=java.util.Arrays.fill([Ljava/lang/Object;Ljava/lang/Object;)V @ 10
Event: 45.958 Thread 0x000000001107a800 Uncommon trap: reason=array_check action=maybe_recompile pc=0x00000000025e0e84 method=java.util.Arrays.fill([Ljava/lang/Object;Ljava/lang/Object;)V @ 13
Event: 45.958 Thread 0x000000001107a800 Uncommon trap: reason=array_check action=maybe_recompile pc=0x00000000025e0e84 method=java.util.Arrays.fill([Ljava/lang/Object;Ljava/lang/Object;)V @ 13
Event: 45.958 Thread 0x000000001107a800 Uncommon trap: reason=array_check action=maybe_recompile pc=0x00000000025e0e84 method=java.util.Arrays.fill([Ljava/lang/Object;Ljava/lang/Object;)V @ 13
Event: 45.974 Thread 0x000000001107a800 Uncommon trap: reason=array_check action=maybe_recompile pc=0x00000000025e0e84 method=java.util.Arrays.fill([Ljava/lang/Object;Ljava/lang/Object;)V @ 13
Event: 59.308 Thread 0x000000000f16a000 Uncommon trap: reason=unreached action=reinterpret pc=0x0000000002604538 method=java.lang.ref.ReferenceQueue.poll()Ljava/lang/ref/Reference; @ 4
Event: 59.308 Thread 0x000000000f16a000 Uncommon trap: reason=unreached action=reinterpret pc=0x00000000025d7014 method=java.lang.ref.ReferenceQueue.poll()Ljava/lang/ref/Reference; @ 4
Event: 61.437 Thread 0x0000000016c50800 Uncommon trap: reason=bimorphic action=maybe_recompile pc=0x00000000025b0ac0 method=java.util.Collections$UnmodifiableCollection.size()I @ 4
Event: 61.483 Thread 0x0000000016c50800 Uncommon trap: reason=unreached action=reinterpret pc=0x000000000262ac34 method=java.awt.image.ComponentSampleModel.getDataElements(IILjava/lang/Object;Ljava/awt/image/DataBuffer;)Ljava/lang/Object; @ 101

Internal exceptions (10 events):
Event: 54.585 Thread 0x0000000016c56800 Threw 0x00000007aefa7108 at C:\re\jdk7u79\2331\hotspot\src\share\vm\interpreter\interpreterRuntime.cpp:347
Event: 54.585 Thread 0x0000000016c56800 Threw 0x00000007aefa7d30 at C:\re\jdk7u79\2331\hotspot\src\share\vm\interpreter\interpreterRuntime.cpp:347
Event: 54.585 Thread 0x0000000016c56800 Threw 0x00000007aefa9300 at C:\re\jdk7u79\2331\hotspot\src\share\vm\interpreter\interpreterRuntime.cpp:347
Event: 54.586 Thread 0x0000000016c56800 Threw 0x00000007aefaaab8 at C:\re\jdk7u79\2331\hotspot\src\share\vm\interpreter\interpreterRuntime.cpp:347
Event: 54.586 Thread 0x0000000016c56800 Threw 0x00000007aefab7b0 at C:\re\jdk7u79\2331\hotspot\src\share\vm\interpreter\interpreterRuntime.cpp:347
Event: 54.590 Thread 0x0000000016c56800 Threw 0x00000007aefb1930 at C:\re\jdk7u79\2331\hotspot\src\share\vm\prims\jni.cpp:1632
Event: 54.590 Thread 0x0000000016c56800 Threw 0x00000007aefb1aa8 at C:\re\jdk7u79\2331\hotspot\src\share\vm\prims\jni.cpp:1632
Event: 54.591 Thread 0x0000000016c56800 Threw 0x00000007aefb8228 at C:\re\jdk7u79\2331\hotspot\src\share\vm\prims\jni.cpp:1632
Event: 54.591 Thread 0x0000000016c56800 Threw 0x00000007aefb83a8 at C:\re\jdk7u79\2331\hotspot\src\share\vm\prims\jni.cpp:1632
Event: 61.483 Thread 0x0000000016c50800 Implicit null exception at 0x00000000026288e2 to 0x000000000262ac0d

Events (10 events):
Event: 61.556 loading class 0x0000000016cfbda0 done
Event: 61.572 loading class 0x000000001721c3a0
Event: 61.572 loading class 0x000000001721c3a0 done
Event: 62.152 Thread 0x000000000f1cc000 flushing nmethod 0x0000000002567a50
Event: 62.152 Thread 0x000000000f1d1000 flushing nmethod 0x00000000025769d0
Event: 62.775 Thread 0x000000000f1cc000 flushing nmethod 0x00000000025ac0d0
Event: 62.947 Thread 0x000000000f1d1000 flushing nmethod 0x00000000025ae910
Event: 63.346 Executing VM operation: RevokeBias
Event: 63.347 Executing VM operation: RevokeBias done
Event: 63.347 Thread 0x0000000016c50800 Thread exited: 0x0000000016c50800


Dynamic libraries:
0x00007ff7fd390000 - 0x00007ff7fd3c3000 	C:\Program Files\Java\jdk1.7.0_79\jre\bin\java.exe
0x00007ffe03f90000 - 0x00007ffe04151000 	C:\WINDOWS\SYSTEM32\ntdll.dll
0x00007ffe01670000 - 0x00007ffe0171d000 	C:\WINDOWS\system32\KERNEL32.DLL
0x00007ffe00960000 - 0x00007ffe00b48000 	C:\WINDOWS\system32\KERNELBASE.dll
0x00007ffe030d0000 - 0x00007ffe03177000 	C:\WINDOWS\system32\ADVAPI32.dll
0x00007ffe03ef0000 - 0x00007ffe03f8d000 	C:\WINDOWS\system32\msvcrt.dll
0x00007ffe02ea0000 - 0x00007ffe02efb000 	C:\WINDOWS\system32\sechost.dll
0x00007ffe01550000 - 0x00007ffe0166c000 	C:\WINDOWS\system32\RPCRT4.dll
0x00007ffe02f70000 - 0x00007ffe030c6000 	C:\WINDOWS\system32\USER32.dll
0x00007ffe03290000 - 0x00007ffe03416000 	C:\WINDOWS\system32\GDI32.dll
0x00007ffdfc830000 - 0x00007ffdfcaa4000 	C:\WINDOWS\WinSxS\amd64_microsoft.windows.common-controls_6595b64144ccf1df_6.0.10586.0_none_8c15ae12515e1c22\COMCTL32.dll
0x00007ffe034d0000 - 0x00007ffe0374d000 	C:\WINDOWS\system32\combase.dll
0x00007ffe00640000 - 0x00007ffe006aa000 	C:\WINDOWS\system32\bcryptPrimitives.dll
0x00007ffe03490000 - 0x00007ffe034cb000 	C:\WINDOWS\system32\IMM32.DLL
0x0000000067950000 - 0x0000000067a22000 	C:\Program Files\Java\jdk1.7.0_79\jre\bin\msvcr100.dll
0x0000000067a30000 - 0x0000000068205000 	C:\Program Files\Java\jdk1.7.0_79\jre\bin\server\jvm.dll
0x00007ffe01540000 - 0x00007ffe01548000 	C:\WINDOWS\system32\PSAPI.DLL
0x00007ffdfeba0000 - 0x00007ffdfebc3000 	C:\WINDOWS\SYSTEM32\WINMM.dll
0x00007ffdf00a0000 - 0x00007ffdf00a9000 	C:\WINDOWS\SYSTEM32\WSOCK32.dll
0x00007ffe02f00000 - 0x00007ffe02f6b000 	C:\WINDOWS\system32\WS2_32.dll
0x00000000022b0000 - 0x00000000022dc000 	C:\WINDOWS\SYSTEM32\WINMMBASE.dll
0x00007ffe01340000 - 0x00007ffe01383000 	C:\WINDOWS\system32\cfgmgr32.dll
0x000000006b260000 - 0x000000006b26f000 	C:\Program Files\Java\jdk1.7.0_79\jre\bin\verify.dll
0x0000000069de0000 - 0x0000000069e08000 	C:\Program Files\Java\jdk1.7.0_79\jre\bin\java.dll
0x0000000067550000 - 0x0000000067585000 	C:\Program Files\Java\jdk1.7.0_79\jre\bin\jdwp.dll
0x0000000067540000 - 0x0000000067548000 	C:\Program Files\Java\jdk1.7.0_79\jre\bin\npt.dll
0x0000000067930000 - 0x0000000067945000 	C:\Program Files\Java\jdk1.7.0_79\jre\bin\zip.dll
0x0000000067590000 - 0x000000006759b000 	C:\Program Files\Java\jdk1.7.0_79\jre\bin\dt_shmem.dll
0x0000000067410000 - 0x000000006748c000 	C:\Program Files\Java\jdk1.7.0_79\jre\bin\deploy.dll
0x00007ffe03950000 - 0x00007ffe0396c000 	C:\WINDOWS\system32\imagehlp.dll
0x00007ffe03970000 - 0x00007ffe03ab3000 	C:\WINDOWS\system32\ole32.dll
0x00007ffe03810000 - 0x00007ffe038d1000 	C:\WINDOWS\system32\OLEAUT32.dll
0x00007ffdf07d0000 - 0x00007ffdf0a79000 	C:\WINDOWS\SYSTEM32\WININET.dll
0x00007ffdef390000 - 0x00007ffdef547000 	C:\WINDOWS\SYSTEM32\urlmon.dll
0x00007ffdfc7b0000 - 0x00007ffdfc7ba000 	C:\WINDOWS\SYSTEM32\VERSION.dll
0x00007ffe03430000 - 0x00007ffe03482000 	C:\WINDOWS\system32\SHLWAPI.dll
0x00007ffe008a0000 - 0x00007ffe00955000 	C:\WINDOWS\system32\shcore.dll
0x00007ffdf3f20000 - 0x00007ffdf42a3000 	C:\WINDOWS\SYSTEM32\iertutil.dll
0x00007ffe00cf0000 - 0x00007ffe01335000 	C:\WINDOWS\system32\windows.storage.dll
0x00007ffe00620000 - 0x00007ffe0062f000 	C:\WINDOWS\system32\kernel.appcore.dll
0x00007ffe005b0000 - 0x00007ffe005fb000 	C:\WINDOWS\system32\powrprof.dll
0x00007ffe00600000 - 0x00007ffe00614000 	C:\WINDOWS\system32\profapi.dll
0x00007ffe01940000 - 0x00007ffe02e9c000 	C:\WINDOWS\system32\SHELL32.dll
0x00007ffdffaa0000 - 0x00007ffdffad1000 	C:\WINDOWS\SYSTEM32\ntmarta.dll
0x00007ffe00290000 - 0x00007ffe002bd000 	C:\WINDOWS\SYSTEM32\SspiCli.dll
0x00007ffdef660000 - 0x00007ffdef675000 	C:\WINDOWS\SYSTEM32\ondemandconnroutehelper.dll
0x00007ffdfc0b0000 - 0x00007ffdfc0e8000 	C:\WINDOWS\SYSTEM32\IPHLPAPI.DLL
0x00007ffdf3ba0000 - 0x00007ffdf3c68000 	C:\WINDOWS\SYSTEM32\winhttp.dll
0x00007ffdffe80000 - 0x00007ffdffedc000 	C:\WINDOWS\system32\mswsock.dll
0x00007ffdfb1c0000 - 0x00007ffdfb1cb000 	C:\WINDOWS\SYSTEM32\WINNSI.DLL
0x00007ffe03420000 - 0x00007ffe03428000 	C:\WINDOWS\system32\NSI.dll
0x00007ffdfbcb0000 - 0x00007ffdfbcc6000 	C:\WINDOWS\SYSTEM32\dhcpcsvc6.DLL
0x00007ffdfbc90000 - 0x00007ffdfbcaa000 	C:\WINDOWS\SYSTEM32\dhcpcsvc.DLL
0x00007ffdfef30000 - 0x00007ffdfefda000 	C:\WINDOWS\SYSTEM32\DNSAPI.dll
0x00007ffdf1d90000 - 0x00007ffdf1d9a000 	C:\Windows\System32\rasadhlp.dll
0x00000000673c0000 - 0x00000000673cf000 	C:\Program Files\Java\jdk1.7.0_79\jre\bin\prism-d3d.dll
0x00007ffde8fa0000 - 0x00007ffde91b0000 	C:\WINDOWS\system32\d3d9.dll
0x00007ffdfdd40000 - 0x00007ffdfdd62000 	C:\WINDOWS\SYSTEM32\dwmapi.dll
0x00007ffdff010000 - 0x00007ffdff0a6000 	C:\WINDOWS\system32\uxtheme.dll
0x00007ffdcbe50000 - 0x00007ffdcdce3000 	C:\WINDOWS\SYSTEM32\igdumdim64.dll
0x00007ffe03ac0000 - 0x00007ffe03ee9000 	C:\WINDOWS\system32\SETUPAPI.dll
0x0000000067380000 - 0x00000000673b2000 	C:\Program Files\Java\jdk1.7.0_79\jre\bin\glass.dll
0x00007ffe03180000 - 0x00007ffe0328b000 	C:\WINDOWS\system32\COMDLG32.dll
0x00007ffe00b50000 - 0x00007ffe00bd6000 	C:\WINDOWS\system32\FirewallAPI.dll
0x00007ffe00880000 - 0x00007ffe00897000 	C:\WINDOWS\system32\NETAPI32.dll
0x00007ffdfc700000 - 0x00007ffdfc70c000 	C:\WINDOWS\SYSTEM32\DAVHLPR.DLL
0x00007ffdff390000 - 0x00007ffdff3c2000 	C:\WINDOWS\SYSTEM32\fwbase.dll
0x00007ffe01720000 - 0x00007ffe0187a000 	C:\WINDOWS\system32\MSCTF.dll
0x00007ffdf82f0000 - 0x00007ffdf915f000 	C:\WINDOWS\SYSTEM32\igc64.dll
0x0000000067750000 - 0x00000000678e5000 	C:\Program Files\Java\jdk1.7.0_79\jre\bin\awt.dll
0x00007ffdfeda0000 - 0x00007ffdfee19000 	C:\WINDOWS\system32\apphelp.dll
0x00007ffdfc0f0000 - 0x00007ffdfc19a000 	C:\WINDOWS\WinSxS\amd64_microsoft.windows.common-controls_6595b64144ccf1df_5.82.10586.0_none_396e892957c7fb25\comctl32.dll
0x0000000067700000 - 0x0000000067747000 	C:\Program Files\Java\jdk1.7.0_79\jre\bin\fontmanager.dll
0x0000000067910000 - 0x000000006792a000 	C:\Program Files\Java\jdk1.7.0_79\jre\bin\net.dll
0x00000000678f0000 - 0x0000000067901000 	C:\Program Files\Java\jdk1.7.0_79\jre\bin\nio.dll
0x00000000676b0000 - 0x00000000676f1000 	C:\Program Files\Java\jdk1.7.0_79\jre\bin\t2k.dll
0x00007ffe01890000 - 0x00007ffe01937000 	C:\WINDOWS\system32\clbcatq.dll
0x00007ffdfe250000 - 0x00007ffdfe3d6000 	C:\WINDOWS\SYSTEM32\PROPSYS.dll
0x00007ffdfdd90000 - 0x00007ffdfe223000 	C:\Windows\System32\ActXPrxy.dll
0x00007ffdc51e0000 - 0x00007ffdc5307000 	C:\WINDOWS\system32\NetworkExplorer.dll
0x00007ffdea200000 - 0x00007ffdea21b000 	C:\WINDOWS\SYSTEM32\MPR.dll
0x00007ffdfd3d0000 - 0x00007ffdfd3db000 	C:\WINDOWS\System32\drprov.dll
0x00007ffe00230000 - 0x00007ffe00286000 	C:\WINDOWS\System32\WINSTA.dll
0x00007ffdfd3b0000 - 0x00007ffdfd3c6000 	C:\WINDOWS\System32\ntlanman.dll
0x00007ffdfd390000 - 0x00007ffdfd3b0000 	C:\WINDOWS\System32\davclnt.dll
0x00007ffdfaef0000 - 0x00007ffdfaf06000 	C:\WINDOWS\System32\wkscli.dll
0x00007ffe004f0000 - 0x00007ffe00519000 	C:\WINDOWS\System32\bcrypt.dll
0x00007ffdede80000 - 0x00007ffdede92000 	C:\WINDOWS\SYSTEM32\cscapi.dll
0x00007ffdff9c0000 - 0x00007ffdff9cc000 	C:\WINDOWS\System32\netutils.dll
0x00007ffdd41e0000 - 0x00007ffdd425f000 	C:\Windows\System32\dlnashext.dll
0x00007ffddc170000 - 0x00007ffddc1e4000 	C:\Windows\System32\PlayToDevice.dll
0x00007ffddc2e0000 - 0x00007ffddc2ff000 	C:\Windows\System32\DevDispItemProvider.dll
0x00007ffdfc3d0000 - 0x00007ffdfc440000 	C:\WINDOWS\System32\MMDevApi.dll
0x00007ffdfefe0000 - 0x00007ffdff007000 	C:\WINDOWS\System32\DEVOBJ.dll
0x00007ffdd0c80000 - 0x00007ffdd0e83000 	C:\WINDOWS\system32\wpdshext.dll
0x00007ffdfc1a0000 - 0x00007ffdfc348000 	C:\WINDOWS\WinSxS\amd64_microsoft.windows.gdiplus_6595b64144ccf1df_1.1.10586.20_none_db007f1392e69ef4\gdiplus.dll
0x00007ffdfe4d0000 - 0x00007ffdfe571000 	C:\Windows\System32\PortableDeviceApi.dll
0x00007ffe00be0000 - 0x00007ffe00c35000 	C:\WINDOWS\system32\WINTRUST.dll
0x00007ffe00630000 - 0x00007ffe00640000 	C:\WINDOWS\system32\MSASN1.dll
0x00007ffe006b0000 - 0x00007ffe00877000 	C:\WINDOWS\system32\CRYPT32.dll
0x00007ffde4f20000 - 0x00007ffde4f57000 	C:\Windows\System32\EhStorShell.dll
0x00007ffdec7a0000 - 0x00007ffdec7c6000 	C:\Windows\System32\EhStorAPI.dll
0x00007ffdfe580000 - 0x00007ffdfe593000 	C:\Windows\System32\WTSAPI32.dll
0x00007ffde9cf0000 - 0x00007ffde9cfd000 	C:\WINDOWS\SYSTEM32\LINKINFO.dll
0x00007ffdfd1d0000 - 0x00007ffdfd381000 	C:\WINDOWS\SYSTEM32\WindowsCodecs.dll
0x00007ffde7770000 - 0x00007ffde77ba000 	C:\WINDOWS\system32\dataexchange.dll
0x00007ffdfda90000 - 0x00007ffdfdd38000 	C:\WINDOWS\system32\d3d11.dll
0x00007ffdfeab0000 - 0x00007ffdfeb93000 	C:\WINDOWS\system32\dcomp.dll
0x00007ffdfd9e0000 - 0x00007ffdfda83000 	C:\WINDOWS\system32\dxgi.dll
0x00007ffdff0b0000 - 0x00007ffdff1b0000 	C:\WINDOWS\system32\twinapi.appcore.dll
0x00007ffddc130000 - 0x00007ffddc164000 	C:\Program Files\Common Files\Microsoft Shared\Ink\rtscom.dll
0x0000000067330000 - 0x0000000067380000 	C:\Program Files\Java\jdk1.7.0_79\jre\bin\javafx-font.dll
0x00007ffdfff30000 - 0x00007ffdfff47000 	C:\WINDOWS\SYSTEM32\CRYPTSP.dll
0x00007ffdffbc0000 - 0x00007ffdffbf4000 	C:\WINDOWS\system32\rsaenh.dll
0x00007ffdffd10000 - 0x00007ffdffd2f000 	C:\WINDOWS\SYSTEM32\USERENV.dll
0x00007ffe00050000 - 0x00007ffe0005b000 	C:\WINDOWS\SYSTEM32\CRYPTBASE.dll
0x00007ffdec700000 - 0x00007ffdec729000 	C:\Users\shnizle\AppData\Local\Temp\BridJExtractedLibraries7990468373200114582\bridj.dll
0x00007ffddbdb0000 - 0x00007ffddbde6000 	C:\Users\shnizle\AppData\Local\Temp\BridJExtractedLibraries7990468373200114582\OpenIMAJGrabber.dll
0x00007ffddc2c0000 - 0x00007ffddc2d8000 	C:\Windows\System32\devenum.dll
0x00007ffdf4390000 - 0x00007ffdf439a000 	C:\WINDOWS\SYSTEM32\msdmo.dll
0x00007ffddb3e0000 - 0x00007ffddb414000 	C:\Windows\System32\qcap.dll
0x00007ffdc2200000 - 0x00007ffdc23ce000 	C:\Windows\System32\quartz.dll
0x00007ffdd96b0000 - 0x00007ffdd96ff000 	C:\Windows\System32\ksproxy.ax
0x00007ffde1ab0000 - 0x00007ffde1ab8000 	C:\Windows\System32\ksuser.dll
0x00007ffdfd6e0000 - 0x00007ffdfd735000 	C:\WINDOWS\SYSTEM32\policymanager.dll
0x00007ffdfd640000 - 0x00007ffdfd6d2000 	C:\Windows\System32\msvcp110_win.dll
0x00007ffdf06a0000 - 0x00007ffdf06ae000 	C:\Windows\System32\vidcap.ax
0x00007ffddc100000 - 0x00007ffddc127000 	C:\Windows\System32\kswdmcap.ax

VM Arguments:
jvm_args: -Xdebug -Xrunjdwp:transport=dt_shmem,address=javadebug -Dglass.disableGrab=true -Dfile.encoding=UTF-8 
java_command: C:\Users\shnizle\Documents\NetBeansProjects\Lec.2.0\dist\run1557862559\Lec.2.0.jar
Launcher Type: SUN_STANDARD

Environment Variables:
PATH=C:\ProgramData\Oracle\Java\javapath;C:\Program Files (x86)\Intel\iCLS Client\;C:\Program Files\Intel\iCLS Client\;C:\Windows\system32;C:\Windows;C:\Windows\System32\Wbem;C:\Windows\System32\WindowsPowerShell\v1.0\;C:\Program Files (x86)\Intel\Intel(R) Management Engine Components\DAL;C:\Program Files\Intel\Intel(R) Management Engine Components\DAL;C:\Program Files (x86)\Intel\Intel(R) Management Engine Components\IPT;C:\Program Files\Intel\Intel(R) Management Engine Components\IPT;C:\Program Files (x86)\NVIDIA Corporation\PhysX\Common;C:\Program Files (x86)\Skype\Phone\;C:\WINDOWS\system32;C:\WINDOWS;C:\WINDOWS\System32\Wbem;C:\WINDOWS\System32\WindowsPowerShell\v1.0\;C:\Program Files (x86)\Common Files\Adobe\AGL;C:\Program Files\Intel\WiFi\bin\;C:\Program Files\Common Files\Intel\WirelessCommon\;C:\Program Files (x86)\nodejs\;C:\Program Files (x86)\Java\jre7\bin;C:\Users\shnizle\AppData\Local\Programs\Git\cmd;C:\Program Files\Intel\WiFi\bin\;C:\Program Files\Common Files\Intel\WirelessCommon\;C:\Users\shnizle\AppData\Roaming\npm
USERNAME=shnizle
OS=Windows_NT
PROCESSOR_IDENTIFIER=Intel64 Family 6 Model 78 Stepping 3, GenuineIntel



---------------  S Y S T E M  ---------------

OS: Windows 8.1 , 64 bit Build 9600 

CPU:total 4 (2 cores per cpu, 2 threads per core) family 6 model 78 stepping 3, cmov, cx8, fxsr, mmx, sse, sse2, sse3, ssse3, sse4.1, sse4.2, popcnt, avx, avx2, aes, erms, ht, tsc, tscinvbit

Memory: 4k page, physical 16607712k(9286176k free), swap 23423456k(14524160k free)

vm_info: Java HotSpot(TM) 64-Bit Server VM (24.79-b02) for windows-amd64 JRE (1.7.0_79-b15), built on Apr 10 2015 12:36:16 by "java_re" with unknown MS VC++:1600

time: Thu May 05 13:01:11 2016
elapsed time: 63 seconds

