#
# A fatal error has been detected by the Java Runtime Environment:
#
#  EXCEPTION_ACCESS_VIOLATION (0xc0000005) at pc=0x000000006eef08b0, pid=26928, tid=23980
#
# JRE version: Java(TM) SE Runtime Environment (7.0_79-b15) (build 1.7.0_79-b15)
# Java VM: Java HotSpot(TM) 64-Bit Server VM (24.79-b02 mixed mode windows-amd64 compressed oops)
# Problematic frame:
# C  [xuggle5400408692133125270.dll+0x7b08b0]
#
# Failed to write core dump. Minidumps are not enabled by default on client versions of Windows
#
# If you would like to submit a bug report, please visit:
#   http://bugreport.java.com/bugreport/crash.jsp
# The crash happened outside the Java Virtual Machine in native code.
# See problematic frame for where to report the bug.
#

---------------  T H R E A D  ---------------

Current thread (0x0000000010bb1000):  JavaThread "JavaFX Application Thread" [_thread_in_native, id=23980, stack(0x0000000011c60000,0x0000000011d60000)]

siginfo: ExceptionCode=0xc0000005, reading address 0x00000000000025fc

Registers:
RAX=0x0000000016424710, RBX=0x000000001cb37b70, RCX=0x0000000000001fa1, RDX=0x0000000000000000
RSP=0x0000000011d5b440, RBP=0x000000001643e600, RSI=0x0000000000000000, RDI=0x0000000000000002
R8 =0x0000000000003fec, R9 =0x0000000000000003, R10=0x0000000011d5b370, R11=0x00000000214f8100
R12=0x0000000000000000, R13=0x000000000000013e, R14=0x0000000000000000, R15=0x000000000000013e
RIP=0x000000006eef08b0, EFLAGS=0x0000000000010246

Top of Stack: (sp=0x0000000011d5b440)
0x0000000011d5b440:   0000000000000000 0000000000000000
0x0000000011d5b450:   0000000000000000 00000000022d8a20
0x0000000011d5b460:   0000000011d5b6b0 0000000011d5b5b8
0x0000000011d5b470:   0000000011d5b7c0 0000000000000000
0x0000000011d5b480:   0000000010bb1000 00000000022a0567
0x0000000011d5b490:   0000000011d5b7c0 000000007231f83e
0x0000000011d5b4a0:   0000000011d5b7c0 0000000011d5b700
0x0000000011d5b4b0:   0000000010bb1000 0000000000000000
0x0000000011d5b4c0:   00000000022d8a20 0000000011d5b6b8
0x0000000011d5b4d0:   0000000600000001 0000000010bb1000
0x0000000011d5b4e0:   0000000010bb1000 0000000010ba9bd0
0x0000000011d5b4f0:   00000006fd6f8200 00000007ada9c5a8
0x0000000011d5b500:   0000000011d5c1c0 00000000022b3124
0x0000000011d5b510:   0000000011d5c270 0000000011d5b7c0
0x0000000011d5b520:   0000000011d5b509 0000000010bb1000
0x0000000011d5b530:   0000000010bbdc30 0000000010bbc520 

Instructions: (pc=0x000000006eef08b0)
0x000000006eef0890:   6a 5e 00 83 ea 01 f3 0f 10 50 04 48 63 d2 f3 0f
0x000000006eef08a0:   59 d3 85 f6 48 8b 94 d5 90 50 00 00 66 0f 5a f0
0x000000006eef08b0:   f3 0f 2a 8a fc 25 00 00 f3 0f 59 08 f3 0f 58 48
0x000000006eef08c0:   0c f3 0f 59 d6 f3 0f 59 f3 f3 0f 5e ca 0f 14 c9 


Register to memory mapping:

RAX=0x0000000016424710 is an unknown value
RBX=0x000000001cb37b70 is an unknown value
RCX=0x0000000000001fa1 is an unknown value
RDX=0x0000000000000000 is an unknown value
RSP=0x0000000011d5b440 is pointing into the stack for thread: 0x0000000010bb1000
RBP=0x000000001643e600 is an unknown value
RSI=0x0000000000000000 is an unknown value
RDI=0x0000000000000002 is an unknown value
R8 =0x0000000000003fec is an unknown value
R9 =0x0000000000000003 is an unknown value
R10=0x0000000011d5b370 is pointing into the stack for thread: 0x0000000010bb1000
R11=0x00000000214f8100 is an unknown value
R12=0x0000000000000000 is an unknown value
R13=0x000000000000013e is an unknown value
R14=0x0000000000000000 is an unknown value
R15=0x000000000000013e is an unknown value


Stack: [0x0000000011c60000,0x0000000011d60000],  sp=0x0000000011d5b440,  free space=1005k
Native frames: (J=compiled Java code, j=interpreted, Vv=VM code, C=native code)
C  [xuggle5400408692133125270.dll+0x7b08b0]

Java frames: (J=compiled Java code, j=interpreted, Vv=VM code)
j  com.xuggle.xuggler.XugglerJNI.IStreamCoder_encodeVideo(JLcom/xuggle/xuggler/IStreamCoder;JLcom/xuggle/xuggler/IPacket;JLcom/xuggle/xuggler/IVideoPicture;I)I+0
j  com.xuggle.xuggler.IStreamCoder.encodeVideo(Lcom/xuggle/xuggler/IPacket;Lcom/xuggle/xuggler/IVideoPicture;I)I+16
j  com.xuggle.mediatool.MediaWriter.flush()V+130
j  com.xuggle.mediatool.MediaWriter.close()V+1
j  lecturus.main.VideoAudioRecorder.stopRecording()V+16
j  lecturus.main.RecordSessionController.startRecordingBtnAction(Ljavafx/event/ActionEvent;)V+118
v  ~StubRoutines::call_stub
j  sun.reflect.NativeMethodAccessorImpl.invoke0(Ljava/lang/reflect/Method;Ljava/lang/Object;[Ljava/lang/Object;)Ljava/lang/Object;+0
j  sun.reflect.NativeMethodAccessorImpl.invoke(Ljava/lang/Object;[Ljava/lang/Object;)Ljava/lang/Object;+87
j  sun.reflect.DelegatingMethodAccessorImpl.invoke(Ljava/lang/Object;[Ljava/lang/Object;)Ljava/lang/Object;+6
j  java.lang.reflect.Method.invoke(Ljava/lang/Object;[Ljava/lang/Object;)Ljava/lang/Object;+57
j  sun.reflect.misc.Trampoline.invoke(Ljava/lang/reflect/Method;Ljava/lang/Object;[Ljava/lang/Object;)Ljava/lang/Object;+7
j  sun.reflect.GeneratedMethodAccessor1.invoke(Ljava/lang/Object;[Ljava/lang/Object;)Ljava/lang/Object;+40
j  sun.reflect.DelegatingMethodAccessorImpl.invoke(Ljava/lang/Object;[Ljava/lang/Object;)Ljava/lang/Object;+6
j  java.lang.reflect.Method.invoke(Ljava/lang/Object;[Ljava/lang/Object;)Ljava/lang/Object;+57
j  sun.reflect.misc.MethodUtil.invoke(Ljava/lang/reflect/Method;Ljava/lang/Object;[Ljava/lang/Object;)Ljava/lang/Object;+20
j  javafx.fxml.FXMLLoader$ControllerMethodEventHandler.handle(Ljavafx/event/Event;)V+23
j  com.sun.javafx.event.CompositeEventHandler.dispatchBubblingEvent(Ljavafx/event/Event;)V+62
j  com.sun.javafx.event.EventHandlerManager.dispatchBubblingEvent(Ljavafx/event/EventType;Ljavafx/event/Event;)Ljavafx/event/Event;+29
j  com.sun.javafx.event.EventHandlerManager.dispatchBubblingEvent(Ljavafx/event/Event;)Ljavafx/event/Event;+8
j  com.sun.javafx.event.CompositeEventDispatcher.dispatchBubblingEvent(Ljavafx/event/Event;)Ljavafx/event/Event;+11
j  com.sun.javafx.event.BasicEventDispatcher.dispatchEvent(Ljavafx/event/Event;Ljavafx/event/EventDispatchChain;)Ljavafx/event/Event;+29
j  com.sun.javafx.event.EventDispatchChainImpl.dispatchEvent(Ljavafx/event/Event;)Ljavafx/event/Event;+69
j  com.sun.javafx.event.BasicEventDispatcher.dispatchEvent(Ljavafx/event/Event;Ljavafx/event/EventDispatchChain;)Ljavafx/event/Event;+17
j  com.sun.javafx.event.EventDispatchChainImpl.dispatchEvent(Ljavafx/event/Event;)Ljavafx/event/Event;+69
j  com.sun.javafx.event.BasicEventDispatcher.dispatchEvent(Ljavafx/event/Event;Ljavafx/event/EventDispatchChain;)Ljavafx/event/Event;+17
j  com.sun.javafx.event.EventDispatchChainImpl.dispatchEvent(Ljavafx/event/Event;)Ljavafx/event/Event;+69
j  com.sun.javafx.event.EventUtil.fireEventImpl(Ljavafx/event/EventDispatchChain;Ljavafx/event/EventTarget;Ljavafx/event/Event;)Ljavafx/event/Event;+10
j  com.sun.javafx.event.EventUtil.fireEvent(Ljavafx/event/EventTarget;Ljavafx/event/Event;)Ljavafx/event/Event;+37
j  javafx.event.Event.fireEvent(Ljavafx/event/EventTarget;Ljavafx/event/Event;)V+30
j  javafx.scene.Node.fireEvent(Ljavafx/event/Event;)V+86
j  javafx.scene.control.Button.fire()V+8
j  com.sun.javafx.scene.control.behavior.ButtonBehavior.mouseReleased(Ljavafx/scene/input/MouseEvent;)V+23
j  com.sun.javafx.scene.control.skin.SkinBase$4.handle(Ljavafx/scene/input/MouseEvent;)V+83
j  com.sun.javafx.scene.control.skin.SkinBase$4.handle(Ljavafx/event/Event;)V+5
j  com.sun.javafx.event.CompositeEventHandler.dispatchBubblingEvent(Ljavafx/event/Event;)V+42
j  com.sun.javafx.event.EventHandlerManager.dispatchBubblingEvent(Ljavafx/event/EventType;Ljavafx/event/Event;)Ljavafx/event/Event;+29
j  com.sun.javafx.event.EventHandlerManager.dispatchBubblingEvent(Ljavafx/event/Event;)Ljavafx/event/Event;+8
j  com.sun.javafx.event.CompositeEventDispatcher.dispatchBubblingEvent(Ljavafx/event/Event;)Ljavafx/event/Event;+11
j  com.sun.javafx.event.BasicEventDispatcher.dispatchEvent(Ljavafx/event/Event;Ljavafx/event/EventDispatchChain;)Ljavafx/event/Event;+29
j  com.sun.javafx.event.EventDispatchChainImpl.dispatchEvent(Ljavafx/event/Event;)Ljavafx/event/Event;+69
j  com.sun.javafx.event.BasicEventDispatcher.dispatchEvent(Ljavafx/event/Event;Ljavafx/event/EventDispatchChain;)Ljavafx/event/Event;+17
j  com.sun.javafx.event.EventDispatchChainImpl.dispatchEvent(Ljavafx/event/Event;)Ljavafx/event/Event;+69
j  com.sun.javafx.event.BasicEventDispatcher.dispatchEvent(Ljavafx/event/Event;Ljavafx/event/EventDispatchChain;)Ljavafx/event/Event;+17
j  com.sun.javafx.event.EventDispatchChainImpl.dispatchEvent(Ljavafx/event/Event;)Ljavafx/event/Event;+69
j  com.sun.javafx.event.BasicEventDispatcher.dispatchEvent(Ljavafx/event/Event;Ljavafx/event/EventDispatchChain;)Ljavafx/event/Event;+17
j  com.sun.javafx.event.EventDispatchChainImpl.dispatchEvent(Ljavafx/event/Event;)Ljavafx/event/Event;+69
j  com.sun.javafx.event.EventUtil.fireEventImpl(Ljavafx/event/EventDispatchChain;Ljavafx/event/EventTarget;Ljavafx/event/Event;)Ljavafx/event/Event;+10
j  com.sun.javafx.event.EventUtil.fireEvent(Ljavafx/event/EventTarget;Ljavafx/event/Event;)Ljavafx/event/Event;+46
j  javafx.event.Event.fireEvent(Ljavafx/event/EventTarget;Ljavafx/event/Event;)V+30
j  javafx.scene.Scene$MouseHandler.process(Ljavafx/scene/input/MouseEvent;Z)V+405
j  javafx.scene.Scene$MouseHandler.process(Ljavafx/scene/input/MouseEvent;)V+3
j  javafx.scene.Scene$MouseHandler.access$1900(Ljavafx/scene/Scene$MouseHandler;Ljavafx/scene/input/MouseEvent;)V+2
j  javafx.scene.Scene.impl_processMouseEvent(Ljavafx/scene/input/MouseEvent;)V+16
j  javafx.scene.Scene$ScenePeerListener.mouseEvent(Ljava/lang/Object;)V+11
j  com.sun.javafx.tk.quantum.GlassViewEventHandler$MouseEventNotification.run()Ljava/lang/Void;+329
j  com.sun.javafx.tk.quantum.GlassViewEventHandler$MouseEventNotification.run()Ljava/lang/Object;+1
v  ~StubRoutines::call_stub
j  java.security.AccessController.doPrivileged(Ljava/security/PrivilegedAction;Ljava/security/AccessControlContext;)Ljava/lang/Object;+0
j  com.sun.javafx.tk.quantum.GlassViewEventHandler.handleMouseEvent(Lcom/sun/glass/ui/View;JIIIIIIIIZZ)V+117
j  com.sun.glass.ui.View.handleMouseEvent(JIIIIIIIIZZ)V+38
j  com.sun.glass.ui.View.notifyMouse(IIIIIIIZZ)V+184
v  ~StubRoutines::call_stub
j  com.sun.glass.ui.win.WinApplication._runLoop([Ljava/lang/String;Lcom/sun/glass/ui/Launchable;)V+0
j  com.sun.glass.ui.win.WinApplication.access$100(Lcom/sun/glass/ui/win/WinApplication;[Ljava/lang/String;Lcom/sun/glass/ui/Launchable;)V+3
j  com.sun.glass.ui.win.WinApplication$3$1.run()V+32
j  java.lang.Thread.run()V+11
v  ~StubRoutines::call_stub

---------------  P R O C E S S  ---------------

Java Threads: ( => current thread )
  0x0000000010b05800 JavaThread "Keep-Alive-Timer" daemon [_thread_blocked, id=26564, stack(0x00000000279c0000,0x0000000027ac0000)]
  0x0000000010b08800 JavaThread "Thread-4" [_thread_in_native, id=2516, stack(0x000000001adc0000,0x000000001aec0000)]
  0x0000000010b03800 JavaThread "Java Sound Event Dispatcher" daemon [_thread_blocked, id=8848, stack(0x000000001a9c0000,0x000000001aac0000)]
  0x0000000010b05000 JavaThread "Swing-Shell" daemon [_thread_blocked, id=21076, stack(0x000000001a380000,0x000000001a480000)]
  0x0000000016914000 JavaThread "AWT-Windows" daemon [_thread_in_native, id=24920, stack(0x0000000019890000,0x0000000019990000)]
  0x0000000016912800 JavaThread "Java2D Disposer" daemon [_thread_blocked, id=25188, stack(0x0000000019690000,0x0000000019790000)]
  0x0000000016912000 JavaThread "Thread-7" [_thread_in_native, id=16964, stack(0x0000000019590000,0x0000000019690000)]
  0x0000000016911000 JavaThread "webcam-updater-thread-1" daemon [_thread_blocked, id=14924, stack(0x0000000019490000,0x0000000019590000)]
  0x000000001690f800 JavaThread "frames-refresher-[0]" daemon [_thread_blocked, id=26032, stack(0x0000000019390000,0x0000000019490000)]
  0x0000000016915000 JavaThread "webcam-lock-[TOSHIBA Web Camera - HD 0]" daemon [_thread_blocked, id=8264, stack(0x0000000018b80000,0x0000000018c80000)]
  0x000000001690f000 JavaThread "webcam-discovery-service" daemon [_thread_blocked, id=25160, stack(0x0000000018a70000,0x0000000018b70000)]
  0x0000000016910800 JavaThread "atomic-processor-1" daemon [_thread_in_native, id=25172, stack(0x0000000018800000,0x0000000018900000)]
  0x00000000165cb800 JavaThread "Prism Font Disposer" daemon [_thread_blocked, id=25360, stack(0x0000000016cf0000,0x0000000016df0000)]
  0x0000000010c50800 JavaThread "Thread-3" daemon [_thread_in_native, id=4020, stack(0x00000000161f0000,0x00000000162f0000)]
=>0x0000000010bb1000 JavaThread "JavaFX Application Thread" [_thread_in_native, id=23980, stack(0x0000000011c60000,0x0000000011d60000)]
  0x0000000010c4f800 JavaThread "Thread-2" daemon [_thread_blocked, id=11744, stack(0x0000000011b60000,0x0000000011c60000)]
  0x0000000010bad800 JavaThread "Disposer" daemon [_thread_blocked, id=24716, stack(0x0000000011990000,0x0000000011a90000)]
  0x0000000010b6a000 JavaThread "QuantumRenderer-0" daemon [_thread_blocked, id=12300, stack(0x0000000011730000,0x0000000011830000)]
  0x0000000010b5f800 JavaThread "JavaFX-Launcher" [_thread_blocked, id=26556, stack(0x0000000011630000,0x0000000011730000)]
  0x0000000010afd000 JavaThread "traceMsgQueueThread" daemon [_thread_blocked, id=16644, stack(0x0000000010dc0000,0x0000000010ec0000)]
  0x000000000f065800 JavaThread "Service Thread" daemon [_thread_blocked, id=12924, stack(0x00000000107c0000,0x00000000108c0000)]
  0x000000000f056000 JavaThread "C2 CompilerThread1" daemon [_thread_blocked, id=26276, stack(0x00000000106c0000,0x00000000107c0000)]
  0x000000000f053000 JavaThread "C2 CompilerThread0" daemon [_thread_blocked, id=21344, stack(0x00000000105c0000,0x00000000106c0000)]
  0x000000000f052000 JavaThread "Attach Listener" daemon [_thread_blocked, id=25984, stack(0x00000000104c0000,0x00000000105c0000)]
  0x000000000f04f000 JavaThread "Signal Dispatcher" daemon [_thread_blocked, id=10720, stack(0x00000000103c0000,0x00000000104c0000)]
  0x000000000f019800 JavaThread "Finalizer" daemon [_thread_blocked, id=27488, stack(0x00000000102c0000,0x00000000103c0000)]
  0x000000000f016000 JavaThread "Reference Handler" daemon [_thread_blocked, id=21776, stack(0x00000000101c0000,0x00000000102c0000)]
  0x000000000209e000 JavaThread "main" [_thread_blocked, id=5464, stack(0x00000000020a0000,0x00000000021a0000)]

Other Threads:
  0x000000000f012000 VMThread [stack: 0x00000000100c0000,0x00000000101c0000] [id=9120]
  0x000000000f070000 WatcherThread [stack: 0x00000000108c0000,0x00000000109c0000] [id=7204]

VM state:not at safepoint (normal execution)

VM Mutex/Monitor currently owned by a thread: None

Heap
 PSYoungGen      total 66048K, used 38768K [0x00000007ab800000, 0x00000007b0180000, 0x0000000800000000)
  eden space 57856K, 61% used [0x00000007ab800000,0x00000007adad88b8,0x00000007af080000)
  from space 8192K, 37% used [0x00000007af980000,0x00000007afc83990,0x00000007b0180000)
  to   space 8704K, 0% used [0x00000007af080000,0x00000007af080000,0x00000007af900000)
 ParOldGen       total 173056K, used 5699K [0x0000000702800000, 0x000000070d100000, 0x00000007ab800000)
  object space 173056K, 3% used [0x0000000702800000,0x0000000702d90de8,0x000000070d100000)
 PSPermGen       total 25600K, used 25260K [0x00000006fd600000, 0x00000006fef00000, 0x0000000702800000)
  object space 25600K, 98% used [0x00000006fd600000,0x00000006feeab0c0,0x00000006fef00000)

Card table byte_map: [0x0000000005360000,0x0000000005b80000] byte_map_base: 0x0000000001b75000

Polling page: 0x0000000002050000

Code Cache  [0x00000000022a0000, 0x0000000002510000, 0x00000000052a0000)
 total_blobs=1035 nmethods=300 adapters=687 free_code_cache=47946Kb largest_free_block=49064384

Compilation events (10 events):
Event: 41.565 Thread 0x000000000f056000 nmethod 317 0x00000000023ce710 code [0x00000000023ce880, 0x00000000023cee70]
Event: 41.565 Thread 0x000000000f053000 nmethod 318 0x00000000023d02d0 code [0x00000000023d0460, 0x00000000023d0b90]
Event: 42.299 Thread 0x000000000f056000  319             com.sun.prism.d3d.D3DShader::getRegister (93 bytes)
Event: 42.306 Thread 0x000000000f056000 nmethod 319 0x00000000023cf910 code [0x00000000023cfa80, 0x00000000023cfed8]
Event: 42.588 Thread 0x000000000f053000  321             com.sun.prism.impl.BaseTexture::getPhysicalWidth (5 bytes)
Event: 42.588 Thread 0x000000000f053000 nmethod 321 0x00000000023ce110 code [0x00000000023ce240, 0x00000000023ce298]
Event: 42.683 Thread 0x000000000f056000  322             javafx.scene.Node::getClip (21 bytes)
Event: 42.684 Thread 0x000000000f056000 nmethod 322 0x00000000023d3b50 code [0x00000000023d3ca0, 0x00000000023d3d78]
Event: 42.731 Thread 0x000000000f053000  323             com.sun.javafx.geom.RectBounds::makeEmpty (23 bytes)
Event: 42.731 Thread 0x000000000f053000 nmethod 323 0x00000000023cde50 code [0x00000000023cdf80, 0x00000000023cdff8]

GC Heap History (10 events):
Event: 30.755 GC heap before
{Heap before GC invocations=6 (full 0):
 PSYoungGen      total 70144K, used 69926K [0x00000007ab800000, 0x00000007b0400000, 0x0000000800000000)
  eden space 63488K, 99% used [0x00000007ab800000,0x00000007af5e1810,0x00000007af600000)
  from space 6656K, 98% used [0x00000007af780000,0x00000007afde81c8,0x00000007afe00000)
  to   space 6144K, 0% used [0x00000007afe00000,0x00000007afe00000,0x00000007b0400000)
 ParOldGen       total 173056K, used 24K [0x0000000702800000, 0x000000070d100000, 0x00000007ab800000)
  object space 173056K, 0% used [0x0000000702800000,0x0000000702806000,0x000000070d100000)
 PSPermGen       total 25600K, used 25180K [0x00000006fd600000, 0x00000006fef00000, 0x0000000702800000)
  object space 25600K, 98% used [0x00000006fd600000,0x00000006fee97228,0x00000006fef00000)
Event: 30.763 GC heap after
Heap after GC invocations=6 (full 0):
 PSYoungGen      total 68096K, used 6132K [0x00000007ab800000, 0x00000007b0400000, 0x0000000800000000)
  eden space 61952K, 0% used [0x00000007ab800000,0x00000007ab800000,0x00000007af480000)
  from space 6144K, 99% used [0x00000007afe00000,0x00000007b03fd290,0x00000007b0400000)
  to   space 7168K, 0% used [0x00000007af600000,0x00000007af600000,0x00000007afd00000)
 ParOldGen       total 173056K, used 192K [0x0000000702800000, 0x000000070d100000, 0x00000007ab800000)
  object space 173056K, 0% used [0x0000000702800000,0x0000000702830000,0x000000070d100000)
 PSPermGen       total 25600K, used 25180K [0x00000006fd600000, 0x00000006fef00000, 0x0000000702800000)
  object space 25600K, 98% used [0x00000006fd600000,0x00000006fee97228,0x00000006fef00000)
}
Event: 33.299 GC heap before
{Heap before GC invocations=7 (full 0):
 PSYoungGen      total 68096K, used 67931K [0x00000007ab800000, 0x00000007b0400000, 0x0000000800000000)
  eden space 61952K, 99% used [0x00000007ab800000,0x00000007af459b78,0x00000007af480000)
  from space 6144K, 99% used [0x00000007afe00000,0x00000007b03fd290,0x00000007b0400000)
  to   space 7168K, 0% used [0x00000007af600000,0x00000007af600000,0x00000007afd00000)
 ParOldGen       total 173056K, used 192K [0x0000000702800000, 0x000000070d100000, 0x00000007ab800000)
  object space 173056K, 0% used [0x0000000702800000,0x0000000702830000,0x000000070d100000)
 PSPermGen       total 25600K, used 25200K [0x00000006fd600000, 0x00000006fef00000, 0x0000000702800000)
  object space 25600K, 98% used [0x00000006fd600000,0x00000006fee9c360,0x00000006fef00000)
Event: 33.308 GC heap after
Heap after GC invocations=7 (full 0):
 PSYoungGen      total 64512K, used 3150K [0x00000007ab800000, 0x00000007b0280000, 0x0000000800000000)
  eden space 60928K, 0% used [0x00000007ab800000,0x00000007ab800000,0x00000007af380000)
  from space 3584K, 87% used [0x00000007af600000,0x00000007af913990,0x00000007af980000)
  to   space 7680K, 0% used [0x00000007afb00000,0x00000007afb00000,0x00000007b0280000)
 ParOldGen       total 173056K, used 5427K [0x0000000702800000, 0x000000070d100000, 0x00000007ab800000)
  object space 173056K, 3% used [0x0000000702800000,0x0000000702d4cdd8,0x000000070d100000)
 PSPermGen       total 25600K, used 25200K [0x00000006fd600000, 0x00000006fef00000, 0x0000000702800000)
  object space 25600K, 98% used [0x00000006fd600000,0x00000006fee9c360,0x00000006fef00000)
}
Event: 35.893 GC heap before
{Heap before GC invocations=8 (full 0):
 PSYoungGen      total 64512K, used 63865K [0x00000007ab800000, 0x00000007b0280000, 0x0000000800000000)
  eden space 60928K, 99% used [0x00000007ab800000,0x00000007af34acf8,0x00000007af380000)
  from space 3584K, 87% used [0x00000007af600000,0x00000007af913990,0x00000007af980000)
  to   space 7680K, 0% used [0x00000007afb00000,0x00000007afb00000,0x00000007b0280000)
 ParOldGen       total 173056K, used 5427K [0x0000000702800000, 0x000000070d100000, 0x00000007ab800000)
  object space 173056K, 3% used [0x0000000702800000,0x0000000702d4cdd8,0x000000070d100000)
 PSPermGen       total 25600K, used 25225K [0x00000006fd600000, 0x00000006fef00000, 0x0000000702800000)
  object space 25600K, 98% used [0x00000006fd600000,0x00000006feea25f8,0x00000006fef00000)
Event: 35.894 GC heap after
Heap after GC invocations=8 (full 0):
 PSYoungGen      total 67584K, used 3514K [0x00000007ab800000, 0x00000007b0280000, 0x0000000800000000)
  eden space 59904K, 0% used [0x00000007ab800000,0x00000007ab800000,0x00000007af280000)
  from space 7680K, 45% used [0x00000007afb00000,0x00000007afe6e9c0,0x00000007b0280000)
  to   space 8192K, 0% used [0x00000007af280000,0x00000007af280000,0x00000007afa80000)
 ParOldGen       total 173056K, used 5451K [0x0000000702800000, 0x000000070d100000, 0x00000007ab800000)
  object space 173056K, 3% used [0x0000000702800000,0x0000000702d52dd8,0x000000070d100000)
 PSPermGen       total 25600K, used 25225K [0x00000006fd600000, 0x00000006fef00000, 0x0000000702800000)
  object space 25600K, 98% used [0x00000006fd600000,0x00000006feea25f8,0x00000006fef00000)
}
Event: 38.675 GC heap before
{Heap before GC invocations=9 (full 0):
 PSYoungGen      total 67584K, used 63418K [0x00000007ab800000, 0x00000007b0280000, 0x0000000800000000)
  eden space 59904K, 100% used [0x00000007ab800000,0x00000007af280000,0x00000007af280000)
  from space 7680K, 45% used [0x00000007afb00000,0x00000007afe6e9c0,0x00000007b0280000)
  to   space 8192K, 0% used [0x00000007af280000,0x00000007af280000,0x00000007afa80000)
 ParOldGen       total 173056K, used 5451K [0x0000000702800000, 0x000000070d100000, 0x00000007ab800000)
  object space 173056K, 3% used [0x0000000702800000,0x0000000702d52dd8,0x000000070d100000)
 PSPermGen       total 25600K, used 25236K [0x00000006fd600000, 0x00000006fef00000, 0x0000000702800000)
  object space 25600K, 98% used [0x00000006fd600000,0x00000006feea5028,0x00000006fef00000)
Event: 38.677 GC heap after
Heap after GC invocations=9 (full 0):
 PSYoungGen      total 62464K, used 3198K [0x00000007ab800000, 0x00000007b0180000, 0x0000000800000000)
  eden space 58880K, 0% used [0x00000007ab800000,0x00000007ab800000,0x00000007af180000)
  from space 3584K, 89% used [0x00000007af280000,0x00000007af59f9a0,0x00000007af600000)
  to   space 8192K, 0% used [0x00000007af980000,0x00000007af980000,0x00000007b0180000)
 ParOldGen       total 173056K, used 5531K [0x0000000702800000, 0x000000070d100000, 0x00000007ab800000)
  object space 173056K, 3% used [0x0000000702800000,0x0000000702d66de8,0x000000070d100000)
 PSPermGen       total 25600K, used 25236K [0x00000006fd600000, 0x00000006fef00000, 0x0000000702800000)
  object space 25600K, 98% used [0x00000006fd600000,0x00000006feea5028,0x00000006fef00000)
}
Event: 41.554 GC heap before
{Heap before GC invocations=10 (full 0):
 PSYoungGen      total 62464K, used 61949K [0x00000007ab800000, 0x00000007b0180000, 0x0000000800000000)
  eden space 58880K, 99% used [0x00000007ab800000,0x00000007af15faf8,0x00000007af180000)
  from space 3584K, 89% used [0x00000007af280000,0x00000007af59f9a0,0x00000007af600000)
  to   space 8192K, 0% used [0x00000007af980000,0x00000007af980000,0x00000007b0180000)
 ParOldGen       total 173056K, used 5531K [0x0000000702800000, 0x000000070d100000, 0x00000007ab800000)
  object space 173056K, 3% used [0x0000000702800000,0x0000000702d66de8,0x000000070d100000)
 PSPermGen       total 25600K, used 25255K [0x00000006fd600000, 0x00000006fef00000, 0x0000000702800000)
  object space 25600K, 98% used [0x00000006fd600000,0x00000006feea9df0,0x00000006fef00000)
Event: 41.559 GC heap after
Heap after GC invocations=10 (full 0):
 PSYoungGen      total 66048K, used 3086K [0x00000007ab800000, 0x00000007b0180000, 0x0000000800000000)
  eden space 57856K, 0% used [0x00000007ab800000,0x00000007ab800000,0x00000007af080000)
  from space 8192K, 37% used [0x00000007af980000,0x00000007afc83990,0x00000007b0180000)
  to   space 8704K, 0% used [0x00000007af080000,0x00000007af080000,0x00000007af900000)
 ParOldGen       total 173056K, used 5699K [0x0000000702800000, 0x000000070d100000, 0x00000007ab800000)
  object space 173056K, 3% used [0x0000000702800000,0x0000000702d90de8,0x000000070d100000)
 PSPermGen       total 25600K, used 25255K [0x00000006fd600000, 0x00000006fef00000, 0x0000000702800000)
  object space 25600K, 98% used [0x00000006fd600000,0x00000006feea9df0,0x00000006fef00000)
}

Deoptimization events (10 events):
Event: 9.393 Thread 0x0000000010bb1000 Uncommon trap: reason=bimorphic action=maybe_recompile pc=0x0000000002347478 method=java.util.Collections$UnmodifiableCollection.size()I @ 4
Event: 9.396 Thread 0x0000000010bb1000 Uncommon trap: reason=bimorphic action=maybe_recompile pc=0x000000000235debc method=java.util.Properties$LineReader.readLine()I @ 62
Event: 9.427 Thread 0x0000000016910800 Uncommon trap: reason=class_check action=maybe_recompile pc=0x000000000233af08 method=java.util.HashMap.put(Ljava/lang/Object;Ljava/lang/Object;)Ljava/lang/Object; @ 105
Event: 9.427 Thread 0x0000000016910800 Uncommon trap: reason=class_check action=maybe_recompile pc=0x000000000233af08 method=java.util.HashMap.put(Ljava/lang/Object;Ljava/lang/Object;)Ljava/lang/Object; @ 105
Event: 9.427 Thread 0x0000000016910800 Uncommon trap: reason=class_check action=maybe_recompile pc=0x000000000233af08 method=java.util.HashMap.put(Ljava/lang/Object;Ljava/lang/Object;)Ljava/lang/Object; @ 105
Event: 9.427 Thread 0x0000000016910800 Uncommon trap: reason=class_check action=maybe_recompile pc=0x000000000233af08 method=java.util.HashMap.put(Ljava/lang/Object;Ljava/lang/Object;)Ljava/lang/Object; @ 105
Event: 10.298 Thread 0x0000000010bb1000 Uncommon trap: reason=class_check action=maybe_recompile pc=0x0000000002320cb4 method=java.io.DataInputStream.readFully([BII)V @ 34
Event: 17.176 Thread 0x0000000010bb1000 Uncommon trap: reason=unreached action=reinterpret pc=0x00000000023b8d24 method=java.util.HashMap.put(Ljava/lang/Object;Ljava/lang/Object;)Ljava/lang/Object; @ 19
Event: 17.274 Thread 0x0000000016912000 Uncommon trap: reason=unreached action=reinterpret pc=0x00000000023c02fc method=java.awt.image.ComponentSampleModel.getDataElements(IILjava/lang/Object;Ljava/awt/image/DataBuffer;)Ljava/lang/Object; @ 101
Event: 40.227 Thread 0x0000000010bb1000 Uncommon trap: reason=predicate action=maybe_recompile pc=0x00000000023cc208 method=java.util.LinkedList.remove(Ljava/lang/Object;)Z @ 48

Internal exceptions (10 events):
Event: 36.634 Thread 0x0000000010b08800 Threw 0x00000007ab95eef0 at C:\re\jdk7u79\2331\hotspot\src\share\vm\prims\jni.cpp:743
Event: 36.634 Thread 0x0000000010b08800 Threw 0x00000007ab95f178 at C:\re\jdk7u79\2331\hotspot\src\share\vm\prims\jni.cpp:743
Event: 36.634 Thread 0x0000000010b08800 Threw 0x00000007ab95f400 at C:\re\jdk7u79\2331\hotspot\src\share\vm\prims\jni.cpp:743
Event: 38.265 Thread 0x0000000010b08800 Threw 0x00000007acc92e90 at C:\re\jdk7u79\2331\hotspot\src\share\vm\interpreter\linkResolver.cpp:892
Event: 40.143 Thread 0x0000000010b08800 Threw 0x00000007ad332150 at C:\re\jdk7u79\2331\hotspot\src\share\vm\interpreter\linkResolver.cpp:892
Event: 40.447 Thread 0x0000000010b08800 Threw 0x00000007ad336df8 at C:\re\jdk7u79\2331\hotspot\src\share\vm\prims\jni.cpp:743
Event: 40.447 Thread 0x0000000010b08800 Threw 0x00000007ad337080 at C:\re\jdk7u79\2331\hotspot\src\share\vm\prims\jni.cpp:743
Event: 40.447 Thread 0x0000000010b08800 Threw 0x00000007ad337308 at C:\re\jdk7u79\2331\hotspot\src\share\vm\prims\jni.cpp:743
Event: 40.447 Thread 0x0000000010b08800 Threw 0x00000007ad337590 at C:\re\jdk7u79\2331\hotspot\src\share\vm\prims\jni.cpp:743
Event: 42.055 Thread 0x0000000010b08800 Threw 0x00000007abdf2420 at C:\re\jdk7u79\2331\hotspot\src\share\vm\interpreter\linkResolver.cpp:892

Events (10 events):
Event: 40.797 loading class 0x00000000165b82d0
Event: 40.797 loading class 0x00000000165b82d0 done
Event: 40.798 loading class 0x0000000010c765d0
Event: 40.798 loading class 0x0000000010c765d0 done
Event: 41.554 Executing VM operation: ParallelGCFailedAllocation
Event: 41.559 Executing VM operation: ParallelGCFailedAllocation done
Event: 41.560 Executing VM operation: RevokeBias
Event: 41.560 Executing VM operation: RevokeBias done
Event: 41.560 Executing VM operation: RevokeBias
Event: 41.560 Executing VM operation: RevokeBias done


Dynamic libraries:
0x00007ff7c4e10000 - 0x00007ff7c4e43000 	C:\Program Files\Java\jdk1.7.0_79\jre\bin\java.exe
0x00007ffa228b0000 - 0x00007ffa22a71000 	C:\WINDOWS\SYSTEM32\ntdll.dll
0x00007ffa226f0000 - 0x00007ffa2279d000 	C:\WINDOWS\system32\KERNEL32.DLL
0x00007ffa1f420000 - 0x00007ffa1f608000 	C:\WINDOWS\system32\KERNELBASE.dll
0x00007ffa21500000 - 0x00007ffa215a7000 	C:\WINDOWS\system32\ADVAPI32.dll
0x00007ffa22810000 - 0x00007ffa228ad000 	C:\WINDOWS\system32\msvcrt.dll
0x00007ffa21bc0000 - 0x00007ffa21c1b000 	C:\WINDOWS\system32\sechost.dll
0x00007ffa21aa0000 - 0x00007ffa21bbc000 	C:\WINDOWS\system32\RPCRT4.dll
0x00007ffa215b0000 - 0x00007ffa21706000 	C:\WINDOWS\system32\USER32.dll
0x00007ffa21900000 - 0x00007ffa21a86000 	C:\WINDOWS\system32\GDI32.dll
0x00007ffa1b570000 - 0x00007ffa1b7e4000 	C:\WINDOWS\WinSxS\amd64_microsoft.windows.common-controls_6595b64144ccf1df_6.0.10586.0_none_8c15ae12515e1c22\COMCTL32.dll
0x00007ffa1fd20000 - 0x00007ffa1ff9d000 	C:\WINDOWS\system32\combase.dll
0x00007ffa1f0a0000 - 0x00007ffa1f10a000 	C:\WINDOWS\system32\bcryptPrimitives.dll
0x00007ffa226b0000 - 0x00007ffa226eb000 	C:\WINDOWS\system32\IMM32.DLL
0x0000000072070000 - 0x0000000072142000 	C:\Program Files\Java\jdk1.7.0_79\jre\bin\msvcr100.dll
0x0000000072150000 - 0x0000000072925000 	C:\Program Files\Java\jdk1.7.0_79\jre\bin\server\jvm.dll
0x00007ffa21a90000 - 0x00007ffa21a98000 	C:\WINDOWS\system32\PSAPI.DLL
0x00007ffa0ecb0000 - 0x00007ffa0ecb9000 	C:\WINDOWS\SYSTEM32\WSOCK32.dll
0x00007ffa217c0000 - 0x00007ffa2182b000 	C:\WINDOWS\system32\WS2_32.dll
0x00007ffa1d5d0000 - 0x00007ffa1d5f3000 	C:\WINDOWS\SYSTEM32\WINMM.dll
0x00007ffa1d570000 - 0x00007ffa1d59c000 	C:\WINDOWS\SYSTEM32\WINMMBASE.dll
0x00007ffa1f610000 - 0x00007ffa1f653000 	C:\WINDOWS\system32\cfgmgr32.dll
0x0000000075a10000 - 0x0000000075a1f000 	C:\Program Files\Java\jdk1.7.0_79\jre\bin\verify.dll
0x0000000074640000 - 0x0000000074668000 	C:\Program Files\Java\jdk1.7.0_79\jre\bin\java.dll
0x0000000072050000 - 0x0000000072065000 	C:\Program Files\Java\jdk1.7.0_79\jre\bin\zip.dll
0x0000000071c20000 - 0x0000000071c9c000 	C:\Program Files\Java\jdk1.7.0_79\jre\bin\deploy.dll
0x00007ffa22200000 - 0x00007ffa2221c000 	C:\WINDOWS\system32\imagehlp.dll
0x00007ffa21c20000 - 0x00007ffa21d63000 	C:\WINDOWS\system32\ole32.dll
0x00007ffa21830000 - 0x00007ffa218f1000 	C:\WINDOWS\system32\OLEAUT32.dll
0x00007ffa1c000000 - 0x00007ffa1c00a000 	C:\WINDOWS\SYSTEM32\VERSION.dll
0x00007ffa10080000 - 0x00007ffa10329000 	C:\WINDOWS\SYSTEM32\WININET.dll
0x00007ffa21d70000 - 0x00007ffa21dc2000 	C:\WINDOWS\system32\SHLWAPI.dll
0x00007ffa0db20000 - 0x00007ffa0dcd7000 	C:\WINDOWS\SYSTEM32\urlmon.dll
0x00007ffa1efe0000 - 0x00007ffa1f095000 	C:\WINDOWS\system32\shcore.dll
0x00007ffa13880000 - 0x00007ffa13c03000 	C:\WINDOWS\SYSTEM32\iertutil.dll
0x00007ffa1f660000 - 0x00007ffa1fca5000 	C:\WINDOWS\system32\windows.storage.dll
0x00007ffa1ef50000 - 0x00007ffa1ef5f000 	C:\WINDOWS\system32\kernel.appcore.dll
0x00007ffa1ef00000 - 0x00007ffa1ef4b000 	C:\WINDOWS\system32\powrprof.dll
0x00007ffa1eee0000 - 0x00007ffa1eef4000 	C:\WINDOWS\system32\profapi.dll
0x00007ffa1ffa0000 - 0x00007ffa214fc000 	C:\WINDOWS\system32\SHELL32.dll
0x00007ffa1e3c0000 - 0x00007ffa1e3f1000 	C:\WINDOWS\SYSTEM32\ntmarta.dll
0x00007ffa1eb50000 - 0x00007ffa1eb7d000 	C:\WINDOWS\SYSTEM32\SspiCli.dll
0x00007ffa0e4d0000 - 0x00007ffa0e4e5000 	C:\WINDOWS\SYSTEM32\ondemandconnroutehelper.dll
0x00007ffa1a890000 - 0x00007ffa1a8c8000 	C:\WINDOWS\SYSTEM32\IPHLPAPI.DLL
0x00007ffa12880000 - 0x00007ffa12948000 	C:\WINDOWS\SYSTEM32\winhttp.dll
0x00007ffa1fcb0000 - 0x00007ffa1fcb8000 	C:\WINDOWS\system32\NSI.dll
0x00007ffa15bc0000 - 0x00007ffa15bd6000 	C:\WINDOWS\SYSTEM32\dhcpcsvc6.DLL
0x00007ffa15ba0000 - 0x00007ffa15bba000 	C:\WINDOWS\SYSTEM32\dhcpcsvc.DLL
0x00007ffa1e7a0000 - 0x00007ffa1e7fc000 	C:\WINDOWS\system32\mswsock.dll
0x00007ffa156a0000 - 0x00007ffa156ab000 	C:\WINDOWS\SYSTEM32\WINNSI.DLL
0x00007ffa1d850000 - 0x00007ffa1d8fa000 	C:\WINDOWS\SYSTEM32\DNSAPI.dll
0x00007ffa0f3a0000 - 0x00007ffa0f3aa000 	C:\Windows\System32\rasadhlp.dll
0x0000000074740000 - 0x000000007474f000 	C:\Program Files\Java\jdk1.7.0_79\jre\bin\prism-d3d.dll
0x00007ffa0c6e0000 - 0x00007ffa0c8f0000 	C:\WINDOWS\system32\d3d9.dll
0x00007ffa1c660000 - 0x00007ffa1c682000 	C:\WINDOWS\SYSTEM32\dwmapi.dll
0x00007ffa1d930000 - 0x00007ffa1d9c6000 	C:\WINDOWS\system32\uxtheme.dll
0x00007ff9ed110000 - 0x00007ff9eefa3000 	C:\WINDOWS\SYSTEM32\igdumdim64.dll
0x00007ffa21dd0000 - 0x00007ffa221f9000 	C:\WINDOWS\system32\SETUPAPI.dll
0x0000000074700000 - 0x0000000074732000 	C:\Program Files\Java\jdk1.7.0_79\jre\bin\glass.dll
0x00007ffa22220000 - 0x00007ffa2232b000 	C:\WINDOWS\system32\COMDLG32.dll
0x00007ffa1f390000 - 0x00007ffa1f416000 	C:\WINDOWS\system32\FirewallAPI.dll
0x00007ffa1ef60000 - 0x00007ffa1ef77000 	C:\WINDOWS\system32\NETAPI32.dll
0x00007ffa1b330000 - 0x00007ffa1b33c000 	C:\WINDOWS\SYSTEM32\DAVHLPR.DLL
0x00007ffa1dc50000 - 0x00007ffa1dc82000 	C:\WINDOWS\SYSTEM32\fwbase.dll
0x00007ffa22330000 - 0x00007ffa2248a000 	C:\WINDOWS\system32\MSCTF.dll
0x00007ffa18520000 - 0x00007ffa1938f000 	C:\WINDOWS\SYSTEM32\igc64.dll
0x0000000071bd0000 - 0x0000000071c20000 	C:\Program Files\Java\jdk1.7.0_79\jre\bin\javafx-font.dll
0x00007ffa21710000 - 0x00007ffa217b7000 	C:\WINDOWS\system32\clbcatq.dll
0x00007ffa1b3b0000 - 0x00007ffa1b561000 	C:\WINDOWS\SYSTEM32\WindowsCodecs.dll
0x00007ffa0a560000 - 0x00007ffa0a5aa000 	C:\WINDOWS\system32\dataexchange.dll
0x00007ffa1c3b0000 - 0x00007ffa1c658000 	C:\WINDOWS\system32\d3d11.dll
0x00007ffa1d370000 - 0x00007ffa1d453000 	C:\WINDOWS\system32\dcomp.dll
0x00007ffa1c240000 - 0x00007ffa1c2e3000 	C:\WINDOWS\system32\dxgi.dll
0x00007ffa1d9d0000 - 0x00007ffa1dad0000 	C:\WINDOWS\system32\twinapi.appcore.dll
0x00007ffa1ee10000 - 0x00007ffa1ee39000 	C:\WINDOWS\system32\bcrypt.dll
0x00007ff9fdec0000 - 0x00007ff9fdef4000 	C:\Program Files\Common Files\Microsoft Shared\Ink\rtscom.dll
0x0000000072030000 - 0x000000007204a000 	C:\Program Files\Java\jdk1.7.0_79\jre\bin\net.dll
0x00007ffa15610000 - 0x00007ffa15677000 	C:\WINDOWS\System32\fwpuclnt.dll
0x0000000071e70000 - 0x0000000072005000 	C:\Program Files\Java\jdk1.7.0_79\jre\bin\awt.dll
0x00007ffa1d6c0000 - 0x00007ffa1d739000 	C:\WINDOWS\system32\apphelp.dll
0x00007ffa1e850000 - 0x00007ffa1e867000 	C:\WINDOWS\SYSTEM32\CRYPTSP.dll
0x00007ffa1e4e0000 - 0x00007ffa1e514000 	C:\WINDOWS\system32\rsaenh.dll
0x00007ffa1e630000 - 0x00007ffa1e64f000 	C:\WINDOWS\SYSTEM32\USERENV.dll
0x00007ffa1e970000 - 0x00007ffa1e97b000 	C:\WINDOWS\SYSTEM32\CRYPTBASE.dll
0x0000000072010000 - 0x0000000072021000 	C:\Program Files\Java\jdk1.7.0_79\jre\bin\nio.dll
0x00007ff9fc390000 - 0x00007ff9fc3b9000 	C:\Users\shnizle\AppData\Local\Temp\BridJExtractedLibraries2058941884233738165\bridj.dll
0x00007ff9fc350000 - 0x00007ff9fc386000 	C:\Users\shnizle\AppData\Local\Temp\BridJExtractedLibraries2058941884233738165\OpenIMAJGrabber.dll
0x00007ffa11320000 - 0x00007ffa11338000 	C:\Windows\System32\devenum.dll
0x00007ffa1d900000 - 0x00007ffa1d927000 	C:\WINDOWS\SYSTEM32\DEVOBJ.dll
0x00007ffa1ef80000 - 0x00007ffa1efd5000 	C:\WINDOWS\system32\WINTRUST.dll
0x00007ffa1eed0000 - 0x00007ffa1eee0000 	C:\WINDOWS\system32\MSASN1.dll
0x00007ffa1f110000 - 0x00007ffa1f2d7000 	C:\WINDOWS\system32\CRYPT32.dll
0x00007ffa1cee0000 - 0x00007ffa1ceea000 	C:\WINDOWS\SYSTEM32\msdmo.dll
0x00007ff9fcf60000 - 0x00007ff9fcf94000 	C:\Windows\System32\qcap.dll
0x00007ff9fc030000 - 0x00007ff9fc1fe000 	C:\Windows\System32\quartz.dll
0x00007ff9fcb20000 - 0x00007ff9fcb6f000 	C:\Windows\System32\ksproxy.ax
0x00007ffa042f0000 - 0x00007ffa042f8000 	C:\Windows\System32\ksuser.dll
0x00007ffa1c0a0000 - 0x00007ffa1c0f5000 	C:\WINDOWS\SYSTEM32\policymanager.dll
0x00007ffa1bd50000 - 0x00007ffa1bde2000 	C:\Windows\System32\msvcp110_win.dll
0x00007ffa08550000 - 0x00007ffa0855e000 	C:\Windows\System32\vidcap.ax
0x00007ff9fcaf0000 - 0x00007ff9fcb17000 	C:\Windows\System32\kswdmcap.ax
0x00007ff9fbba0000 - 0x00007ff9fbd10000 	C:\Windows\System32\MFC42.dll
0x00007ff9fbaf0000 - 0x00007ff9fbba0000 	C:\Windows\System32\ODBC32.dll
0x00007ffa1e520000 - 0x00007ffa1e52a000 	C:\Windows\System32\DPAPI.dll
0x00007ff9fb970000 - 0x00007ff9fba1b000 	C:\Windows\System32\qedit.dll
0x00007ff9fcac0000 - 0x00007ff9fcae9000 	C:\Windows\System32\MSVFW32.dll
0x00007ffa1aeb0000 - 0x00007ffa1b058000 	C:\WINDOWS\WinSxS\amd64_microsoft.windows.gdiplus_6595b64144ccf1df_1.1.10586.20_none_db007f1392e69ef4\gdiplus.dll
0x00007ff9faa30000 - 0x00007ff9fab2a000 	C:\Windows\System32\DDRAW.dll
0x00007ff9fb160000 - 0x00007ff9fb168000 	C:\Windows\System32\DCIMAN32.dll
0x00007ffa0df80000 - 0x00007ffa0df8c000 	C:\WINDOWS\SYSTEM32\msyuv.dll
0x000000006e740000 - 0x000000006fda5000 	C:\Users\shnizle\AppData\Local\Temp\xuggle\xuggle5400408692133125270.dll
0x00007ff9fdea0000 - 0x00007ff9fdeb8000 	C:\WINDOWS\SYSTEM32\AVICAP32.dll
0x00007ffa1b060000 - 0x00007ffa1b10a000 	C:\WINDOWS\WinSxS\amd64_microsoft.windows.common-controls_6595b64144ccf1df_5.82.10586.0_none_396e892957c7fb25\comctl32.dll
0x0000000071e20000 - 0x0000000071e67000 	C:\Program Files\Java\jdk1.7.0_79\jre\bin\fontmanager.dll
0x0000000071dd0000 - 0x0000000071e11000 	C:\Program Files\Java\jdk1.7.0_79\jre\bin\t2k.dll
0x00007ffa1cc40000 - 0x00007ffa1cdc6000 	C:\WINDOWS\SYSTEM32\PROPSYS.dll
0x00007ffa1c6d0000 - 0x00007ffa1cb63000 	C:\Windows\System32\ActXPrxy.dll
0x00007ff9f7c20000 - 0x00007ff9f7d47000 	C:\WINDOWS\system32\NetworkExplorer.dll
0x00007ffa12db0000 - 0x00007ffa12dcb000 	C:\WINDOWS\SYSTEM32\MPR.dll
0x00007ffa04e30000 - 0x00007ffa04e3b000 	C:\WINDOWS\System32\drprov.dll
0x00007ffa1eda0000 - 0x00007ffa1edf6000 	C:\WINDOWS\System32\WINSTA.dll
0x00007ff9fcf30000 - 0x00007ff9fcf46000 	C:\WINDOWS\System32\ntlanman.dll
0x00007ff9fc3c0000 - 0x00007ff9fc3e0000 	C:\WINDOWS\System32\davclnt.dll
0x00007ffa1a4d0000 - 0x00007ffa1a4e6000 	C:\WINDOWS\System32\wkscli.dll
0x00007ffa0df10000 - 0x00007ffa0df22000 	C:\WINDOWS\SYSTEM32\cscapi.dll
0x00007ffa1e2e0000 - 0x00007ffa1e2ec000 	C:\WINDOWS\System32\netutils.dll
0x00007ff9fec90000 - 0x00007ff9fed0f000 	C:\Windows\System32\dlnashext.dll
0x00007ff9fb770000 - 0x00007ff9fb7e4000 	C:\Windows\System32\PlayToDevice.dll

VM Arguments:
jvm_args: -Dfile.encoding=UTF-8 
java_command: C:\Users\shnizle\Documents\NetBeansProjects\Lec.2.0\dist\run1255895686\Lec.2.0.jar
Launcher Type: SUN_STANDARD

Environment Variables:
PATH=C:\ProgramData\Oracle\Java\javapath;C:\Program Files (x86)\Intel\iCLS Client\;C:\Program Files\Intel\iCLS Client\;C:\Windows\system32;C:\Windows;C:\Windows\System32\Wbem;C:\Windows\System32\WindowsPowerShell\v1.0\;C:\Program Files (x86)\Intel\Intel(R) Management Engine Components\DAL;C:\Program Files\Intel\Intel(R) Management Engine Components\DAL;C:\Program Files (x86)\Intel\Intel(R) Management Engine Components\IPT;C:\Program Files\Intel\Intel(R) Management Engine Components\IPT;C:\Program Files (x86)\NVIDIA Corporation\PhysX\Common;C:\Program Files (x86)\Skype\Phone\;C:\WINDOWS\system32;C:\WINDOWS;C:\WINDOWS\System32\Wbem;C:\WINDOWS\System32\WindowsPowerShell\v1.0\;C:\Program Files (x86)\Common Files\Adobe\AGL;C:\Program Files\Intel\WiFi\bin\;C:\Program Files\Common Files\Intel\WirelessCommon\;C:\Program Files (x86)\nodejs\;C:\Program Files (x86)\Java\jre7\bin;C:\Users\shnizle\AppData\Local\Programs\Git\cmd;C:\Program Files\Intel\WiFi\bin\;C:\Program Files\Common Files\Intel\WirelessCommon\;C:\Users\shnizle\AppData\Roaming\npm
USERNAME=shnizle
OS=Windows_NT
PROCESSOR_IDENTIFIER=Intel64 Family 6 Model 78 Stepping 3, GenuineIntel



---------------  S Y S T E M  ---------------

OS: Windows 8.1 , 64 bit Build 9600 

CPU:total 4 (2 cores per cpu, 2 threads per core) family 6 model 78 stepping 3, cmov, cx8, fxsr, mmx, sse, sse2, sse3, ssse3, sse4.1, sse4.2, popcnt, avx, avx2, aes, erms, ht, tsc, tscinvbit

Memory: 4k page, physical 16607712k(8367480k free), swap 25424488k(10684312k free)

vm_info: Java HotSpot(TM) 64-Bit Server VM (24.79-b02) for windows-amd64 JRE (1.7.0_79-b15), built on Apr 10 2015 12:36:16 by "java_re" with unknown MS VC++:1600

time: Wed May 18 02:10:28 2016
elapsed time: 43 seconds

