#
# A fatal error has been detected by the Java Runtime Environment:
#
#  EXCEPTION_ACCESS_VIOLATION (0xc0000005) at pc=0x000000006eef08b0, pid=7912, tid=16172
#
# JRE version: Java(TM) SE Runtime Environment (7.0_79-b15) (build 1.7.0_79-b15)
# Java VM: Java HotSpot(TM) 64-Bit Server VM (24.79-b02 mixed mode windows-amd64 compressed oops)
# Problematic frame:
# C  [xuggle4029819795932095733.dll+0x7b08b0]
#
# Failed to write core dump. Minidumps are not enabled by default on client versions of Windows
#
# If you would like to submit a bug report, please visit:
#   http://bugreport.java.com/bugreport/crash.jsp
# The crash happened outside the Java Virtual Machine in native code.
# See problematic frame for where to report the bug.
#

---------------  T H R E A D  ---------------

Current thread (0x0000000011229800):  JavaThread "JavaFX Application Thread" [_thread_in_native, id=16172, stack(0x0000000012230000,0x0000000012330000)]

siginfo: ExceptionCode=0xc0000005, reading address 0x00000000000025fc

Registers:
RAX=0x00000000169f3aa0, RBX=0x000000001e797b30, RCX=0x0000000000001fa1, RDX=0x0000000000000000
RSP=0x000000001232b090, RBP=0x0000000016a30ef0, RSI=0x0000000000000000, RDI=0x0000000000000002
R8 =0x0000000000003fec, R9 =0x0000000000000003, R10=0x000000001232afc0, R11=0x0000000024dfa800
R12=0x0000000000000000, R13=0x0000000000000044, R14=0x0000000000000000, R15=0x0000000000000044
RIP=0x000000006eef08b0, EFLAGS=0x0000000000010246

Top of Stack: (sp=0x000000001232b090)
0x000000001232b090:   0000000000000000 0000000042aa0000
0x000000001232b0a0:   0000000000000000 00000000028e8a20
0x000000001232b0b0:   000000001232b300 000000001232b208
0x000000001232b0c0:   000000001232b410 0000000000000000
0x000000001232b0d0:   0000000011229800 00000000028b0567
0x000000001232b0e0:   000000001232b410 00000000755bf83e
0x000000001232b0f0:   000000001232b410 000000001232b300
0x000000001232b100:   0000000011229800 0000000000000000
0x000000001232b110:   00000000028e8a20 000000001232b308
0x000000001232b120:   0000000600000001 0000000011229800
0x000000001232b130:   0000000011229800 0000000011172fc0
0x000000001232b140:   00000006fd6f8200 00000007ac7d6010
0x000000001232b150:   000000001232be10 00000000028c3124
0x000000001232b160:   000000001232bec0 000000001232b410
0x000000001232b170:   000000001232b159 0000000011229800
0x000000001232b180:   000000001123b7c0 0000000011158d80 

Instructions: (pc=0x000000006eef08b0)
0x000000006eef0890:   6a 5e 00 83 ea 01 f3 0f 10 50 04 48 63 d2 f3 0f
0x000000006eef08a0:   59 d3 85 f6 48 8b 94 d5 90 50 00 00 66 0f 5a f0
0x000000006eef08b0:   f3 0f 2a 8a fc 25 00 00 f3 0f 59 08 f3 0f 58 48
0x000000006eef08c0:   0c f3 0f 59 d6 f3 0f 59 f3 f3 0f 5e ca 0f 14 c9 


Register to memory mapping:

RAX=0x00000000169f3aa0 is an unknown value
RBX=0x000000001e797b30 is an unknown value
RCX=0x0000000000001fa1 is an unknown value
RDX=0x0000000000000000 is an unknown value
RSP=0x000000001232b090 is pointing into the stack for thread: 0x0000000011229800
RBP=0x0000000016a30ef0 is an unknown value
RSI=0x0000000000000000 is an unknown value
RDI=0x0000000000000002 is an unknown value
R8 =0x0000000000003fec is an unknown value
R9 =0x0000000000000003 is an unknown value
R10=0x000000001232afc0 is pointing into the stack for thread: 0x0000000011229800
R11=0x0000000024dfa800 is an unknown value
R12=0x0000000000000000 is an unknown value
R13=0x0000000000000044 is an unknown value
R14=0x0000000000000000 is an unknown value
R15=0x0000000000000044 is an unknown value


Stack: [0x0000000012230000,0x0000000012330000],  sp=0x000000001232b090,  free space=1004k
Native frames: (J=compiled Java code, j=interpreted, Vv=VM code, C=native code)
C  [xuggle4029819795932095733.dll+0x7b08b0]

Java frames: (J=compiled Java code, j=interpreted, Vv=VM code)
j  com.xuggle.xuggler.XugglerJNI.IStreamCoder_encodeVideo(JLcom/xuggle/xuggler/IStreamCoder;JLcom/xuggle/xuggler/IPacket;JLcom/xuggle/xuggler/IVideoPicture;I)I+0
j  com.xuggle.xuggler.IStreamCoder.encodeVideo(Lcom/xuggle/xuggler/IPacket;Lcom/xuggle/xuggler/IVideoPicture;I)I+16
j  com.xuggle.mediatool.MediaWriter.flush()V+130
j  com.xuggle.mediatool.MediaWriter.close()V+1
j  lecturus.main.VideoAudioRecorder.stopRecording()V+16
j  lecturus.main.RecordSessionController.startRecordingBtnAction(Ljavafx/event/ActionEvent;)V+118
v  ~StubRoutines::call_stub
j  sun.reflect.NativeMethodAccessorImpl.invoke0(Ljava/lang/reflect/Method;Ljava/lang/Object;[Ljava/lang/Object;)Ljava/lang/Object;+0
j  sun.reflect.NativeMethodAccessorImpl.invoke(Ljava/lang/Object;[Ljava/lang/Object;)Ljava/lang/Object;+87
j  sun.reflect.DelegatingMethodAccessorImpl.invoke(Ljava/lang/Object;[Ljava/lang/Object;)Ljava/lang/Object;+6
j  java.lang.reflect.Method.invoke(Ljava/lang/Object;[Ljava/lang/Object;)Ljava/lang/Object;+57
j  sun.reflect.misc.Trampoline.invoke(Ljava/lang/reflect/Method;Ljava/lang/Object;[Ljava/lang/Object;)Ljava/lang/Object;+7
j  sun.reflect.GeneratedMethodAccessor1.invoke(Ljava/lang/Object;[Ljava/lang/Object;)Ljava/lang/Object;+40
j  sun.reflect.DelegatingMethodAccessorImpl.invoke(Ljava/lang/Object;[Ljava/lang/Object;)Ljava/lang/Object;+6
j  java.lang.reflect.Method.invoke(Ljava/lang/Object;[Ljava/lang/Object;)Ljava/lang/Object;+57
j  sun.reflect.misc.MethodUtil.invoke(Ljava/lang/reflect/Method;Ljava/lang/Object;[Ljava/lang/Object;)Ljava/lang/Object;+20
j  javafx.fxml.FXMLLoader$ControllerMethodEventHandler.handle(Ljavafx/event/Event;)V+23
j  com.sun.javafx.event.CompositeEventHandler.dispatchBubblingEvent(Ljavafx/event/Event;)V+62
j  com.sun.javafx.event.EventHandlerManager.dispatchBubblingEvent(Ljavafx/event/EventType;Ljavafx/event/Event;)Ljavafx/event/Event;+29
j  com.sun.javafx.event.EventHandlerManager.dispatchBubblingEvent(Ljavafx/event/Event;)Ljavafx/event/Event;+8
j  com.sun.javafx.event.CompositeEventDispatcher.dispatchBubblingEvent(Ljavafx/event/Event;)Ljavafx/event/Event;+11
j  com.sun.javafx.event.BasicEventDispatcher.dispatchEvent(Ljavafx/event/Event;Ljavafx/event/EventDispatchChain;)Ljavafx/event/Event;+29
j  com.sun.javafx.event.EventDispatchChainImpl.dispatchEvent(Ljavafx/event/Event;)Ljavafx/event/Event;+69
j  com.sun.javafx.event.BasicEventDispatcher.dispatchEvent(Ljavafx/event/Event;Ljavafx/event/EventDispatchChain;)Ljavafx/event/Event;+17
j  com.sun.javafx.event.EventDispatchChainImpl.dispatchEvent(Ljavafx/event/Event;)Ljavafx/event/Event;+69
j  com.sun.javafx.event.BasicEventDispatcher.dispatchEvent(Ljavafx/event/Event;Ljavafx/event/EventDispatchChain;)Ljavafx/event/Event;+17
j  com.sun.javafx.event.EventDispatchChainImpl.dispatchEvent(Ljavafx/event/Event;)Ljavafx/event/Event;+69
j  com.sun.javafx.event.EventUtil.fireEventImpl(Ljavafx/event/EventDispatchChain;Ljavafx/event/EventTarget;Ljavafx/event/Event;)Ljavafx/event/Event;+10
j  com.sun.javafx.event.EventUtil.fireEvent(Ljavafx/event/EventTarget;Ljavafx/event/Event;)Ljavafx/event/Event;+37
j  javafx.event.Event.fireEvent(Ljavafx/event/EventTarget;Ljavafx/event/Event;)V+30
j  javafx.scene.Node.fireEvent(Ljavafx/event/Event;)V+86
j  javafx.scene.control.Button.fire()V+8
j  com.sun.javafx.scene.control.behavior.ButtonBehavior.mouseReleased(Ljavafx/scene/input/MouseEvent;)V+23
j  com.sun.javafx.scene.control.skin.SkinBase$4.handle(Ljavafx/scene/input/MouseEvent;)V+83
j  com.sun.javafx.scene.control.skin.SkinBase$4.handle(Ljavafx/event/Event;)V+5
j  com.sun.javafx.event.CompositeEventHandler.dispatchBubblingEvent(Ljavafx/event/Event;)V+42
j  com.sun.javafx.event.EventHandlerManager.dispatchBubblingEvent(Ljavafx/event/EventType;Ljavafx/event/Event;)Ljavafx/event/Event;+29
j  com.sun.javafx.event.EventHandlerManager.dispatchBubblingEvent(Ljavafx/event/Event;)Ljavafx/event/Event;+8
j  com.sun.javafx.event.CompositeEventDispatcher.dispatchBubblingEvent(Ljavafx/event/Event;)Ljavafx/event/Event;+11
j  com.sun.javafx.event.BasicEventDispatcher.dispatchEvent(Ljavafx/event/Event;Ljavafx/event/EventDispatchChain;)Ljavafx/event/Event;+29
j  com.sun.javafx.event.EventDispatchChainImpl.dispatchEvent(Ljavafx/event/Event;)Ljavafx/event/Event;+69
j  com.sun.javafx.event.BasicEventDispatcher.dispatchEvent(Ljavafx/event/Event;Ljavafx/event/EventDispatchChain;)Ljavafx/event/Event;+17
j  com.sun.javafx.event.EventDispatchChainImpl.dispatchEvent(Ljavafx/event/Event;)Ljavafx/event/Event;+69
j  com.sun.javafx.event.BasicEventDispatcher.dispatchEvent(Ljavafx/event/Event;Ljavafx/event/EventDispatchChain;)Ljavafx/event/Event;+17
j  com.sun.javafx.event.EventDispatchChainImpl.dispatchEvent(Ljavafx/event/Event;)Ljavafx/event/Event;+69
j  com.sun.javafx.event.BasicEventDispatcher.dispatchEvent(Ljavafx/event/Event;Ljavafx/event/EventDispatchChain;)Ljavafx/event/Event;+17
j  com.sun.javafx.event.EventDispatchChainImpl.dispatchEvent(Ljavafx/event/Event;)Ljavafx/event/Event;+69
j  com.sun.javafx.event.EventUtil.fireEventImpl(Ljavafx/event/EventDispatchChain;Ljavafx/event/EventTarget;Ljavafx/event/Event;)Ljavafx/event/Event;+10
j  com.sun.javafx.event.EventUtil.fireEvent(Ljavafx/event/EventTarget;Ljavafx/event/Event;)Ljavafx/event/Event;+46
j  javafx.event.Event.fireEvent(Ljavafx/event/EventTarget;Ljavafx/event/Event;)V+30
j  javafx.scene.Scene$MouseHandler.process(Ljavafx/scene/input/MouseEvent;Z)V+405
j  javafx.scene.Scene$MouseHandler.process(Ljavafx/scene/input/MouseEvent;)V+3
j  javafx.scene.Scene$MouseHandler.access$1900(Ljavafx/scene/Scene$MouseHandler;Ljavafx/scene/input/MouseEvent;)V+2
j  javafx.scene.Scene.impl_processMouseEvent(Ljavafx/scene/input/MouseEvent;)V+16
j  javafx.scene.Scene$ScenePeerListener.mouseEvent(Ljava/lang/Object;)V+11
j  com.sun.javafx.tk.quantum.GlassViewEventHandler$MouseEventNotification.run()Ljava/lang/Void;+329
j  com.sun.javafx.tk.quantum.GlassViewEventHandler$MouseEventNotification.run()Ljava/lang/Object;+1
v  ~StubRoutines::call_stub
j  java.security.AccessController.doPrivileged(Ljava/security/PrivilegedAction;Ljava/security/AccessControlContext;)Ljava/lang/Object;+0
j  com.sun.javafx.tk.quantum.GlassViewEventHandler.handleMouseEvent(Lcom/sun/glass/ui/View;JIIIIIIIIZZ)V+117
j  com.sun.glass.ui.View.handleMouseEvent(JIIIIIIIIZZ)V+38
j  com.sun.glass.ui.View.notifyMouse(IIIIIIIZZ)V+184
v  ~StubRoutines::call_stub
j  com.sun.glass.ui.win.WinApplication._runLoop([Ljava/lang/String;Lcom/sun/glass/ui/Launchable;)V+0
j  com.sun.glass.ui.win.WinApplication.access$100(Lcom/sun/glass/ui/win/WinApplication;[Ljava/lang/String;Lcom/sun/glass/ui/Launchable;)V+3
j  com.sun.glass.ui.win.WinApplication$3$1.run()V+32
j  java.lang.Thread.run()V+11
v  ~StubRoutines::call_stub

---------------  P R O C E S S  ---------------

Java Threads: ( => current thread )
  0x0000000017187000 JavaThread "Keep-Alive-Timer" daemon [_thread_blocked, id=19256, stack(0x0000000050250000,0x0000000050350000)]
  0x0000000017182000 JavaThread "Thread-7" [_thread_in_native, id=16252, stack(0x000000001c420000,0x000000001c520000)]
  0x0000000017188000 JavaThread "Java Sound Event Dispatcher" daemon [_thread_blocked, id=7028, stack(0x000000001bf20000,0x000000001c020000)]
  0x0000000017186800 JavaThread "Swing-Shell" daemon [_thread_blocked, id=16108, stack(0x000000001ace0000,0x000000001ade0000)]
  0x0000000016c23800 JavaThread "AWT-Windows" daemon [_thread_in_native, id=8384, stack(0x000000001a9e0000,0x000000001aae0000)]
  0x0000000016c26000 JavaThread "Java2D Disposer" daemon [_thread_blocked, id=10424, stack(0x0000000019be0000,0x0000000019ce0000)]
  0x0000000016c2a800 JavaThread "webcam-updater-thread-1" daemon [_thread_blocked, id=4344, stack(0x0000000019ae0000,0x0000000019be0000)]
  0x0000000016c27800 JavaThread "frames-refresher-[0]" daemon [_thread_blocked, id=22248, stack(0x00000000199e0000,0x0000000019ae0000)]
  0x0000000016c26800 JavaThread "webcam-lock-[TOSHIBA Web Camera - HD 0]" daemon [_thread_blocked, id=19464, stack(0x0000000019360000,0x0000000019460000)]
  0x0000000016c25000 JavaThread "webcam-discovery-service" daemon [_thread_blocked, id=18164, stack(0x0000000019260000,0x0000000019360000)]
  0x0000000016c29000 JavaThread "atomic-processor-1" daemon [_thread_in_native, id=12940, stack(0x0000000019160000,0x0000000019260000)]
  0x0000000016c29800 JavaThread "Thread-8" [_thread_in_native, id=17184, stack(0x0000000018f60000,0x0000000019060000)]
  0x0000000016ada800 JavaThread "Prism Font Disposer" daemon [_thread_blocked, id=10816, stack(0x00000000172c0000,0x00000000173c0000)]
  0x00000000112fa800 JavaThread "Thread-3" daemon [_thread_in_native, id=4964, stack(0x00000000168c0000,0x00000000169c0000)]
=>0x0000000011229800 JavaThread "JavaFX Application Thread" [_thread_in_native, id=16172, stack(0x0000000012230000,0x0000000012330000)]
  0x0000000011229000 JavaThread "Thread-2" daemon [_thread_blocked, id=22176, stack(0x0000000012130000,0x0000000012230000)]
  0x0000000011228000 JavaThread "Disposer" daemon [_thread_blocked, id=17684, stack(0x0000000012030000,0x0000000012130000)]
  0x0000000011172000 JavaThread "QuantumRenderer-0" daemon [_thread_blocked, id=21908, stack(0x0000000011d50000,0x0000000011e50000)]
  0x00000000111da800 JavaThread "JavaFX-Launcher" [_thread_blocked, id=13584, stack(0x0000000011c50000,0x0000000011d50000)]
  0x0000000011113800 JavaThread "traceMsgQueueThread" daemon [_thread_blocked, id=12968, stack(0x00000000113d0000,0x00000000114d0000)]
  0x000000000f679000 JavaThread "Service Thread" daemon [_thread_blocked, id=9224, stack(0x0000000010dd0000,0x0000000010ed0000)]
  0x000000000f666000 JavaThread "C2 CompilerThread1" daemon [_thread_blocked, id=21384, stack(0x0000000010cd0000,0x0000000010dd0000)]
  0x000000000f664800 JavaThread "C2 CompilerThread0" daemon [_thread_blocked, id=13012, stack(0x0000000010bd0000,0x0000000010cd0000)]
  0x000000000f663800 JavaThread "Attach Listener" daemon [_thread_blocked, id=17888, stack(0x0000000010ad0000,0x0000000010bd0000)]
  0x000000000f660000 JavaThread "Signal Dispatcher" daemon [_thread_blocked, id=18660, stack(0x00000000109d0000,0x0000000010ad0000)]
  0x000000000f62f000 JavaThread "Finalizer" daemon [_thread_blocked, id=22184, stack(0x00000000108d0000,0x00000000109d0000)]
  0x000000000f626000 JavaThread "Reference Handler" daemon [_thread_blocked, id=7596, stack(0x00000000107d0000,0x00000000108d0000)]
  0x000000000264d800 JavaThread "main" [_thread_blocked, id=11660, stack(0x00000000026b0000,0x00000000027b0000)]

Other Threads:
  0x000000000f622000 VMThread [stack: 0x00000000106d0000,0x00000000107d0000] [id=4352]
  0x000000000f683800 WatcherThread [stack: 0x0000000010ed0000,0x0000000010fd0000] [id=1324]

VM state:not at safepoint (normal execution)

VM Mutex/Monitor currently owned by a thread: None

Heap
 PSYoungGen      total 33792K, used 17392K [0x00000007ab800000, 0x00000007adb80000, 0x0000000800000000)
  eden space 31232K, 52% used [0x00000007ab800000,0x00000007ac810950,0x00000007ad680000)
  from space 2560K, 36% used [0x00000007ad680000,0x00000007ad76b830,0x00000007ad900000)
  to   space 2560K, 0% used [0x00000007ad900000,0x00000007ad900000,0x00000007adb80000)
 ParOldGen       total 173056K, used 60652K [0x0000000702800000, 0x000000070d100000, 0x00000007ab800000)
  object space 173056K, 35% used [0x0000000702800000,0x000000070633b0b8,0x000000070d100000)
 PSPermGen       total 26112K, used 25864K [0x00000006fd600000, 0x00000006fef80000, 0x0000000702800000)
  object space 26112K, 99% used [0x00000006fd600000,0x00000006fef42140,0x00000006fef80000)

Card table byte_map: [0x0000000005970000,0x0000000006190000] byte_map_base: 0x0000000002185000

Polling page: 0x0000000000f80000

Code Cache  [0x00000000028b0000, 0x0000000002b20000, 0x00000000058b0000)
 total_blobs=1219 nmethods=471 adapters=700 free_code_cache=47680Kb largest_free_block=48780352

Compilation events (10 events):
Event: 134.283 Thread 0x000000000f664800 nmethod 497 0x0000000002a21f10 code [0x0000000002a22060, 0x0000000002a22118]
Event: 134.285 Thread 0x000000000f666000 nmethod 494 0x0000000002a22cd0 code [0x0000000002a22ea0, 0x0000000002a23550]
Event: 140.332 Thread 0x000000000f666000  499             com.xuggle.xuggler.IPacket::getMyCPtr (24 bytes)
Event: 140.332 Thread 0x000000000f664800  498             com.xuggle.xuggler.IPacket::getCPtr (11 bytes)
Event: 140.332 Thread 0x000000000f666000 nmethod 499 0x0000000002a22a90 code [0x0000000002a22bc0, 0x0000000002a22c38]
Event: 140.332 Thread 0x000000000f664800 nmethod 498 0x0000000002a22850 code [0x0000000002a22980, 0x0000000002a229f8]
Event: 140.408 Thread 0x000000000f666000  500             com.sun.prism.impl.BaseTexture::getContentX (5 bytes)
Event: 140.408 Thread 0x000000000f664800  501             com.sun.prism.impl.BaseTexture::getContentY (5 bytes)
Event: 140.408 Thread 0x000000000f664800 nmethod 501 0x0000000002a22650 code [0x0000000002a22780, 0x0000000002a227d8]
Event: 140.408 Thread 0x000000000f666000 nmethod 500 0x0000000002a29290 code [0x0000000002a293c0, 0x0000000002a29418]

GC Heap History (10 events):
Event: 138.501 GC heap before
{Heap before GC invocations=61 (full 0):
 PSYoungGen      total 34304K, used 31983K [0x00000007ab800000, 0x00000007adc80000, 0x0000000800000000)
  eden space 31232K, 99% used [0x00000007ab800000,0x00000007ad6485c0,0x00000007ad680000)
  from space 3072K, 31% used [0x00000007ad980000,0x00000007ada73830,0x00000007adc80000)
  to   space 3072K, 0% used [0x00000007ad680000,0x00000007ad680000,0x00000007ad980000)
 ParOldGen       total 173056K, used 58832K [0x0000000702800000, 0x000000070d100000, 0x00000007ab800000)
  object space 173056K, 33% used [0x0000000702800000,0x0000000706174058,0x000000070d100000)
 PSPermGen       total 26112K, used 25861K [0x00000006fd600000, 0x00000006fef80000, 0x0000000702800000)
  object space 26112K, 99% used [0x00000006fd600000,0x00000006fef41678,0x00000006fef80000)
Event: 138.503 GC heap after
Heap after GC invocations=61 (full 0):
 PSYoungGen      total 34304K, used 942K [0x00000007ab800000, 0x00000007adc80000, 0x0000000800000000)
  eden space 31232K, 0% used [0x00000007ab800000,0x00000007ab800000,0x00000007ad680000)
  from space 3072K, 30% used [0x00000007ad680000,0x00000007ad76b830,0x00000007ad980000)
  to   space 3072K, 0% used [0x00000007ad980000,0x00000007ad980000,0x00000007adc80000)
 ParOldGen       total 173056K, used 59220K [0x0000000702800000, 0x000000070d100000, 0x00000007ab800000)
  object space 173056K, 34% used [0x0000000702800000,0x00000007061d5078,0x000000070d100000)
 PSPermGen       total 26112K, used 25861K [0x00000006fd600000, 0x00000006fef80000, 0x0000000702800000)
  object space 26112K, 99% used [0x00000006fd600000,0x00000006fef41678,0x00000006fef80000)
}
Event: 139.863 GC heap before
{Heap before GC invocations=62 (full 0):
 PSYoungGen      total 34304K, used 31963K [0x00000007ab800000, 0x00000007adc80000, 0x0000000800000000)
  eden space 31232K, 99% used [0x00000007ab800000,0x00000007ad64b580,0x00000007ad680000)
  from space 3072K, 30% used [0x00000007ad680000,0x00000007ad76b830,0x00000007ad980000)
  to   space 3072K, 0% used [0x00000007ad980000,0x00000007ad980000,0x00000007adc80000)
 ParOldGen       total 173056K, used 59220K [0x0000000702800000, 0x000000070d100000, 0x00000007ab800000)
  object space 173056K, 34% used [0x0000000702800000,0x00000007061d5078,0x000000070d100000)
 PSPermGen       total 26112K, used 25862K [0x00000006fd600000, 0x00000006fef80000, 0x0000000702800000)
  object space 26112K, 99% used [0x00000006fd600000,0x00000006fef41860,0x00000006fef80000)
Event: 139.865 GC heap after
Heap after GC invocations=62 (full 0):
 PSYoungGen      total 33280K, used 1392K [0x00000007ab800000, 0x00000007adb80000, 0x0000000800000000)
  eden space 31232K, 0% used [0x00000007ab800000,0x00000007ab800000,0x00000007ad680000)
  from space 2048K, 67% used [0x00000007ad980000,0x00000007adadc050,0x00000007adb80000)
  to   space 2560K, 0% used [0x00000007ad680000,0x00000007ad680000,0x00000007ad900000)
 ParOldGen       total 173056K, used 59584K [0x0000000702800000, 0x000000070d100000, 0x00000007ab800000)
  object space 173056K, 34% used [0x0000000702800000,0x0000000706230088,0x000000070d100000)
 PSPermGen       total 26112K, used 25862K [0x00000006fd600000, 0x00000006fef80000, 0x0000000702800000)
  object space 26112K, 99% used [0x00000006fd600000,0x00000006fef41860,0x00000006fef80000)
}
Event: 141.222 GC heap before
{Heap before GC invocations=63 (full 0):
 PSYoungGen      total 33280K, used 32514K [0x00000007ab800000, 0x00000007adb80000, 0x0000000800000000)
  eden space 31232K, 99% used [0x00000007ab800000,0x00000007ad664888,0x00000007ad680000)
  from space 2048K, 67% used [0x00000007ad980000,0x00000007adadc050,0x00000007adb80000)
  to   space 2560K, 0% used [0x00000007ad680000,0x00000007ad680000,0x00000007ad900000)
 ParOldGen       total 173056K, used 59584K [0x0000000702800000, 0x000000070d100000, 0x00000007ab800000)
  object space 173056K, 34% used [0x0000000702800000,0x0000000706230088,0x000000070d100000)
 PSPermGen       total 26112K, used 25862K [0x00000006fd600000, 0x00000006fef80000, 0x0000000702800000)
  object space 26112K, 99% used [0x00000006fd600000,0x00000006fef41b40,0x00000006fef80000)
Event: 141.223 GC heap after
Heap after GC invocations=63 (full 0):
 PSYoungGen      total 33792K, used 1167K [0x00000007ab800000, 0x00000007adb80000, 0x0000000800000000)
  eden space 31232K, 0% used [0x00000007ab800000,0x00000007ab800000,0x00000007ad680000)
  from space 2560K, 45% used [0x00000007ad680000,0x00000007ad7a3c40,0x00000007ad900000)
  to   space 2560K, 0% used [0x00000007ad900000,0x00000007ad900000,0x00000007adb80000)
 ParOldGen       total 173056K, used 59940K [0x0000000702800000, 0x000000070d100000, 0x00000007ab800000)
  object space 173056K, 34% used [0x0000000702800000,0x0000000706289098,0x000000070d100000)
 PSPermGen       total 26112K, used 25862K [0x00000006fd600000, 0x00000006fef80000, 0x0000000702800000)
  object space 26112K, 99% used [0x00000006fd600000,0x00000006fef41b40,0x00000006fef80000)
}
Event: 142.562 GC heap before
{Heap before GC invocations=64 (full 0):
 PSYoungGen      total 33792K, used 32204K [0x00000007ab800000, 0x00000007adb80000, 0x0000000800000000)
  eden space 31232K, 99% used [0x00000007ab800000,0x00000007ad64f768,0x00000007ad680000)
  from space 2560K, 45% used [0x00000007ad680000,0x00000007ad7a3c40,0x00000007ad900000)
  to   space 2560K, 0% used [0x00000007ad900000,0x00000007ad900000,0x00000007adb80000)
 ParOldGen       total 173056K, used 59940K [0x0000000702800000, 0x000000070d100000, 0x00000007ab800000)
  object space 173056K, 34% used [0x0000000702800000,0x0000000706289098,0x000000070d100000)
 PSPermGen       total 26112K, used 25863K [0x00000006fd600000, 0x00000006fef80000, 0x0000000702800000)
  object space 26112K, 99% used [0x00000006fd600000,0x00000006fef41e90,0x00000006fef80000)
Event: 142.563 GC heap after
Heap after GC invocations=64 (full 0):
 PSYoungGen      total 33792K, used 942K [0x00000007ab800000, 0x00000007adb80000, 0x0000000800000000)
  eden space 31232K, 0% used [0x00000007ab800000,0x00000007ab800000,0x00000007ad680000)
  from space 2560K, 36% used [0x00000007ad900000,0x00000007ad9eb830,0x00000007adb80000)
  to   space 2560K, 0% used [0x00000007ad680000,0x00000007ad680000,0x00000007ad900000)
 ParOldGen       total 173056K, used 60296K [0x0000000702800000, 0x000000070d100000, 0x00000007ab800000)
  object space 173056K, 34% used [0x0000000702800000,0x00000007062e20a8,0x000000070d100000)
 PSPermGen       total 26112K, used 25863K [0x00000006fd600000, 0x00000006fef80000, 0x0000000702800000)
  object space 26112K, 99% used [0x00000006fd600000,0x00000006fef41e90,0x00000006fef80000)
}
Event: 143.785 GC heap before
{Heap before GC invocations=65 (full 0):
 PSYoungGen      total 33792K, used 29259K [0x00000007ab800000, 0x00000007adb80000, 0x0000000800000000)
  eden space 31232K, 90% used [0x00000007ab800000,0x00000007ad3a7670,0x00000007ad680000)
  from space 2560K, 36% used [0x00000007ad900000,0x00000007ad9eb830,0x00000007adb80000)
  to   space 2560K, 0% used [0x00000007ad680000,0x00000007ad680000,0x00000007ad900000)
 ParOldGen       total 173056K, used 60296K [0x0000000702800000, 0x000000070d100000, 0x00000007ab800000)
  object space 173056K, 34% used [0x0000000702800000,0x00000007062e20a8,0x000000070d100000)
 PSPermGen       total 26112K, used 25864K [0x00000006fd600000, 0x00000006fef80000, 0x0000000702800000)
  object space 26112K, 99% used [0x00000006fd600000,0x00000006fef42140,0x00000006fef80000)
Event: 143.787 GC heap after
Heap after GC invocations=65 (full 0):
 PSYoungGen      total 33792K, used 942K [0x00000007ab800000, 0x00000007adb80000, 0x0000000800000000)
  eden space 31232K, 0% used [0x00000007ab800000,0x00000007ab800000,0x00000007ad680000)
  from space 2560K, 36% used [0x00000007ad680000,0x00000007ad76b830,0x00000007ad900000)
  to   space 2560K, 0% used [0x00000007ad900000,0x00000007ad900000,0x00000007adb80000)
 ParOldGen       total 173056K, used 60652K [0x0000000702800000, 0x000000070d100000, 0x00000007ab800000)
  object space 173056K, 35% used [0x0000000702800000,0x000000070633b0b8,0x000000070d100000)
 PSPermGen       total 26112K, used 25864K [0x00000006fd600000, 0x00000006fef80000, 0x0000000702800000)
  object space 26112K, 99% used [0x00000006fd600000,0x00000006fef42140,0x00000006fef80000)
}

Deoptimization events (10 events):
Event: 14.063 Thread 0x0000000011229800 Uncommon trap: reason=class_check action=maybe_recompile pc=0x000000000294b9e0 method=java.util.HashMap.put(Ljava/lang/Object;Ljava/lang/Object;)Ljava/lang/Object; @ 105
Event: 17.824 Thread 0x0000000016c29800 Uncommon trap: reason=bimorphic action=maybe_recompile pc=0x000000000295b938 method=java.util.Collections$UnmodifiableCollection.size()I @ 4
Event: 18.038 Thread 0x0000000011229800 Uncommon trap: reason=null_check action=make_not_entrant pc=0x00000000029d4a3c method=com.sun.javafx.css.StyleHelper.getInlineStyleMap(Lcom/sun/javafx/css/Styleable;)Ljava/util/Map; @ 27
Event: 18.038 Thread 0x0000000011229800 Uncommon trap: reason=null_check action=make_not_entrant pc=0x000000000299ef44 method=com.sun.javafx.css.StyleHelper.getInlineStyleMap(Lcom/sun/javafx/css/Styleable;)Ljava/util/Map; @ 27
Event: 18.039 Thread 0x0000000011229800 Uncommon trap: reason=null_check action=make_not_entrant pc=0x00000000029c14b8 method=com.sun.javafx.css.StyleHelper.getInlineStyleMap(Lcom/sun/javafx/css/Styleable;)Ljava/util/Map; @ 27
Event: 22.962 Thread 0x000000000f62f000 Uncommon trap: reason=unreached action=reinterpret pc=0x0000000002987cdc method=java.lang.ref.ReferenceQueue.poll()Ljava/lang/ref/Reference; @ 4
Event: 22.963 Thread 0x000000000f62f000 Uncommon trap: reason=unreached action=reinterpret pc=0x000000000297a394 method=java.lang.ref.ReferenceQueue.poll()Ljava/lang/ref/Reference; @ 4
Event: 24.056 Thread 0x0000000016c29800 Uncommon trap: reason=unreached action=reinterpret pc=0x000000000297063c method=java.awt.image.ComponentSampleModel.getDataElements(IILjava/lang/Object;Ljava/awt/image/DataBuffer;)Ljava/lang/Object; @ 101
Event: 24.734 Thread 0x0000000011229800 Uncommon trap: reason=unreached action=reinterpret pc=0x00000000029a045c method=java.util.HashMap.put(Ljava/lang/Object;Ljava/lang/Object;)Ljava/lang/Object; @ 19
Event: 142.656 Thread 0x0000000011229800 Uncommon trap: reason=predicate action=maybe_recompile pc=0x0000000002992fe4 method=java.util.LinkedList.remove(Ljava/lang/Object;)Z @ 48

Internal exceptions (10 events):
Event: 18.447 Thread 0x0000000016c29000 Threw 0x00000007af0effc8 at C:\re\jdk7u79\2331\hotspot\src\share\vm\prims\jni.cpp:1632
Event: 18.451 Thread 0x0000000016c29000 Threw 0x00000007af110848 at C:\re\jdk7u79\2331\hotspot\src\share\vm\prims\jni.cpp:1632
Event: 18.451 Thread 0x0000000016c29000 Threw 0x00000007af111950 at C:\re\jdk7u79\2331\hotspot\src\share\vm\prims\jni.cpp:1632
Event: 18.459 Thread 0x0000000016c29000 Threw 0x00000007af1320b0 at C:\re\jdk7u79\2331\hotspot\src\share\vm\prims\jni.cpp:1632
Event: 18.459 Thread 0x0000000016c29000 Threw 0x00000007af132228 at C:\re\jdk7u79\2331\hotspot\src\share\vm\prims\jni.cpp:1632
Event: 18.459 Thread 0x0000000016c29000 Threw 0x00000007af138aa0 at C:\re\jdk7u79\2331\hotspot\src\share\vm\prims\jni.cpp:1632
Event: 18.459 Thread 0x0000000016c29000 Threw 0x00000007af138c20 at C:\re\jdk7u79\2331\hotspot\src\share\vm\prims\jni.cpp:1632
Event: 23.954 Thread 0x0000000016c29800 Threw 0x00000007abbd0718 at C:\re\jdk7u79\2331\hotspot\src\share\vm\prims\jni.cpp:717
Event: 24.056 Thread 0x0000000016c29800 Implicit null exception at 0x000000000296f99a to 0x0000000002970621
Event: 24.734 Thread 0x0000000011229800 Implicit null exception at 0x000000000299fb99 to 0x00000000029a044d

Events (10 events):
Event: 141.222 Executing VM operation: ParallelGCFailedAllocation
Event: 141.224 Executing VM operation: ParallelGCFailedAllocation done
Event: 142.562 Executing VM operation: ParallelGCFailedAllocation
Event: 142.563 Executing VM operation: ParallelGCFailedAllocation done
Event: 142.656 Thread 0x0000000011229800 Uncommon trap: trap_request=0xffffff86 fr.pc=0x0000000002992fe4
Event: 142.656 Thread 0x0000000011229800 DEOPT PACKING pc=0x0000000002992fe4 sp=0x000000001232dc00
Event: 142.656 Thread 0x0000000011229800 DEOPT UNPACKING pc=0x00000000028e75a4 sp=0x000000001232dba8 mode 2
Event: 143.764 Thread 0x0000000017187000 Thread added: 0x0000000017187000
Event: 143.785 Executing VM operation: ParallelGCFailedAllocation
Event: 143.787 Executing VM operation: ParallelGCFailedAllocation done


Dynamic libraries:
0x00007ff79bcb0000 - 0x00007ff79bce3000 	C:\Program Files\Java\jdk1.7.0_79\jre\bin\java.exe
0x00007ffb3c2b0000 - 0x00007ffb3c471000 	C:\WINDOWS\SYSTEM32\ntdll.dll
0x00007ffb3bbf0000 - 0x00007ffb3bc9d000 	C:\WINDOWS\system32\KERNEL32.DLL
0x00007ffb38d40000 - 0x00007ffb38f28000 	C:\WINDOWS\system32\KERNELBASE.dll
0x00007ffb3ba00000 - 0x00007ffb3baa7000 	C:\WINDOWS\system32\ADVAPI32.dll
0x00007ffb3bb10000 - 0x00007ffb3bbad000 	C:\WINDOWS\system32\msvcrt.dll
0x00007ffb3b2d0000 - 0x00007ffb3b32b000 	C:\WINDOWS\system32\sechost.dll
0x00007ffb396b0000 - 0x00007ffb397cc000 	C:\WINDOWS\system32\RPCRT4.dll
0x00007ffb397d0000 - 0x00007ffb39926000 	C:\WINDOWS\system32\USER32.dll
0x00007ffb3be50000 - 0x00007ffb3bfd6000 	C:\WINDOWS\system32\GDI32.dll
0x00007ffb326f0000 - 0x00007ffb32964000 	C:\WINDOWS\WinSxS\amd64_microsoft.windows.common-controls_6595b64144ccf1df_6.0.10586.0_none_8c15ae12515e1c22\COMCTL32.dll
0x00007ffb3b4a0000 - 0x00007ffb3b71d000 	C:\WINDOWS\system32\combase.dll
0x00007ffb38c80000 - 0x00007ffb38cea000 	C:\WINDOWS\system32\bcryptPrimitives.dll
0x00007ffb3bbb0000 - 0x00007ffb3bbeb000 	C:\WINDOWS\system32\IMM32.DLL
0x00000000775d0000 - 0x00000000776a2000 	C:\Program Files\Java\jdk1.7.0_79\jre\bin\msvcr100.dll
0x00000000753f0000 - 0x0000000075bc5000 	C:\Program Files\Java\jdk1.7.0_79\jre\bin\server\jvm.dll
0x00007ffb3c1d0000 - 0x00007ffb3c1d8000 	C:\WINDOWS\system32\PSAPI.DLL
0x00007ffb27710000 - 0x00007ffb27719000 	C:\WINDOWS\SYSTEM32\WSOCK32.dll
0x00007ffb36fd0000 - 0x00007ffb36ff3000 	C:\WINDOWS\SYSTEM32\WINMM.dll
0x00007ffb3c240000 - 0x00007ffb3c2ab000 	C:\WINDOWS\system32\WS2_32.dll
0x00007ffb36fa0000 - 0x00007ffb36fcc000 	C:\WINDOWS\SYSTEM32\WINMMBASE.dll
0x00007ffb38cf0000 - 0x00007ffb38d33000 	C:\WINDOWS\system32\cfgmgr32.dll
0x0000000050b80000 - 0x0000000050b8f000 	C:\Program Files\Java\jdk1.7.0_79\jre\bin\verify.dll
0x0000000077ec0000 - 0x0000000077ee8000 	C:\Program Files\Java\jdk1.7.0_79\jre\bin\java.dll
0x0000000077ea0000 - 0x0000000077eb5000 	C:\Program Files\Java\jdk1.7.0_79\jre\bin\zip.dll
0x00000000750a0000 - 0x000000007511c000 	C:\Program Files\Java\jdk1.7.0_79\jre\bin\deploy.dll
0x00007ffb3b480000 - 0x00007ffb3b49c000 	C:\WINDOWS\system32\imagehlp.dll
0x00007ffb3b330000 - 0x00007ffb3b473000 	C:\WINDOWS\system32\ole32.dll
0x00007ffb3bfe0000 - 0x00007ffb3c0a1000 	C:\WINDOWS\system32\OLEAUT32.dll
0x00007ffb32980000 - 0x00007ffb3298a000 	C:\WINDOWS\SYSTEM32\VERSION.dll
0x00007ffb28b30000 - 0x00007ffb28dd9000 	C:\WINDOWS\SYSTEM32\WININET.dll
0x00007ffb3c1e0000 - 0x00007ffb3c232000 	C:\WINDOWS\system32\SHLWAPI.dll
0x00007ffb26410000 - 0x00007ffb265c7000 	C:\WINDOWS\SYSTEM32\urlmon.dll
0x00007ffb389f0000 - 0x00007ffb38aa5000 	C:\WINDOWS\system32\shcore.dll
0x00007ffb2acf0000 - 0x00007ffb2b074000 	C:\WINDOWS\SYSTEM32\iertutil.dll
0x00007ffb38f30000 - 0x00007ffb39574000 	C:\WINDOWS\system32\windows.storage.dll
0x00007ffb388f0000 - 0x00007ffb388ff000 	C:\WINDOWS\system32\kernel.appcore.dll
0x00007ffb38900000 - 0x00007ffb3894b000 	C:\WINDOWS\system32\powrprof.dll
0x00007ffb388d0000 - 0x00007ffb388e4000 	C:\WINDOWS\system32\profapi.dll
0x00007ffb39930000 - 0x00007ffb3ae8c000 	C:\WINDOWS\system32\SHELL32.dll
0x00007ffb37dc0000 - 0x00007ffb37df1000 	C:\WINDOWS\SYSTEM32\ntmarta.dll
0x00007ffb38550000 - 0x00007ffb3857d000 	C:\WINDOWS\SYSTEM32\SspiCli.dll
0x00007ffb27140000 - 0x00007ffb27155000 	C:\WINDOWS\SYSTEM32\ondemandconnroutehelper.dll
0x00007ffb34f10000 - 0x00007ffb34f48000 	C:\WINDOWS\SYSTEM32\IPHLPAPI.DLL
0x00007ffb2d530000 - 0x00007ffb2d5f8000 	C:\WINDOWS\SYSTEM32\winhttp.dll
0x00007ffb381a0000 - 0x00007ffb381fc000 	C:\WINDOWS\system32\mswsock.dll
0x00007ffb2ef50000 - 0x00007ffb2ef5b000 	C:\WINDOWS\SYSTEM32\WINNSI.DLL
0x00007ffb3b720000 - 0x00007ffb3b728000 	C:\WINDOWS\system32\NSI.dll
0x00007ffb37250000 - 0x00007ffb372fa000 	C:\WINDOWS\SYSTEM32\DNSAPI.dll
0x00007ffb2f4f0000 - 0x00007ffb2f506000 	C:\WINDOWS\SYSTEM32\dhcpcsvc6.DLL
0x00007ffb2f4b0000 - 0x00007ffb2f4ca000 	C:\WINDOWS\SYSTEM32\dhcpcsvc.DLL
0x00007ffb28ae0000 - 0x00007ffb28aea000 	C:\Windows\System32\rasadhlp.dll
0x0000000075210000 - 0x000000007521f000 	C:\Program Files\Java\jdk1.7.0_79\jre\bin\prism-d3d.dll
0x00007ffb1e540000 - 0x00007ffb1e750000 	C:\WINDOWS\system32\d3d9.dll
0x00007ffb362d0000 - 0x00007ffb362f2000 	C:\WINDOWS\SYSTEM32\dwmapi.dll
0x00007ffb37330000 - 0x00007ffb373c6000 	C:\WINDOWS\system32\uxtheme.dll
0x00007ffb01000000 - 0x00007ffb02e93000 	C:\WINDOWS\SYSTEM32\igdumdim64.dll
0x00007ffb3aea0000 - 0x00007ffb3b2c9000 	C:\WINDOWS\system32\SETUPAPI.dll
0x00000000751d0000 - 0x0000000075202000 	C:\Program Files\Java\jdk1.7.0_79\jre\bin\glass.dll
0x00007ffb3b730000 - 0x00007ffb3b83b000 	C:\WINDOWS\system32\COMDLG32.dll
0x00007ffb38960000 - 0x00007ffb389e6000 	C:\WINDOWS\system32\FirewallAPI.dll
0x00007ffb39580000 - 0x00007ffb39597000 	C:\WINDOWS\system32\NETAPI32.dll
0x00007ffb317f0000 - 0x00007ffb317fc000 	C:\WINDOWS\SYSTEM32\DAVHLPR.DLL
0x00007ffb37650000 - 0x00007ffb37682000 	C:\WINDOWS\SYSTEM32\fwbase.dll
0x00007ffb3b840000 - 0x00007ffb3b99a000 	C:\WINDOWS\system32\MSCTF.dll
0x00007ffb31880000 - 0x00007ffb326ef000 	C:\WINDOWS\SYSTEM32\igc64.dll
0x0000000075050000 - 0x00000000750a0000 	C:\Program Files\Java\jdk1.7.0_79\jre\bin\javafx-font.dll
0x00007ffb3c120000 - 0x00007ffb3c1c7000 	C:\WINDOWS\system32\clbcatq.dll
0x00007ffb35600000 - 0x00007ffb357b1000 	C:\WINDOWS\SYSTEM32\WindowsCodecs.dll
0x00007ffb1dae0000 - 0x00007ffb1db2a000 	C:\WINDOWS\system32\dataexchange.dll
0x00007ffb36b60000 - 0x00007ffb36c43000 	C:\WINDOWS\system32\dcomp.dll
0x00007ffb35ea0000 - 0x00007ffb36148000 	C:\WINDOWS\system32\d3d11.dll
0x00007ffb35da0000 - 0x00007ffb35e42000 	C:\WINDOWS\system32\dxgi.dll
0x00007ffb373f0000 - 0x00007ffb374f0000 	C:\WINDOWS\system32\twinapi.appcore.dll
0x00007ffb38800000 - 0x00007ffb38829000 	C:\WINDOWS\system32\bcrypt.dll
0x00007ffb0e600000 - 0x00007ffb0e634000 	C:\Program Files\Common Files\Microsoft Shared\Ink\rtscom.dll
0x0000000077e80000 - 0x0000000077e9a000 	C:\Program Files\Java\jdk1.7.0_79\jre\bin\net.dll
0x0000000075250000 - 0x00000000753e5000 	C:\Program Files\Java\jdk1.7.0_79\jre\bin\awt.dll
0x00007ffb370c0000 - 0x00007ffb37139000 	C:\WINDOWS\system32\apphelp.dll
0x00007ffb38250000 - 0x00007ffb38267000 	C:\WINDOWS\SYSTEM32\CRYPTSP.dll
0x00007ffb37ee0000 - 0x00007ffb37f14000 	C:\WINDOWS\system32\rsaenh.dll
0x00007ffb38030000 - 0x00007ffb3804f000 	C:\WINDOWS\SYSTEM32\USERENV.dll
0x00007ffb38370000 - 0x00007ffb3837b000 	C:\WINDOWS\SYSTEM32\CRYPTBASE.dll
0x00000000775b0000 - 0x00000000775c1000 	C:\Program Files\Java\jdk1.7.0_79\jre\bin\nio.dll
0x00007ffb25280000 - 0x00007ffb252a9000 	C:\Users\shnizle\AppData\Local\Temp\BridJExtractedLibraries1706255671075829142\bridj.dll
0x00007ffb0b160000 - 0x00007ffb0b196000 	C:\Users\shnizle\AppData\Local\Temp\BridJExtractedLibraries1706255671075829142\OpenIMAJGrabber.dll
0x00007ffb0f060000 - 0x00007ffb0f078000 	C:\Windows\System32\devenum.dll
0x00007ffb37300000 - 0x00007ffb37327000 	C:\WINDOWS\SYSTEM32\DEVOBJ.dll
0x00007ffb395a0000 - 0x00007ffb395f5000 	C:\WINDOWS\system32\WINTRUST.dll
0x00007ffb38950000 - 0x00007ffb38960000 	C:\WINDOWS\system32\MSASN1.dll
0x00007ffb38ab0000 - 0x00007ffb38c78000 	C:\WINDOWS\system32\CRYPT32.dll
0x00007ffb29400000 - 0x00007ffb2940a000 	C:\WINDOWS\SYSTEM32\msdmo.dll
0x00007ffb0a2d0000 - 0x00007ffb0a304000 	C:\Windows\System32\qcap.dll
0x00007ffafa040000 - 0x00007ffafa20e000 	C:\Windows\System32\quartz.dll
0x00007ffb09b50000 - 0x00007ffb09b9f000 	C:\Windows\System32\ksproxy.ax
0x00007ffb29de0000 - 0x00007ffb29de8000 	C:\Windows\System32\ksuser.dll
0x00007ffb35d30000 - 0x00007ffb35d85000 	C:\WINDOWS\SYSTEM32\policymanager.dll
0x00007ffb35bd0000 - 0x00007ffb35c62000 	C:\Windows\System32\msvcp110_win.dll
0x00007ffb2c730000 - 0x00007ffb2c73e000 	C:\Windows\System32\vidcap.ax
0x00007ffb16a90000 - 0x00007ffb16ab7000 	C:\Windows\System32\kswdmcap.ax
0x00007ffaf9ed0000 - 0x00007ffafa040000 	C:\Windows\System32\MFC42.dll
0x00007ffb0a370000 - 0x00007ffb0a420000 	C:\Windows\System32\ODBC32.dll
0x00007ffb37f20000 - 0x00007ffb37f2a000 	C:\Windows\System32\DPAPI.dll
0x00007ffb06080000 - 0x00007ffb0612b000 	C:\Windows\System32\qedit.dll
0x00007ffb0e780000 - 0x00007ffb0e7a9000 	C:\Windows\System32\MSVFW32.dll
0x00007ffb2fc90000 - 0x00007ffb2fe38000 	C:\WINDOWS\WinSxS\amd64_microsoft.windows.gdiplus_6595b64144ccf1df_1.1.10586.20_none_db007f1392e69ef4\gdiplus.dll
0x00007ffb1dcc0000 - 0x00007ffb1ddba000 	C:\Windows\System32\DDRAW.dll
0x00007ffb1d9e0000 - 0x00007ffb1d9e8000 	C:\Windows\System32\DCIMAN32.dll
0x00007ffb27690000 - 0x00007ffb2769c000 	C:\WINDOWS\SYSTEM32\msyuv.dll
0x000000006e740000 - 0x000000006fda5000 	C:\Users\shnizle\AppData\Local\Temp\xuggle\xuggle4029819795932095733.dll
0x00007ffb25aa0000 - 0x00007ffb25ab8000 	C:\WINDOWS\SYSTEM32\AVICAP32.dll
0x00007ffb31740000 - 0x00007ffb317ea000 	C:\WINDOWS\WinSxS\amd64_microsoft.windows.common-controls_6595b64144ccf1df_5.82.10586.0_none_396e892957c7fb25\comctl32.dll
0x0000000077560000 - 0x00000000775a7000 	C:\Program Files\Java\jdk1.7.0_79\jre\bin\fontmanager.dll
0x0000000077510000 - 0x0000000077551000 	C:\Program Files\Java\jdk1.7.0_79\jre\bin\t2k.dll
0x00007ffb36890000 - 0x00007ffb36a16000 	C:\WINDOWS\SYSTEM32\PROPSYS.dll
0x00007ffb36330000 - 0x00007ffb367c3000 	C:\Windows\System32\ActXPrxy.dll
0x00007ffb13290000 - 0x00007ffb133b7000 	C:\WINDOWS\system32\NetworkExplorer.dll
0x00007ffb24160000 - 0x00007ffb2417b000 	C:\WINDOWS\SYSTEM32\MPR.dll
0x00007ffb35240000 - 0x00007ffb3524b000 	C:\WINDOWS\System32\drprov.dll
0x00007ffb38700000 - 0x00007ffb38756000 	C:\WINDOWS\System32\WINSTA.dll
0x00007ffb29470000 - 0x00007ffb29486000 	C:\WINDOWS\System32\ntlanman.dll
0x00007ffb1b680000 - 0x00007ffb1b6a0000 	C:\WINDOWS\System32\davclnt.dll
0x00007ffb33c30000 - 0x00007ffb33c46000 	C:\WINDOWS\System32\wkscli.dll
0x00007ffb25fd0000 - 0x00007ffb25fe2000 	C:\WINDOWS\SYSTEM32\cscapi.dll
0x00007ffb37ce0000 - 0x00007ffb37cec000 	C:\WINDOWS\System32\netutils.dll
0x00007ffb06590000 - 0x00007ffb0660f000 	C:\Windows\System32\dlnashext.dll
0x00007ffaff7f0000 - 0x00007ffaff864000 	C:\Windows\System32\PlayToDevice.dll
0x00007ffb0ac00000 - 0x00007ffb0ac1f000 	C:\Windows\System32\DevDispItemProvider.dll

VM Arguments:
jvm_args: -Dfile.encoding=UTF-8 
java_command: C:\Users\shnizle\Documents\NetBeansProjects\Lec.2.0\dist\run1663416817\Lec.2.0.jar
Launcher Type: SUN_STANDARD

Environment Variables:
PATH=C:\Program Files (x86)\Intel\iCLS Client\;C:\Program Files\Intel\iCLS Client\;C:\Windows\system32;C:\Windows;C:\Windows\System32\Wbem;C:\Windows\System32\WindowsPowerShell\v1.0\;C:\Program Files (x86)\Intel\Intel(R) Management Engine Components\DAL;C:\Program Files\Intel\Intel(R) Management Engine Components\DAL;C:\Program Files (x86)\Intel\Intel(R) Management Engine Components\IPT;C:\Program Files\Intel\Intel(R) Management Engine Components\IPT;C:\Program Files (x86)\NVIDIA Corporation\PhysX\Common;C:\Program Files (x86)\Skype\Phone\;C:\WINDOWS\system32;C:\WINDOWS;C:\WINDOWS\System32\Wbem;C:\WINDOWS\System32\WindowsPowerShell\v1.0\;C:\Program Files (x86)\Common Files\Adobe\AGL;C:\Program Files\Intel\WiFi\bin\;C:\Program Files\Common Files\Intel\WirelessCommon\;C:\Program Files (x86)\nodejs\;C:\Program Files (x86)\MySQL\MySQL Fabric 1.5 & MySQL Utilities 1.5\;C:\Program Files (x86)\MySQL\MySQL Fabric 1.5 & MySQL Utilities 1.5\Doctrine extensions for PHP\;C:\Program Files (x86)\Java\jre7\bin;C:\Users\shnizle\AppData\Local\Programs\Git\cmd;C:\Program Files\Intel\WiFi\bin\;C:\Program Files\Common Files\Intel\WirelessCommon\;C:\Program Files\Java\jdk1.7.0_79\bin;C:\Program Files (x86)\Java\jre7\bin
USERNAME=shnizle
OS=Windows_NT
PROCESSOR_IDENTIFIER=Intel64 Family 6 Model 78 Stepping 3, GenuineIntel



---------------  S Y S T E M  ---------------

OS: Windows 8.1 , 64 bit Build 9600 

CPU:total 4 (2 cores per cpu, 2 threads per core) family 6 model 78 stepping 3, cmov, cx8, fxsr, mmx, sse, sse2, sse3, ssse3, sse4.1, sse4.2, popcnt, avx, avx2, aes, erms, ht, tsc, tscinvbit

Memory: 4k page, physical 16607712k(8206452k free), swap 23161312k(10014304k free)

vm_info: Java HotSpot(TM) 64-Bit Server VM (24.79-b02) for windows-amd64 JRE (1.7.0_79-b15), built on Apr 10 2015 12:36:16 by "java_re" with unknown MS VC++:1600

time: Mon Jul 04 02:06:17 2016
elapsed time: 143 seconds

