#
# A fatal error has been detected by the Java Runtime Environment:
#
#  EXCEPTION_ACCESS_VIOLATION (0xc0000005) at pc=0x000000006eef08b0, pid=3192, tid=10480
#
# JRE version: Java(TM) SE Runtime Environment (7.0_79-b15) (build 1.7.0_79-b15)
# Java VM: Java HotSpot(TM) 64-Bit Server VM (24.79-b02 mixed mode windows-amd64 compressed oops)
# Problematic frame:
# C  0x000000006eef08b0
#
# Failed to write core dump. Minidumps are not enabled by default on client versions of Windows
#
# If you would like to submit a bug report, please visit:
#   http://bugreport.java.com/bugreport/crash.jsp
# The crash happened outside the Java Virtual Machine in native code.
# See problematic frame for where to report the bug.
#

---------------  T H R E A D  ---------------

Current thread (0x000000001686c800):  JavaThread "Thread-9" [_thread_in_native, id=10480, stack(0x000000001aaa0000,0x000000001aba0000)]

siginfo: ExceptionCode=0xc0000005, reading address 0x00000000000025fc

Registers:
RAX=0x00000000164d9060, RBX=0x00000000219ab880, RCX=0x0000000000001fa0, RDX=0x0000000000000000
RSP=0x000000001ab9e5e0, RBP=0x000000002087c2b0, RSI=0x0000000000000000, RDI=0x0000000000000004
R8 =0x0000000000003fe8, R9 =0x0000000000000004, R10=0x000000001ab9e510, R11=0x000000002521d500
R12=0x0000000000000000, R13=0x0000000000000046, R14=0x0000000000000000, R15=0x0000000000000048
RIP=0x000000006eef08b0, EFLAGS=0x0000000000010246

Top of Stack: (sp=0x000000001ab9e5e0)
0x000000001ab9e5e0:   0000000000000000 0000000000000000
0x000000001ab9e5f0:   0000000000000000 0000000000000000
0x000000001ab9e600:   00000000c166d4fe 0000000000000000
0x000000001ab9e610:   000000000000000e 000000006eeeec8f
0x000000001ab9e620:   000000001686c800 00000000023f0567
0x000000001ab9e630:   000000001ab9e960 000000007144f83e
0x000000001ab9e640:   000000001ab9e960 000000001ab9e800
0x000000001ab9e650:   000000001686c800 0000000000000000
0x000000001ab9e660:   77777b7a787a7977 959696979896999b
0x000000001ab9e670:   7b7b7b7978787976 979b9a989694989a
0x000000001ab9e680:   7b7b7a7a7b7b7777 9c9b989599999a9a
0x000000001ab9e690:   7878777a7a797777 999a9b9a9a9b9b9a
0x000000001ab9e6a0:   787a7a7a7a777778 9a9b979493989b9b
0x000000001ab9e6b0:   767a787777757678 9d9c9b96989b9a99
0x000000001ab9e6c0:   7776777979797777 9b9a9895989b9a99
0x000000001ab9e6d0:   76767a7b7b78767a 939899959a9a9795 

Instructions: (pc=0x000000006eef08b0)
0x000000006eef0890:   6a 5e 00 83 ea 01 f3 0f 10 50 04 48 63 d2 f3 0f
0x000000006eef08a0:   59 d3 85 f6 48 8b 94 d5 90 50 00 00 66 0f 5a f0
0x000000006eef08b0:   f3 0f 2a 8a fc 25 00 00 f3 0f 59 08 f3 0f 58 48
0x000000006eef08c0:   0c f3 0f 59 d6 f3 0f 59 f3 f3 0f 5e ca 0f 14 c9 


Register to memory mapping:

RAX=0x00000000164d9060 is an unknown value
RBX=0x00000000219ab880 is an unknown value
RCX=0x0000000000001fa0 is an unknown value
RDX=0x0000000000000000 is an unknown value
RSP=0x000000001ab9e5e0 is pointing into the stack for thread: 0x000000001686c800
RBP=0x000000002087c2b0 is an unknown value
RSI=0x0000000000000000 is an unknown value
RDI=0x0000000000000004 is an unknown value
R8 =0x0000000000003fe8 is an unknown value
R9 =0x0000000000000004 is an unknown value
R10=0x000000001ab9e510 is pointing into the stack for thread: 0x000000001686c800
R11=0x000000002521d500 is an unknown value
R12=0x0000000000000000 is an unknown value
R13=0x0000000000000046 is an unknown value
R14=0x0000000000000000 is an unknown value
R15=0x0000000000000048 is an unknown value


Stack: [0x000000001aaa0000,0x000000001aba0000],  sp=0x000000001ab9e5e0,  free space=1017k
Native frames: (J=compiled Java code, j=interpreted, Vv=VM code, C=native code)
C  0x000000006eef08b0

Java frames: (J=compiled Java code, j=interpreted, Vv=VM code)
j  com.xuggle.xuggler.XugglerJNI.IStreamCoder_encodeVideo(JLcom/xuggle/xuggler/IStreamCoder;JLcom/xuggle/xuggler/IPacket;JLcom/xuggle/xuggler/IVideoPicture;I)I+0
j  com.xuggle.xuggler.IStreamCoder.encodeVideo(Lcom/xuggle/xuggler/IPacket;Lcom/xuggle/xuggler/IVideoPicture;I)I+16
j  com.xuggle.mediatool.MediaWriter.encodeVideo(ILcom/xuggle/xuggler/IVideoPicture;Ljava/awt/image/BufferedImage;)V+141
j  com.xuggle.mediatool.MediaWriter.encodeVideo(ILcom/xuggle/xuggler/IVideoPicture;)V+4
j  lecturus.main.RecordSessionController$1.run()V+195
v  ~StubRoutines::call_stub

---------------  P R O C E S S  ---------------

Java Threads: ( => current thread )
  0x0000000016871000 JavaThread "Keep-Alive-Timer" daemon [_thread_blocked, id=10408, stack(0x000000001afa0000,0x000000001b0a0000)]
  0x000000001686e000 JavaThread "Prism Font Disposer" daemon [_thread_blocked, id=12188, stack(0x000000001aca0000,0x000000001ada0000)]
=>0x000000001686c800 JavaThread "Thread-9" [_thread_in_native, id=10480, stack(0x000000001aaa0000,0x000000001aba0000)]
  0x000000001686f800 JavaThread "Java Sound Event Dispatcher" daemon [_thread_blocked, id=5068, stack(0x000000001a6a0000,0x000000001a7a0000)]
  0x000000001686c000 JavaThread "webcam-updater-thread-1" daemon [_thread_blocked, id=13120, stack(0x000000001a3a0000,0x000000001a4a0000)]
  0x000000001686f000 JavaThread "frames-refresher-[0]" daemon [_thread_blocked, id=1552, stack(0x000000001a2a0000,0x000000001a3a0000)]
  0x000000001686d800 JavaThread "webcam-lock-[TOSHIBA Web Camera - HD 0]" daemon [_thread_blocked, id=12184, stack(0x0000000019b20000,0x0000000019c20000)]
  0x0000000016872800 JavaThread "webcam-discovery-service" daemon [_thread_blocked, id=10604, stack(0x0000000019a20000,0x0000000019b20000)]
  0x0000000016872000 JavaThread "atomic-processor-1" daemon [_thread_in_native, id=13584, stack(0x00000000197c0000,0x00000000198c0000)]
  0x0000000016870800 JavaThread "Swing-Shell" daemon [_thread_blocked, id=3416, stack(0x0000000018b40000,0x0000000018c40000)]
  0x00000000166c4000 JavaThread "AWT-Windows" daemon [_thread_in_native, id=10984, stack(0x0000000017080000,0x0000000017180000)]
  0x000000001684b000 JavaThread "Java2D Disposer" daemon [_thread_blocked, id=7080, stack(0x0000000016e80000,0x0000000016f80000)]
  0x0000000010e1c800 JavaThread "Thread-3" daemon [_thread_in_native, id=8948, stack(0x00000000163a0000,0x00000000164a0000)]
  0x0000000010de3000 JavaThread "JavaFX Application Thread" [_thread_in_native, id=13004, stack(0x0000000011d10000,0x0000000011e10000)]
  0x0000000010d5d000 JavaThread "Thread-2" daemon [_thread_blocked, id=8340, stack(0x0000000011c10000,0x0000000011d10000)]
  0x0000000010d00000 JavaThread "Disposer" daemon [_thread_blocked, id=3312, stack(0x0000000011b10000,0x0000000011c10000)]
  0x0000000010c63000 JavaThread "QuantumRenderer-0" daemon [_thread_blocked, id=6372, stack(0x0000000011860000,0x0000000011960000)]
  0x0000000010d4c800 JavaThread "JavaFX-Launcher" [_thread_blocked, id=9884, stack(0x0000000011760000,0x0000000011860000)]
  0x0000000010c34800 JavaThread "traceMsgQueueThread" daemon [_thread_blocked, id=3844, stack(0x0000000010ee0000,0x0000000010fe0000)]
  0x000000000f17c000 JavaThread "Service Thread" daemon [_thread_blocked, id=1688, stack(0x00000000108e0000,0x00000000109e0000)]
  0x000000000f175800 JavaThread "C2 CompilerThread1" daemon [_thread_blocked, id=13856, stack(0x00000000107e0000,0x00000000108e0000)]
  0x000000000f172800 JavaThread "C2 CompilerThread0" daemon [_thread_blocked, id=1616, stack(0x00000000106e0000,0x00000000107e0000)]
  0x000000000f171800 JavaThread "Attach Listener" daemon [_thread_blocked, id=11096, stack(0x00000000105e0000,0x00000000106e0000)]
  0x000000000f16e800 JavaThread "Signal Dispatcher" daemon [_thread_blocked, id=4356, stack(0x00000000104e0000,0x00000000105e0000)]
  0x000000000f13f000 JavaThread "Finalizer" daemon [_thread_blocked, id=7304, stack(0x00000000103e0000,0x00000000104e0000)]
  0x000000000f136000 JavaThread "Reference Handler" daemon [_thread_blocked, id=3756, stack(0x00000000102e0000,0x00000000103e0000)]
  0x00000000021be000 JavaThread "main" [_thread_blocked, id=12992, stack(0x00000000021f0000,0x00000000022f0000)]

Other Threads:
  0x000000000f132000 VMThread [stack: 0x00000000101e0000,0x00000000102e0000] [id=4576]
  0x000000000f192800 WatcherThread [stack: 0x00000000109e0000,0x0000000010ae0000] [id=3988]

VM state:not at safepoint (normal execution)

VM Mutex/Monitor currently owned by a thread: None

Heap
 PSYoungGen      total 88576K, used 76327K [0x00000007ab800000, 0x00000007b9300000, 0x0000000800000000)
  eden space 86528K, 86% used [0x00000007ab800000,0x00000007b00f7a18,0x00000007b0c80000)
  from space 2048K, 78% used [0x00000007b8700000,0x00000007b8892490,0x00000007b8900000)
  to   space 6144K, 0% used [0x00000007b8d00000,0x00000007b8d00000,0x00000007b9300000)
 ParOldGen       total 173056K, used 6022K [0x0000000702800000, 0x000000070d100000, 0x00000007ab800000)
  object space 173056K, 3% used [0x0000000702800000,0x0000000702de1a70,0x000000070d100000)
 PSPermGen       total 25600K, used 25163K [0x00000006fd600000, 0x00000006fef00000, 0x0000000702800000)
  object space 25600K, 98% used [0x00000006fd600000,0x00000006fee92e88,0x00000006fef00000)

Card table byte_map: [0x00000000054b0000,0x0000000005cd0000] byte_map_base: 0x0000000001cc5000

Polling page: 0x0000000000500000

Code Cache  [0x00000000023f0000, 0x0000000002660000, 0x00000000053f0000)
 total_blobs=984 nmethods=249 adapters=687 free_code_cache=47966Kb largest_free_block=49017792

Compilation events (10 events):
Event: 25.137 Thread 0x000000000f175800  260             com.sun.prism.d3d.D3DResource$D3DRecord::getContext (5 bytes)
Event: 25.137 Thread 0x000000000f175800 nmethod 260 0x000000000252f550 code [0x000000000252f680, 0x000000000252f6f8]
Event: 25.365 Thread 0x000000000f172800  261             java.awt.image.BufferedImage::getColorModel (5 bytes)
Event: 25.365 Thread 0x000000000f172800 nmethod 261 0x0000000002530490 code [0x00000000025305c0, 0x0000000002530638]
Event: 25.513 Thread 0x000000000f175800  262             sun.awt.image.SunWritableRaster::stealTrackable (10 bytes)
Event: 25.513 Thread 0x000000000f172800  263             java.awt.image.DataBuffer$1::getTrackable (5 bytes)
Event: 25.513 Thread 0x000000000f172800 nmethod 263 0x0000000002530250 code [0x0000000002530380, 0x00000000025303f8]
Event: 25.513 Thread 0x000000000f175800 nmethod 262 0x000000000252ff90 code [0x00000000025300e0, 0x0000000002530178]
Event: 26.241 Thread 0x000000000f172800  264             java.lang.Math::floor (5 bytes)
Event: 26.242 Thread 0x000000000f172800 nmethod 264 0x000000000252a950 code [0x000000000252aac0, 0x000000000252ab98]

GC Heap History (10 events):
Event: 20.721 GC heap before
{Heap before GC invocations=17 (full 0):
 PSYoungGen      total 100352K, used 99832K [0x00000007ab800000, 0x00000007ba180000, 0x0000000800000000)
  eden space 98816K, 99% used [0x00000007ab800000,0x00000007b186a588,0x00000007b1880000)
  from space 1536K, 71% used [0x00000007ba000000,0x00000007ba113c40,0x00000007ba180000)
  to   space 7680K, 0% used [0x00000007b9280000,0x00000007b9280000,0x00000007b9a00000)
 ParOldGen       total 173056K, used 4905K [0x0000000702800000, 0x000000070d100000, 0x00000007ab800000)
  object space 173056K, 2% used [0x0000000702800000,0x0000000702cca7d0,0x000000070d100000)
 PSPermGen       total 24064K, used 23981K [0x00000006fd600000, 0x00000006fed80000, 0x0000000702800000)
  object space 24064K, 99% used [0x00000006fd600000,0x00000006fed6b600,0x00000006fed80000)
Event: 20.722 GC heap after
Heap after GC invocations=17 (full 0):
 PSYoungGen      total 97792K, used 1103K [0x00000007ab800000, 0x00000007ba080000, 0x0000000800000000)
  eden space 96256K, 0% used [0x00000007ab800000,0x00000007ab800000,0x00000007b1600000)
  from space 1536K, 71% used [0x00000007b9280000,0x00000007b9393c40,0x00000007b9400000)
  to   space 7680K, 0% used [0x00000007b9900000,0x00000007b9900000,0x00000007ba080000)
 ParOldGen       total 173056K, used 4921K [0x0000000702800000, 0x000000070d100000, 0x00000007ab800000)
  object space 173056K, 2% used [0x0000000702800000,0x0000000702cce7d0,0x000000070d100000)
 PSPermGen       total 24064K, used 23981K [0x00000006fd600000, 0x00000006fed80000, 0x0000000702800000)
  object space 24064K, 99% used [0x00000006fd600000,0x00000006fed6b600,0x00000006fed80000)
}
Event: 21.353 GC heap before
{Heap before GC invocations=18 (full 0):
 PSYoungGen      total 97792K, used 97209K [0x00000007ab800000, 0x00000007ba080000, 0x0000000800000000)
  eden space 96256K, 99% used [0x00000007ab800000,0x00000007b15da8b8,0x00000007b1600000)
  from space 1536K, 71% used [0x00000007b9280000,0x00000007b9393c40,0x00000007b9400000)
  to   space 7680K, 0% used [0x00000007b9900000,0x00000007b9900000,0x00000007ba080000)
 ParOldGen       total 173056K, used 4921K [0x0000000702800000, 0x000000070d100000, 0x00000007ab800000)
  object space 173056K, 2% used [0x0000000702800000,0x0000000702cce7d0,0x000000070d100000)
 PSPermGen       total 24576K, used 24130K [0x00000006fd600000, 0x00000006fee00000, 0x0000000702800000)
  object space 24576K, 98% used [0x00000006fd600000,0x00000006fed90b70,0x00000006fee00000)
Event: 21.354 GC heap after
Heap after GC invocations=18 (full 0):
 PSYoungGen      total 94720K, used 904K [0x00000007ab800000, 0x00000007b9a00000, 0x0000000800000000)
  eden space 93696K, 0% used [0x00000007ab800000,0x00000007ab800000,0x00000007b1380000)
  from space 1024K, 88% used [0x00000007b9900000,0x00000007b99e2048,0x00000007b9a00000)
  to   space 7168K, 0% used [0x00000007b8c00000,0x00000007b8c00000,0x00000007b9300000)
 ParOldGen       total 173056K, used 4929K [0x0000000702800000, 0x000000070d100000, 0x00000007ab800000)
  object space 173056K, 2% used [0x0000000702800000,0x0000000702cd07d0,0x000000070d100000)
 PSPermGen       total 24576K, used 24130K [0x00000006fd600000, 0x00000006fee00000, 0x0000000702800000)
  object space 24576K, 98% used [0x00000006fd600000,0x00000006fed90b70,0x00000006fee00000)
}
Event: 22.050 GC heap before
{Heap before GC invocations=19 (full 0):
 PSYoungGen      total 94720K, used 94538K [0x00000007ab800000, 0x00000007b9a00000, 0x0000000800000000)
  eden space 93696K, 99% used [0x00000007ab800000,0x00000007b13707e0,0x00000007b1380000)
  from space 1024K, 88% used [0x00000007b9900000,0x00000007b99e2048,0x00000007b9a00000)
  to   space 7168K, 0% used [0x00000007b8c00000,0x00000007b8c00000,0x00000007b9300000)
 ParOldGen       total 173056K, used 4929K [0x0000000702800000, 0x000000070d100000, 0x00000007ab800000)
  object space 173056K, 2% used [0x0000000702800000,0x0000000702cd07d0,0x000000070d100000)
 PSPermGen       total 24576K, used 24494K [0x00000006fd600000, 0x00000006fee00000, 0x0000000702800000)
  object space 24576K, 99% used [0x00000006fd600000,0x00000006fedeba38,0x00000006fee00000)
Event: 22.051 GC heap after
Heap after GC invocations=19 (full 0):
 PSYoungGen      total 92672K, used 1530K [0x00000007ab800000, 0x00000007b9980000, 0x0000000800000000)
  eden space 91136K, 0% used [0x00000007ab800000,0x00000007ab800000,0x00000007b1100000)
  from space 1536K, 99% used [0x00000007b8c00000,0x00000007b8d7e840,0x00000007b8d80000)
  to   space 7168K, 0% used [0x00000007b9280000,0x00000007b9280000,0x00000007b9980000)
 ParOldGen       total 173056K, used 5003K [0x0000000702800000, 0x000000070d100000, 0x00000007ab800000)
  object space 173056K, 2% used [0x0000000702800000,0x0000000702ce2fe8,0x000000070d100000)
 PSPermGen       total 24576K, used 24494K [0x00000006fd600000, 0x00000006fee00000, 0x0000000702800000)
  object space 24576K, 99% used [0x00000006fd600000,0x00000006fedeba38,0x00000006fee00000)
}
Event: 22.669 GC heap before
{Heap before GC invocations=20 (full 0):
 PSYoungGen      total 92672K, used 92627K [0x00000007ab800000, 0x00000007b9980000, 0x0000000800000000)
  eden space 91136K, 99% used [0x00000007ab800000,0x00000007b10f6618,0x00000007b1100000)
  from space 1536K, 99% used [0x00000007b8c00000,0x00000007b8d7e840,0x00000007b8d80000)
  to   space 7168K, 0% used [0x00000007b9280000,0x00000007b9280000,0x00000007b9980000)
 ParOldGen       total 173056K, used 5003K [0x0000000702800000, 0x000000070d100000, 0x00000007ab800000)
  object space 173056K, 2% used [0x0000000702800000,0x0000000702ce2fe8,0x000000070d100000)
 PSPermGen       total 24576K, used 24514K [0x00000006fd600000, 0x00000006fee00000, 0x0000000702800000)
  object space 24576K, 99% used [0x00000006fd600000,0x00000006fedf0bc8,0x00000006fee00000)
Event: 22.671 GC heap after
Heap after GC invocations=20 (full 0):
 PSYoungGen      total 90112K, used 1510K [0x00000007ab800000, 0x00000007b9400000, 0x0000000800000000)
  eden space 88576K, 0% used [0x00000007ab800000,0x00000007ab800000,0x00000007b0e80000)
  from space 1536K, 98% used [0x00000007b9280000,0x00000007b93f9850,0x00000007b9400000)
  to   space 6656K, 0% used [0x00000007b8700000,0x00000007b8700000,0x00000007b8d80000)
 ParOldGen       total 173056K, used 5690K [0x0000000702800000, 0x000000070d100000, 0x00000007ab800000)
  object space 173056K, 3% used [0x0000000702800000,0x0000000702d8ea60,0x000000070d100000)
 PSPermGen       total 24576K, used 24514K [0x00000006fd600000, 0x00000006fee00000, 0x0000000702800000)
  object space 24576K, 99% used [0x00000006fd600000,0x00000006fedf0bc8,0x00000006fee00000)
}
Event: 23.979 GC heap before
{Heap before GC invocations=21 (full 0):
 PSYoungGen      total 90112K, used 90030K [0x00000007ab800000, 0x00000007b9400000, 0x0000000800000000)
  eden space 88576K, 99% used [0x00000007ab800000,0x00000007b0e72098,0x00000007b0e80000)
  from space 1536K, 98% used [0x00000007b9280000,0x00000007b93f9850,0x00000007b9400000)
  to   space 6656K, 0% used [0x00000007b8700000,0x00000007b8700000,0x00000007b8d80000)
 ParOldGen       total 173056K, used 5690K [0x0000000702800000, 0x000000070d100000, 0x00000007ab800000)
  object space 173056K, 3% used [0x0000000702800000,0x0000000702d8ea60,0x000000070d100000)
 PSPermGen       total 25600K, used 25144K [0x00000006fd600000, 0x00000006fef00000, 0x0000000702800000)
  object space 25600K, 98% used [0x00000006fd600000,0x00000006fee8e360,0x00000006fef00000)
Event: 23.981 GC heap after
Heap after GC invocations=21 (full 0):
 PSYoungGen      total 88576K, used 1609K [0x00000007ab800000, 0x00000007b9300000, 0x0000000800000000)
  eden space 86528K, 0% used [0x00000007ab800000,0x00000007ab800000,0x00000007b0c80000)
  from space 2048K, 78% used [0x00000007b8700000,0x00000007b8892490,0x00000007b8900000)
  to   space 6144K, 0% used [0x00000007b8d00000,0x00000007b8d00000,0x00000007b9300000)
 ParOldGen       total 173056K, used 6022K [0x0000000702800000, 0x000000070d100000, 0x00000007ab800000)
  object space 173056K, 3% used [0x0000000702800000,0x0000000702de1a70,0x000000070d100000)
 PSPermGen       total 25600K, used 25144K [0x00000006fd600000, 0x00000006fef00000, 0x0000000702800000)
  object space 25600K, 98% used [0x00000006fd600000,0x00000006fee8e360,0x00000006fef00000)
}

Deoptimization events (10 events):
Event: 9.635 Thread 0x000000001686c800 Uncommon trap: reason=unreached action=reinterpret pc=0x00000000024dc83c method=java.awt.image.ComponentSampleModel.getDataElements(IILjava/lang/Object;Ljava/awt/image/DataBuffer;)Ljava/lang/Object; @ 101
Event: 9.705 Thread 0x0000000016872000 Uncommon trap: reason=predicate action=maybe_recompile pc=0x0000000002505f0c method=java.util.concurrent.SynchronousQueue$TransferQueue.awaitFulfill(Ljava/util/concurrent/SynchronousQueue$TransferQueue$QNode;Ljava/lang/Object;ZJ)Ljava/lang/Object; @ 48
Event: 9.744 Thread 0x0000000010de3000 Uncommon trap: reason=predicate action=maybe_recompile pc=0x000000000250aa50 method=java.util.Arrays.fill([Ljava/lang/Object;Ljava/lang/Object;)V @ 10
Event: 10.865 Thread 0x0000000010de3000 Uncommon trap: reason=array_check action=maybe_recompile pc=0x0000000002511034 method=java.util.Arrays.fill([Ljava/lang/Object;Ljava/lang/Object;)V @ 13
Event: 10.865 Thread 0x0000000010de3000 Uncommon trap: reason=array_check action=maybe_recompile pc=0x0000000002511034 method=java.util.Arrays.fill([Ljava/lang/Object;Ljava/lang/Object;)V @ 13
Event: 10.865 Thread 0x0000000010de3000 Uncommon trap: reason=array_check action=maybe_recompile pc=0x0000000002511034 method=java.util.Arrays.fill([Ljava/lang/Object;Ljava/lang/Object;)V @ 13
Event: 10.881 Thread 0x0000000010de3000 Uncommon trap: reason=array_check action=maybe_recompile pc=0x0000000002511034 method=java.util.Arrays.fill([Ljava/lang/Object;Ljava/lang/Object;)V @ 13
Event: 21.411 Thread 0x0000000010de3000 Uncommon trap: reason=unreached action=reinterpret pc=0x0000000002482cac method=com.sun.javafx.binding.ExpressionHelper.fireValueChangedEvent(Lcom/sun/javafx/binding/ExpressionHelper;)V @ 1
Event: 23.131 Thread 0x000000001686c800 Uncommon trap: reason=unreached action=reinterpret pc=0x000000000251fec0 method=java.lang.ThreadLocal$ThreadLocalMap.getEntryAfterMiss(Ljava/lang/ThreadLocal;ILjava/lang/ThreadLocal$ThreadLocalMap$Entry;)Ljava/lang/ThreadLocal$ThreadLocalMap$Entry; @ 12
Event: 23.134 Thread 0x000000001686c800 Uncommon trap: reason=bimorphic action=maybe_recompile pc=0x00000000024c93f8 method=java.util.Collections$UnmodifiableCollection.size()I @ 4

Internal exceptions (10 events):
Event: 3.968 Thread 0x0000000016872000 Threw 0x00000007addebb48 at C:\re\jdk7u79\2331\hotspot\src\share\vm\prims\jni.cpp:1632
Event: 3.968 Thread 0x0000000016872000 Threw 0x00000007addebcc0 at C:\re\jdk7u79\2331\hotspot\src\share\vm\prims\jni.cpp:1632
Event: 3.968 Thread 0x0000000016872000 Threw 0x00000007addf23b0 at C:\re\jdk7u79\2331\hotspot\src\share\vm\prims\jni.cpp:1632
Event: 3.968 Thread 0x0000000016872000 Threw 0x00000007addf2530 at C:\re\jdk7u79\2331\hotspot\src\share\vm\prims\jni.cpp:1632
Event: 8.575 Thread 0x0000000010de3000 Threw 0x00000007aec1c210 at C:\re\jdk7u79\2331\hotspot\src\share\vm\prims\jvm.cpp:1304
Event: 8.576 Thread 0x0000000010de3000 Threw 0x00000007aec25ba0 at C:\re\jdk7u79\2331\hotspot\src\share\vm\prims\jvm.cpp:1304
Event: 8.577 Thread 0x0000000010de3000 Threw 0x00000007aec29700 at C:\re\jdk7u79\2331\hotspot\src\share\vm\prims\jvm.cpp:1304
Event: 8.661 Thread 0x0000000010de3000 Implicit null exception at 0x00000000024cb38b to 0x00000000024cb489
Event: 9.546 Thread 0x0000000010de3000 Implicit null exception at 0x00000000024e6590 to 0x00000000024eb715
Event: 9.635 Thread 0x000000001686c800 Implicit null exception at 0x00000000024dbb9a to 0x00000000024dc821

Events (10 events):
Event: 23.984 Executing VM operation: RevokeBias
Event: 23.984 Executing VM operation: RevokeBias done
Event: 25.569 loading class 0x0000000017fcc670
Event: 25.569 loading class 0x0000000017fcc670 done
Event: 25.569 loading class 0x0000000017fcf3b0
Event: 25.569 loading class 0x0000000017fcf3b0 done
Event: 26.200 Executing VM operation: RevokeBias
Event: 26.200 Executing VM operation: RevokeBias done
Event: 26.200 Executing VM operation: RevokeBias
Event: 26.200 Executing VM operation: RevokeBias done


Dynamic libraries:
0x00007ff6f7720000 - 0x00007ff6f7753000 	C:\Program Files\Java\jdk1.7.0_79\jre\bin\java.exe
0x00007ffeb6e00000 - 0x00007ffeb6fc1000 	C:\WINDOWS\SYSTEM32\ntdll.dll
0x00007ffeb5260000 - 0x00007ffeb530d000 	C:\WINDOWS\system32\KERNEL32.DLL
0x00007ffeb3820000 - 0x00007ffeb3a08000 	C:\WINDOWS\system32\KERNELBASE.dll
0x00007ffeb49e0000 - 0x00007ffeb4a87000 	C:\WINDOWS\system32\ADVAPI32.dll
0x00007ffeb5370000 - 0x00007ffeb540d000 	C:\WINDOWS\system32\msvcrt.dll
0x00007ffeb5310000 - 0x00007ffeb536b000 	C:\WINDOWS\system32\sechost.dll
0x00007ffeb4210000 - 0x00007ffeb432c000 	C:\WINDOWS\system32\RPCRT4.dll
0x00007ffeb47b0000 - 0x00007ffeb4906000 	C:\WINDOWS\system32\USER32.dll
0x00007ffeb4520000 - 0x00007ffeb46a6000 	C:\WINDOWS\system32\GDI32.dll
0x00007ffeafaf0000 - 0x00007ffeafd64000 	C:\WINDOWS\WinSxS\amd64_microsoft.windows.common-controls_6595b64144ccf1df_6.0.10586.0_none_8c15ae12515e1c22\COMCTL32.dll
0x00007ffeb4e80000 - 0x00007ffeb50fd000 	C:\WINDOWS\system32\combase.dll
0x00007ffeb36a0000 - 0x00007ffeb370a000 	C:\WINDOWS\system32\bcryptPrimitives.dll
0x00007ffeb4770000 - 0x00007ffeb47ab000 	C:\WINDOWS\system32\IMM32.DLL
0x00000000711a0000 - 0x0000000071272000 	C:\Program Files\Java\jdk1.7.0_79\jre\bin\msvcr100.dll
0x0000000071280000 - 0x0000000071a55000 	C:\Program Files\Java\jdk1.7.0_79\jre\bin\server\jvm.dll
0x00007ffeb4200000 - 0x00007ffeb4208000 	C:\WINDOWS\system32\PSAPI.DLL
0x00007ffea1770000 - 0x00007ffea1779000 	C:\WINDOWS\SYSTEM32\WSOCK32.dll
0x00007ffeb1680000 - 0x00007ffeb16a3000 	C:\WINDOWS\SYSTEM32\WINMM.dll
0x00007ffeb4a90000 - 0x00007ffeb4afb000 	C:\WINDOWS\system32\WS2_32.dll
0x00000000021c0000 - 0x00000000021ec000 	C:\WINDOWS\SYSTEM32\WINMMBASE.dll
0x00007ffeb4120000 - 0x00007ffeb4163000 	C:\WINDOWS\system32\cfgmgr32.dll
0x0000000074390000 - 0x000000007439f000 	C:\Program Files\Java\jdk1.7.0_79\jre\bin\verify.dll
0x0000000073760000 - 0x0000000073788000 	C:\Program Files\Java\jdk1.7.0_79\jre\bin\java.dll
0x0000000073740000 - 0x0000000073755000 	C:\Program Files\Java\jdk1.7.0_79\jre\bin\zip.dll
0x0000000070e20000 - 0x0000000070e9c000 	C:\Program Files\Java\jdk1.7.0_79\jre\bin\deploy.dll
0x00007ffeb4b00000 - 0x00007ffeb4b1c000 	C:\WINDOWS\system32\imagehlp.dll
0x00007ffeb4b80000 - 0x00007ffeb4cc3000 	C:\WINDOWS\system32\ole32.dll
0x00007ffeb4440000 - 0x00007ffeb4501000 	C:\WINDOWS\system32\OLEAUT32.dll
0x00007ffea34f0000 - 0x00007ffea3799000 	C:\WINDOWS\SYSTEM32\WININET.dll
0x00007ffeafe20000 - 0x00007ffeafe2a000 	C:\WINDOWS\SYSTEM32\VERSION.dll
0x00007ffea21f0000 - 0x00007ffea23a7000 	C:\WINDOWS\SYSTEM32\urlmon.dll
0x00007ffeb6da0000 - 0x00007ffeb6df2000 	C:\WINDOWS\system32\SHLWAPI.dll
0x00007ffeb3a10000 - 0x00007ffeb3ac5000 	C:\WINDOWS\system32\shcore.dll
0x00007ffeaba80000 - 0x00007ffeabe03000 	C:\WINDOWS\SYSTEM32\iertutil.dll
0x00007ffeb3ad0000 - 0x00007ffeb4115000 	C:\WINDOWS\system32\windows.storage.dll
0x00007ffeb34a0000 - 0x00007ffeb34af000 	C:\WINDOWS\system32\kernel.appcore.dll
0x00007ffeb3430000 - 0x00007ffeb347b000 	C:\WINDOWS\system32\powrprof.dll
0x00007ffeb3480000 - 0x00007ffeb3494000 	C:\WINDOWS\system32\profapi.dll
0x00007ffeb5410000 - 0x00007ffeb696c000 	C:\WINDOWS\system32\SHELL32.dll
0x00007ffeb2910000 - 0x00007ffeb2941000 	C:\WINDOWS\SYSTEM32\ntmarta.dll
0x00007ffeb30a0000 - 0x00007ffeb30cd000 	C:\WINDOWS\SYSTEM32\SspiCli.dll
0x00007ffea2ad0000 - 0x00007ffea2ae5000 	C:\WINDOWS\SYSTEM32\ondemandconnroutehelper.dll
0x00007ffea9aa0000 - 0x00007ffea9ad8000 	C:\WINDOWS\SYSTEM32\IPHLPAPI.DLL
0x00007ffea6410000 - 0x00007ffea64d8000 	C:\WINDOWS\SYSTEM32\winhttp.dll
0x00007ffeb2cf0000 - 0x00007ffeb2d4c000 	C:\WINDOWS\system32\mswsock.dll
0x00007ffeb4510000 - 0x00007ffeb4518000 	C:\WINDOWS\system32\NSI.dll
0x00007ffeae5f0000 - 0x00007ffeae5fb000 	C:\WINDOWS\SYSTEM32\WINNSI.DLL
0x00007ffeb1e90000 - 0x00007ffeb1f3a000 	C:\WINDOWS\SYSTEM32\DNSAPI.dll
0x00007ffea9a10000 - 0x00007ffea9a26000 	C:\WINDOWS\SYSTEM32\dhcpcsvc6.DLL
0x00007ffea4800000 - 0x00007ffea480a000 	C:\Windows\System32\rasadhlp.dll
0x00007ffea99f0000 - 0x00007ffea9a0a000 	C:\WINDOWS\SYSTEM32\dhcpcsvc.DLL
0x0000000070e10000 - 0x0000000070e1f000 	C:\Program Files\Java\jdk1.7.0_79\jre\bin\prism-d3d.dll
0x00007ffe9d6b0000 - 0x00007ffe9d8c0000 	C:\WINDOWS\system32\d3d9.dll
0x00007ffeb0980000 - 0x00007ffeb09a2000 	C:\WINDOWS\SYSTEM32\dwmapi.dll
0x00007ffeb1da0000 - 0x00007ffeb1e36000 	C:\WINDOWS\system32\uxtheme.dll
0x00007ffe80480000 - 0x00007ffe82313000 	C:\WINDOWS\SYSTEM32\igdumdim64.dll
0x00007ffeb6970000 - 0x00007ffeb6d99000 	C:\WINDOWS\system32\SETUPAPI.dll
0x0000000070dd0000 - 0x0000000070e02000 	C:\Program Files\Java\jdk1.7.0_79\jre\bin\glass.dll
0x00007ffeb4330000 - 0x00007ffeb443b000 	C:\WINDOWS\system32\COMDLG32.dll
0x00007ffeb4170000 - 0x00007ffeb41f6000 	C:\WINDOWS\system32\FirewallAPI.dll
0x00007ffeb34b0000 - 0x00007ffeb34c7000 	C:\WINDOWS\system32\NETAPI32.dll
0x00007ffeaf880000 - 0x00007ffeaf88c000 	C:\WINDOWS\SYSTEM32\DAVHLPR.DLL
0x00007ffeb21a0000 - 0x00007ffeb21d2000 	C:\WINDOWS\SYSTEM32\fwbase.dll
0x00007ffeb5100000 - 0x00007ffeb525a000 	C:\WINDOWS\system32\MSCTF.dll
0x00007ffea9d40000 - 0x00007ffeaabaf000 	C:\WINDOWS\SYSTEM32\igc64.dll
0x0000000070fc0000 - 0x0000000071155000 	C:\Program Files\Java\jdk1.7.0_79\jre\bin\awt.dll
0x00007ffeb1bf0000 - 0x00007ffeb1c69000 	C:\WINDOWS\system32\apphelp.dll
0x00007ffeafa40000 - 0x00007ffeafaea000 	C:\WINDOWS\WinSxS\amd64_microsoft.windows.common-controls_6595b64144ccf1df_5.82.10586.0_none_396e892957c7fb25\comctl32.dll
0x0000000070f70000 - 0x0000000070fb7000 	C:\Program Files\Java\jdk1.7.0_79\jre\bin\fontmanager.dll
0x0000000071180000 - 0x000000007119a000 	C:\Program Files\Java\jdk1.7.0_79\jre\bin\net.dll
0x0000000071160000 - 0x0000000071171000 	C:\Program Files\Java\jdk1.7.0_79\jre\bin\nio.dll
0x0000000070f20000 - 0x0000000070f61000 	C:\Program Files\Java\jdk1.7.0_79\jre\bin\t2k.dll
0x00007ffeb46b0000 - 0x00007ffeb4757000 	C:\WINDOWS\system32\clbcatq.dll
0x00007ffeb1370000 - 0x00007ffeb14f6000 	C:\WINDOWS\SYSTEM32\PROPSYS.dll
0x00007ffeb0c00000 - 0x00007ffeb1093000 	C:\Windows\System32\ActXPrxy.dll
0x00007ffe8ceb0000 - 0x00007ffe8cfd7000 	C:\WINDOWS\system32\NetworkExplorer.dll
0x00007ffe9e5c0000 - 0x00007ffe9e5db000 	C:\WINDOWS\SYSTEM32\MPR.dll
0x00007ffeb03d0000 - 0x00007ffeb03db000 	C:\WINDOWS\System32\drprov.dll
0x00007ffeb30d0000 - 0x00007ffeb3126000 	C:\WINDOWS\System32\WINSTA.dll
0x00007ffea4040000 - 0x00007ffea4056000 	C:\WINDOWS\System32\ntlanman.dll
0x00007ffea3ff0000 - 0x00007ffea4010000 	C:\WINDOWS\System32\davclnt.dll
0x00007ffeaec00000 - 0x00007ffeaec16000 	C:\WINDOWS\System32\wkscli.dll
0x00007ffeb3360000 - 0x00007ffeb3389000 	C:\WINDOWS\System32\bcrypt.dll
0x00007ffea1c10000 - 0x00007ffea1c22000 	C:\WINDOWS\SYSTEM32\cscapi.dll
0x00007ffeb2830000 - 0x00007ffeb283c000 	C:\WINDOWS\System32\netutils.dll
0x00007ffe8e250000 - 0x00007ffe8e2cf000 	C:\Windows\System32\dlnashext.dll
0x00007ffe9f770000 - 0x00007ffe9f7e4000 	C:\Windows\System32\PlayToDevice.dll
0x00007ffeaf180000 - 0x00007ffeaf19f000 	C:\Windows\System32\DevDispItemProvider.dll
0x00007ffeb0190000 - 0x00007ffeb0200000 	C:\WINDOWS\System32\MMDevApi.dll
0x00007ffeb1e40000 - 0x00007ffeb1e67000 	C:\WINDOWS\System32\DEVOBJ.dll
0x00007ffe951f0000 - 0x00007ffe953f3000 	C:\WINDOWS\system32\wpdshext.dll
0x00007ffeaf890000 - 0x00007ffeafa38000 	C:\WINDOWS\WinSxS\amd64_microsoft.windows.gdiplus_6595b64144ccf1df_1.1.10586.20_none_db007f1392e69ef4\gdiplus.dll
0x00007ffeb12c0000 - 0x00007ffeb1361000 	C:\Windows\System32\PortableDeviceApi.dll
0x00007ffeb3710000 - 0x00007ffeb3765000 	C:\WINDOWS\system32\WINTRUST.dll
0x00007ffeb3420000 - 0x00007ffeb3430000 	C:\WINDOWS\system32\MSASN1.dll
0x00007ffeb34d0000 - 0x00007ffeb3697000 	C:\WINDOWS\system32\CRYPT32.dll
0x00007ffe943c0000 - 0x00007ffe943f7000 	C:\Windows\System32\EhStorShell.dll
0x00007ffe9f740000 - 0x00007ffe9f766000 	C:\Windows\System32\EhStorAPI.dll
0x00007ffeb1500000 - 0x00007ffeb1513000 	C:\Windows\System32\WTSAPI32.dll
0x00007ffe9f100000 - 0x00007ffe9f10d000 	C:\WINDOWS\SYSTEM32\LINKINFO.dll
0x00007ffeb2da0000 - 0x00007ffeb2db7000 	C:\WINDOWS\SYSTEM32\CRYPTSP.dll
0x00007ffeb2a30000 - 0x00007ffeb2a64000 	C:\WINDOWS\system32\rsaenh.dll
0x00007ffeb2b80000 - 0x00007ffeb2b9f000 	C:\WINDOWS\SYSTEM32\USERENV.dll
0x00007ffeb2ec0000 - 0x00007ffeb2ecb000 	C:\WINDOWS\SYSTEM32\CRYPTBASE.dll
0x00007ffe988c0000 - 0x00007ffe988e9000 	C:\Users\shnizle\AppData\Local\Temp\BridJExtractedLibraries8508692218939424627\bridj.dll
0x00007ffe94d40000 - 0x00007ffe94d76000 	C:\Users\shnizle\AppData\Local\Temp\BridJExtractedLibraries8508692218939424627\OpenIMAJGrabber.dll
0x00007ffea2c40000 - 0x00007ffea2c58000 	C:\Windows\System32\devenum.dll
0x00007ffeb16c0000 - 0x00007ffeb16ca000 	C:\WINDOWS\SYSTEM32\msdmo.dll
0x00007ffe94d00000 - 0x00007ffe94d34000 	C:\Windows\System32\qcap.dll
0x00007ffe91850000 - 0x00007ffe91a1e000 	C:\Windows\System32\quartz.dll
0x00007ffe94cb0000 - 0x00007ffe94cff000 	C:\Windows\System32\ksproxy.ax
0x00007ffe9e4a0000 - 0x00007ffe9e4a8000 	C:\Windows\System32\ksuser.dll
0x00007ffeb1220000 - 0x00007ffeb1275000 	C:\WINDOWS\SYSTEM32\policymanager.dll
0x00007ffeb1130000 - 0x00007ffeb11c2000 	C:\Windows\System32\msvcp110_win.dll
0x00007ffea68d0000 - 0x00007ffea68de000 	C:\Windows\System32\vidcap.ax
0x00007ffe94c80000 - 0x00007ffe94ca7000 	C:\Windows\System32\kswdmcap.ax
0x00007ffe8fd50000 - 0x00007ffe8fec0000 	C:\Windows\System32\MFC42.dll
0x00007ffe94400000 - 0x00007ffe944b0000 	C:\Windows\System32\ODBC32.dll
0x00007ffeb2a70000 - 0x00007ffeb2a7a000 	C:\Windows\System32\DPAPI.dll
0x00007ffe92220000 - 0x00007ffe922cb000 	C:\Windows\System32\qedit.dll
0x00007ffe94c50000 - 0x00007ffe94c79000 	C:\Windows\System32\MSVFW32.dll
0x00007ffe97ac0000 - 0x00007ffe97bba000 	C:\Windows\System32\DDRAW.dll
0x00007ffe989a0000 - 0x00007ffe989a8000 	C:\Windows\System32\DCIMAN32.dll
0x00007ffea4080000 - 0x00007ffea408c000 	C:\WINDOWS\SYSTEM32\msyuv.dll
0x0000000070dc0000 - 0x0000000070dcc000 	C:\Program Files\Java\jdk1.7.0_79\jre\bin\jsound.dll
0x0000000070db0000 - 0x0000000070dbb000 	C:\Program Files\Java\jdk1.7.0_79\jre\bin\jsoundds.dll
0x00007ffe8da10000 - 0x00007ffe8daac000 	C:\WINDOWS\SYSTEM32\DSOUND.dll

VM Arguments:
jvm_args: -Dfile.encoding=UTF-8 
java_command: C:\Users\shnizle\Documents\NetBeansProjects\Lec.2.0\dist\run208343336\Lec.2.0.jar
Launcher Type: SUN_STANDARD

Environment Variables:
PATH=C:\ProgramData\Oracle\Java\javapath;C:\Program Files (x86)\Intel\iCLS Client\;C:\Program Files\Intel\iCLS Client\;C:\Windows\system32;C:\Windows;C:\Windows\System32\Wbem;C:\Windows\System32\WindowsPowerShell\v1.0\;C:\Program Files (x86)\Intel\Intel(R) Management Engine Components\DAL;C:\Program Files\Intel\Intel(R) Management Engine Components\DAL;C:\Program Files (x86)\Intel\Intel(R) Management Engine Components\IPT;C:\Program Files\Intel\Intel(R) Management Engine Components\IPT;C:\Program Files (x86)\NVIDIA Corporation\PhysX\Common;C:\Program Files (x86)\Skype\Phone\;C:\Program Files (x86)\nodejs\;C:\WINDOWS\system32;C:\WINDOWS;C:\WINDOWS\System32\Wbem;C:\WINDOWS\System32\WindowsPowerShell\v1.0\;C:\Program Files (x86)\Common Files\Adobe\AGL;C:\Program Files\Intel\WiFi\bin\;C:\Program Files\Common Files\Intel\WirelessCommon\;C:\Users\shnizle\AppData\Roaming\npm;C:\Program Files (x86)\Java\jre7\bin;C:\Users\shnizle\AppData\Local\Programs\Git\cmd;C:\Program Files\Intel\WiFi\bin\;C:\Program Files\Common Files\Intel\WirelessCommon\
USERNAME=shnizle
OS=Windows_NT
PROCESSOR_IDENTIFIER=Intel64 Family 6 Model 78 Stepping 3, GenuineIntel



---------------  S Y S T E M  ---------------

OS: Windows 8.1 , 64 bit Build 9600 

CPU:total 4 (2 cores per cpu, 2 threads per core) family 6 model 78 stepping 3, cmov, cx8, fxsr, mmx, sse, sse2, sse3, ssse3, sse4.1, sse4.2, popcnt, avx, avx2, aes, erms, ht, tsc, tscinvbit

Memory: 4k page, physical 16607712k(4813872k free), swap 23161312k(8281668k free)

vm_info: Java HotSpot(TM) 64-Bit Server VM (24.79-b02) for windows-amd64 JRE (1.7.0_79-b15), built on Apr 10 2015 12:36:16 by "java_re" with unknown MS VC++:1600

time: Wed Apr 06 19:47:19 2016
elapsed time: 27 seconds

